<?xml version="1.0" encoding="UTF-8"?>
<testsuite name="com.example.portfolio.PortfolioApplicationTests" tests="1" skipped="0" failures="0" errors="0" timestamp="2024-03-25T14:02:36" hostname="DESKTOP-MLF20ON" time="0.299">
  <properties/>
  <testcase name="contextLoads()" classname="com.example.portfolio.PortfolioApplicationTests" time="0.299"/>
  <system-out><![CDATA[23:02:32.866 [Test worker] INFO org.springframework.test.context.support.AnnotationConfigContextLoaderUtils -- Could not detect default configuration classes for test class [com.example.portfolio.PortfolioApplicationTests]: PortfolioApplicationTests does not declare any static, non-private, non-final, nested classes annotated with @Configuration.
23:02:32.922 [Test worker] INFO org.springframework.boot.test.context.SpringBootTestContextBootstrapper -- Found @SpringBootConfiguration com.example.portfolio.PortfolioApplication for test class com.example.portfolio.PortfolioApplicationTests

  .   ____          _            __ _ _
 /\\ / ___'_ __ _ _(_)_ __  __ _ \ \ \ \
( ( )\___ | '_ | '_| | '_ \/ _` | \ \ \ \
 \\/  ___)| |_)| | | | | || (_| |  ) ) ) )
  '  |____| .__|_| |_|_| |_\__, | / / / /
 =========|_|==============|___/=/_/_/_/
 :: Spring Boot ::                (v3.2.2)

2024-03-25T23:02:33.178+09:00  INFO 5108 --- [    Test worker] c.e.portfolio.PortfolioApplicationTests  : Starting PortfolioApplicationTests using Java 21.0.2 with PID 5108 (started by 82106 in C:\Users\82106\Desktop\protfolio\portfolio_back)
2024-03-25T23:02:33.180+09:00  INFO 5108 --- [    Test worker] c.e.portfolio.PortfolioApplicationTests  : The following 1 profile is active: "secret"
2024-03-25T23:02:33.658+09:00  INFO 5108 --- [    Test worker] .s.d.r.c.RepositoryConfigurationDelegate : Bootstrapping Spring Data JPA repositories in DEFAULT mode.
2024-03-25T23:02:33.670+09:00  INFO 5108 --- [    Test worker] .s.d.r.c.RepositoryConfigurationDelegate : Finished Spring Data repository scanning in 8 ms. Found 0 JPA repository interfaces.
2024-03-25T23:02:34.032+09:00  INFO 5108 --- [    Test worker] o.hibernate.jpa.internal.util.LogHelper  : HHH000204: Processing PersistenceUnitInfo [name: default]
2024-03-25T23:02:34.087+09:00  INFO 5108 --- [    Test worker] org.hibernate.Version                    : HHH000412: Hibernate ORM core version 6.4.1.Final
2024-03-25T23:02:34.110+09:00  INFO 5108 --- [    Test worker] o.h.c.internal.RegionFactoryInitiator    : HHH000026: Second-level cache disabled
2024-03-25T23:02:34.150+09:00 DEBUG 5108 --- [    Test worker] org.hibernate.type.BasicTypeRegistry     : Adding type registration boolean -> org.hibernate.type.BasicTypeReference@295b07e0
2024-03-25T23:02:34.150+09:00 DEBUG 5108 --- [    Test worker] org.hibernate.type.BasicTypeRegistry     : Adding type registration boolean -> org.hibernate.type.BasicTypeReference@295b07e0
2024-03-25T23:02:34.150+09:00 DEBUG 5108 --- [    Test worker] org.hibernate.type.BasicTypeRegistry     : Adding type registration java.lang.Boolean -> org.hibernate.type.BasicTypeReference@295b07e0
2024-03-25T23:02:34.151+09:00 DEBUG 5108 --- [    Test worker] org.hibernate.type.BasicTypeRegistry     : Adding type registration numeric_boolean -> org.hibernate.type.BasicTypeReference@55053f81
2024-03-25T23:02:34.151+09:00 DEBUG 5108 --- [    Test worker] org.hibernate.type.BasicTypeRegistry     : Adding type registration org.hibernate.type.NumericBooleanConverter -> org.hibernate.type.BasicTypeReference@55053f81
2024-03-25T23:02:34.151+09:00 DEBUG 5108 --- [    Test worker] org.hibernate.type.BasicTypeRegistry     : Adding type registration true_false -> org.hibernate.type.BasicTypeReference@1fee4278
2024-03-25T23:02:34.151+09:00 DEBUG 5108 --- [    Test worker] org.hibernate.type.BasicTypeRegistry     : Adding type registration org.hibernate.type.TrueFalseConverter -> org.hibernate.type.BasicTypeReference@1fee4278
2024-03-25T23:02:34.151+09:00 DEBUG 5108 --- [    Test worker] org.hibernate.type.BasicTypeRegistry     : Adding type registration yes_no -> org.hibernate.type.BasicTypeReference@51132514
2024-03-25T23:02:34.151+09:00 DEBUG 5108 --- [    Test worker] org.hibernate.type.BasicTypeRegistry     : Adding type registration org.hibernate.type.YesNoConverter -> org.hibernate.type.BasicTypeReference@51132514
2024-03-25T23:02:34.151+09:00 DEBUG 5108 --- [    Test worker] org.hibernate.type.BasicTypeRegistry     : Adding type registration byte -> org.hibernate.type.BasicTypeReference@20864cd1
2024-03-25T23:02:34.151+09:00 DEBUG 5108 --- [    Test worker] org.hibernate.type.BasicTypeRegistry     : Adding type registration byte -> org.hibernate.type.BasicTypeReference@20864cd1
2024-03-25T23:02:34.151+09:00 DEBUG 5108 --- [    Test worker] org.hibernate.type.BasicTypeRegistry     : Adding type registration java.lang.Byte -> org.hibernate.type.BasicTypeReference@20864cd1
2024-03-25T23:02:34.151+09:00 DEBUG 5108 --- [    Test worker] org.hibernate.type.BasicTypeRegistry     : Adding type registration binary -> org.hibernate.type.BasicTypeReference@5c839677
2024-03-25T23:02:34.151+09:00 DEBUG 5108 --- [    Test worker] org.hibernate.type.BasicTypeRegistry     : Adding type registration byte[] -> org.hibernate.type.BasicTypeReference@5c839677
2024-03-25T23:02:34.151+09:00 DEBUG 5108 --- [    Test worker] org.hibernate.type.BasicTypeRegistry     : Adding type registration [B -> org.hibernate.type.BasicTypeReference@5c839677
2024-03-25T23:02:34.151+09:00 DEBUG 5108 --- [    Test worker] org.hibernate.type.BasicTypeRegistry     : Adding type registration binary_wrapper -> org.hibernate.type.BasicTypeReference@3193e21d
2024-03-25T23:02:34.151+09:00 DEBUG 5108 --- [    Test worker] org.hibernate.type.BasicTypeRegistry     : Adding type registration wrapper-binary -> org.hibernate.type.BasicTypeReference@3193e21d
2024-03-25T23:02:34.152+09:00 DEBUG 5108 --- [    Test worker] org.hibernate.type.BasicTypeRegistry     : Adding type registration image -> org.hibernate.type.BasicTypeReference@79604abe
2024-03-25T23:02:34.152+09:00 DEBUG 5108 --- [    Test worker] org.hibernate.type.BasicTypeRegistry     : Adding type registration blob -> org.hibernate.type.BasicTypeReference@6b126187
2024-03-25T23:02:34.152+09:00 DEBUG 5108 --- [    Test worker] org.hibernate.type.BasicTypeRegistry     : Adding type registration java.sql.Blob -> org.hibernate.type.BasicTypeReference@6b126187
2024-03-25T23:02:34.152+09:00 DEBUG 5108 --- [    Test worker] org.hibernate.type.BasicTypeRegistry     : Adding type registration materialized_blob -> org.hibernate.type.BasicTypeReference@2b6262bc
2024-03-25T23:02:34.152+09:00 DEBUG 5108 --- [    Test worker] org.hibernate.type.BasicTypeRegistry     : Adding type registration materialized_blob_wrapper -> org.hibernate.type.BasicTypeReference@5cffec7
2024-03-25T23:02:34.152+09:00 DEBUG 5108 --- [    Test worker] org.hibernate.type.BasicTypeRegistry     : Adding type registration short -> org.hibernate.type.BasicTypeReference@7e81617a
2024-03-25T23:02:34.152+09:00 DEBUG 5108 --- [    Test worker] org.hibernate.type.BasicTypeRegistry     : Adding type registration short -> org.hibernate.type.BasicTypeReference@7e81617a
2024-03-25T23:02:34.152+09:00 DEBUG 5108 --- [    Test worker] org.hibernate.type.BasicTypeRegistry     : Adding type registration java.lang.Short -> org.hibernate.type.BasicTypeReference@7e81617a
2024-03-25T23:02:34.152+09:00 DEBUG 5108 --- [    Test worker] org.hibernate.type.BasicTypeRegistry     : Adding type registration integer -> org.hibernate.type.BasicTypeReference@6e73974
2024-03-25T23:02:34.152+09:00 DEBUG 5108 --- [    Test worker] org.hibernate.type.BasicTypeRegistry     : Adding type registration int -> org.hibernate.type.BasicTypeReference@6e73974
2024-03-25T23:02:34.152+09:00 DEBUG 5108 --- [    Test worker] org.hibernate.type.BasicTypeRegistry     : Adding type registration java.lang.Integer -> org.hibernate.type.BasicTypeReference@6e73974
2024-03-25T23:02:34.152+09:00 DEBUG 5108 --- [    Test worker] org.hibernate.type.BasicTypeRegistry     : Adding type registration long -> org.hibernate.type.BasicTypeReference@3e28dc96
2024-03-25T23:02:34.152+09:00 DEBUG 5108 --- [    Test worker] org.hibernate.type.BasicTypeRegistry     : Adding type registration long -> org.hibernate.type.BasicTypeReference@3e28dc96
2024-03-25T23:02:34.152+09:00 DEBUG 5108 --- [    Test worker] org.hibernate.type.BasicTypeRegistry     : Adding type registration java.lang.Long -> org.hibernate.type.BasicTypeReference@3e28dc96
2024-03-25T23:02:34.153+09:00 DEBUG 5108 --- [    Test worker] org.hibernate.type.BasicTypeRegistry     : Adding type registration float -> org.hibernate.type.BasicTypeReference@44eb2452
2024-03-25T23:02:34.153+09:00 DEBUG 5108 --- [    Test worker] org.hibernate.type.BasicTypeRegistry     : Adding type registration float -> org.hibernate.type.BasicTypeReference@44eb2452
2024-03-25T23:02:34.153+09:00 DEBUG 5108 --- [    Test worker] org.hibernate.type.BasicTypeRegistry     : Adding type registration java.lang.Float -> org.hibernate.type.BasicTypeReference@44eb2452
2024-03-25T23:02:34.153+09:00 DEBUG 5108 --- [    Test worker] org.hibernate.type.BasicTypeRegistry     : Adding type registration double -> org.hibernate.type.BasicTypeReference@31940704
2024-03-25T23:02:34.153+09:00 DEBUG 5108 --- [    Test worker] org.hibernate.type.BasicTypeRegistry     : Adding type registration double -> org.hibernate.type.BasicTypeReference@31940704
2024-03-25T23:02:34.153+09:00 DEBUG 5108 --- [    Test worker] org.hibernate.type.BasicTypeRegistry     : Adding type registration java.lang.Double -> org.hibernate.type.BasicTypeReference@31940704
2024-03-25T23:02:34.153+09:00 DEBUG 5108 --- [    Test worker] org.hibernate.type.BasicTypeRegistry     : Adding type registration big_integer -> org.hibernate.type.BasicTypeReference@e07b4db
2024-03-25T23:02:34.153+09:00 DEBUG 5108 --- [    Test worker] org.hibernate.type.BasicTypeRegistry     : Adding type registration java.math.BigInteger -> org.hibernate.type.BasicTypeReference@e07b4db
2024-03-25T23:02:34.153+09:00 DEBUG 5108 --- [    Test worker] org.hibernate.type.BasicTypeRegistry     : Adding type registration big_decimal -> org.hibernate.type.BasicTypeReference@76b305e1
2024-03-25T23:02:34.153+09:00 DEBUG 5108 --- [    Test worker] org.hibernate.type.BasicTypeRegistry     : Adding type registration java.math.BigDecimal -> org.hibernate.type.BasicTypeReference@76b305e1
2024-03-25T23:02:34.153+09:00 DEBUG 5108 --- [    Test worker] org.hibernate.type.BasicTypeRegistry     : Adding type registration character -> org.hibernate.type.BasicTypeReference@6be766d1
2024-03-25T23:02:34.153+09:00 DEBUG 5108 --- [    Test worker] org.hibernate.type.BasicTypeRegistry     : Adding type registration char -> org.hibernate.type.BasicTypeReference@6be766d1
2024-03-25T23:02:34.153+09:00 DEBUG 5108 --- [    Test worker] org.hibernate.type.BasicTypeRegistry     : Adding type registration java.lang.Character -> org.hibernate.type.BasicTypeReference@6be766d1
2024-03-25T23:02:34.153+09:00 DEBUG 5108 --- [    Test worker] org.hibernate.type.BasicTypeRegistry     : Adding type registration character_nchar -> org.hibernate.type.BasicTypeReference@7adae08e
2024-03-25T23:02:34.153+09:00 DEBUG 5108 --- [    Test worker] org.hibernate.type.BasicTypeRegistry     : Adding type registration string -> org.hibernate.type.BasicTypeReference@49c83262
2024-03-25T23:02:34.153+09:00 DEBUG 5108 --- [    Test worker] org.hibernate.type.BasicTypeRegistry     : Adding type registration java.lang.String -> org.hibernate.type.BasicTypeReference@49c83262
2024-03-25T23:02:34.153+09:00 DEBUG 5108 --- [    Test worker] org.hibernate.type.BasicTypeRegistry     : Adding type registration nstring -> org.hibernate.type.BasicTypeReference@273aaab7
2024-03-25T23:02:34.153+09:00 DEBUG 5108 --- [    Test worker] org.hibernate.type.BasicTypeRegistry     : Adding type registration characters -> org.hibernate.type.BasicTypeReference@77bb916f
2024-03-25T23:02:34.153+09:00 DEBUG 5108 --- [    Test worker] org.hibernate.type.BasicTypeRegistry     : Adding type registration char[] -> org.hibernate.type.BasicTypeReference@77bb916f
2024-03-25T23:02:34.154+09:00 DEBUG 5108 --- [    Test worker] org.hibernate.type.BasicTypeRegistry     : Adding type registration [C -> org.hibernate.type.BasicTypeReference@77bb916f
2024-03-25T23:02:34.154+09:00 DEBUG 5108 --- [    Test worker] org.hibernate.type.BasicTypeRegistry     : Adding type registration wrapper-characters -> org.hibernate.type.BasicTypeReference@5a48d186
2024-03-25T23:02:34.154+09:00 DEBUG 5108 --- [    Test worker] org.hibernate.type.BasicTypeRegistry     : Adding type registration text -> org.hibernate.type.BasicTypeReference@521ba38f
2024-03-25T23:02:34.154+09:00 DEBUG 5108 --- [    Test worker] org.hibernate.type.BasicTypeRegistry     : Adding type registration ntext -> org.hibernate.type.BasicTypeReference@2086d469
2024-03-25T23:02:34.154+09:00 DEBUG 5108 --- [    Test worker] org.hibernate.type.BasicTypeRegistry     : Adding type registration clob -> org.hibernate.type.BasicTypeReference@b1d19ff
2024-03-25T23:02:34.154+09:00 DEBUG 5108 --- [    Test worker] org.hibernate.type.BasicTypeRegistry     : Adding type registration java.sql.Clob -> org.hibernate.type.BasicTypeReference@b1d19ff
2024-03-25T23:02:34.154+09:00 DEBUG 5108 --- [    Test worker] org.hibernate.type.BasicTypeRegistry     : Adding type registration nclob -> org.hibernate.type.BasicTypeReference@17c53dfb
2024-03-25T23:02:34.154+09:00 DEBUG 5108 --- [    Test worker] org.hibernate.type.BasicTypeRegistry     : Adding type registration java.sql.NClob -> org.hibernate.type.BasicTypeReference@17c53dfb
2024-03-25T23:02:34.154+09:00 DEBUG 5108 --- [    Test worker] org.hibernate.type.BasicTypeRegistry     : Adding type registration materialized_clob -> org.hibernate.type.BasicTypeReference@184de357
2024-03-25T23:02:34.154+09:00 DEBUG 5108 --- [    Test worker] org.hibernate.type.BasicTypeRegistry     : Adding type registration materialized_clob_char_array -> org.hibernate.type.BasicTypeReference@efe49ab
2024-03-25T23:02:34.154+09:00 DEBUG 5108 --- [    Test worker] org.hibernate.type.BasicTypeRegistry     : Adding type registration materialized_clob_character_array -> org.hibernate.type.BasicTypeReference@6dcf7b6a
2024-03-25T23:02:34.154+09:00 DEBUG 5108 --- [    Test worker] org.hibernate.type.BasicTypeRegistry     : Adding type registration materialized_nclob -> org.hibernate.type.BasicTypeReference@53dba9cd
2024-03-25T23:02:34.154+09:00 DEBUG 5108 --- [    Test worker] org.hibernate.type.BasicTypeRegistry     : Adding type registration materialized_nclob_character_array -> org.hibernate.type.BasicTypeReference@247bbfba
2024-03-25T23:02:34.154+09:00 DEBUG 5108 --- [    Test worker] org.hibernate.type.BasicTypeRegistry     : Adding type registration materialized_nclob_char_array -> org.hibernate.type.BasicTypeReference@5834198f
2024-03-25T23:02:34.154+09:00 DEBUG 5108 --- [    Test worker] org.hibernate.type.BasicTypeRegistry     : Adding type registration Duration -> org.hibernate.type.BasicTypeReference@4eb63dc8
2024-03-25T23:02:34.154+09:00 DEBUG 5108 --- [    Test worker] org.hibernate.type.BasicTypeRegistry     : Adding type registration java.time.Duration -> org.hibernate.type.BasicTypeReference@4eb63dc8
2024-03-25T23:02:34.154+09:00 DEBUG 5108 --- [    Test worker] org.hibernate.type.BasicTypeRegistry     : Adding type registration LocalDateTime -> org.hibernate.type.BasicTypeReference@402d6012
2024-03-25T23:02:34.154+09:00 DEBUG 5108 --- [    Test worker] org.hibernate.type.BasicTypeRegistry     : Adding type registration java.time.LocalDateTime -> org.hibernate.type.BasicTypeReference@402d6012
2024-03-25T23:02:34.154+09:00 DEBUG 5108 --- [    Test worker] org.hibernate.type.BasicTypeRegistry     : Adding type registration LocalDate -> org.hibernate.type.BasicTypeReference@395281c2
2024-03-25T23:02:34.154+09:00 DEBUG 5108 --- [    Test worker] org.hibernate.type.BasicTypeRegistry     : Adding type registration java.time.LocalDate -> org.hibernate.type.BasicTypeReference@395281c2
2024-03-25T23:02:34.154+09:00 DEBUG 5108 --- [    Test worker] org.hibernate.type.BasicTypeRegistry     : Adding type registration LocalTime -> org.hibernate.type.BasicTypeReference@41d20f06
2024-03-25T23:02:34.154+09:00 DEBUG 5108 --- [    Test worker] org.hibernate.type.BasicTypeRegistry     : Adding type registration java.time.LocalTime -> org.hibernate.type.BasicTypeReference@41d20f06
2024-03-25T23:02:34.154+09:00 DEBUG 5108 --- [    Test worker] org.hibernate.type.BasicTypeRegistry     : Adding type registration OffsetDateTime -> org.hibernate.type.BasicTypeReference@3e753289
2024-03-25T23:02:34.154+09:00 DEBUG 5108 --- [    Test worker] org.hibernate.type.BasicTypeRegistry     : Adding type registration java.time.OffsetDateTime -> org.hibernate.type.BasicTypeReference@3e753289
2024-03-25T23:02:34.155+09:00 DEBUG 5108 --- [    Test worker] org.hibernate.type.BasicTypeRegistry     : Adding type registration OffsetDateTimeWithTimezone -> org.hibernate.type.BasicTypeReference@1573e8a5
2024-03-25T23:02:34.155+09:00 DEBUG 5108 --- [    Test worker] org.hibernate.type.BasicTypeRegistry     : Adding type registration OffsetDateTimeWithoutTimezone -> org.hibernate.type.BasicTypeReference@38022758
2024-03-25T23:02:34.155+09:00 DEBUG 5108 --- [    Test worker] org.hibernate.type.BasicTypeRegistry     : Adding type registration OffsetTime -> org.hibernate.type.BasicTypeReference@69f9b561
2024-03-25T23:02:34.155+09:00 DEBUG 5108 --- [    Test worker] org.hibernate.type.BasicTypeRegistry     : Adding type registration java.time.OffsetTime -> org.hibernate.type.BasicTypeReference@69f9b561
2024-03-25T23:02:34.155+09:00 DEBUG 5108 --- [    Test worker] org.hibernate.type.BasicTypeRegistry     : Adding type registration OffsetTimeUtc -> org.hibernate.type.BasicTypeReference@7e8f23ad
2024-03-25T23:02:34.155+09:00 DEBUG 5108 --- [    Test worker] org.hibernate.type.BasicTypeRegistry     : Adding type registration OffsetTimeWithTimezone -> org.hibernate.type.BasicTypeReference@7433ca19
2024-03-25T23:02:34.155+09:00 DEBUG 5108 --- [    Test worker] org.hibernate.type.BasicTypeRegistry     : Adding type registration OffsetTimeWithoutTimezone -> org.hibernate.type.BasicTypeReference@5d221b20
2024-03-25T23:02:34.155+09:00 DEBUG 5108 --- [    Test worker] org.hibernate.type.BasicTypeRegistry     : Adding type registration ZonedDateTime -> org.hibernate.type.BasicTypeReference@79d4ff58
2024-03-25T23:02:34.155+09:00 DEBUG 5108 --- [    Test worker] org.hibernate.type.BasicTypeRegistry     : Adding type registration java.time.ZonedDateTime -> org.hibernate.type.BasicTypeReference@79d4ff58
2024-03-25T23:02:34.155+09:00 DEBUG 5108 --- [    Test worker] org.hibernate.type.BasicTypeRegistry     : Adding type registration ZonedDateTimeWithTimezone -> org.hibernate.type.BasicTypeReference@7ec13984
2024-03-25T23:02:34.155+09:00 DEBUG 5108 --- [    Test worker] org.hibernate.type.BasicTypeRegistry     : Adding type registration ZonedDateTimeWithoutTimezone -> org.hibernate.type.BasicTypeReference@14485747
2024-03-25T23:02:34.155+09:00 DEBUG 5108 --- [    Test worker] org.hibernate.type.BasicTypeRegistry     : Adding type registration date -> org.hibernate.type.BasicTypeReference@59fea5f5
2024-03-25T23:02:34.155+09:00 DEBUG 5108 --- [    Test worker] org.hibernate.type.BasicTypeRegistry     : Adding type registration java.sql.Date -> org.hibernate.type.BasicTypeReference@59fea5f5
2024-03-25T23:02:34.155+09:00 DEBUG 5108 --- [    Test worker] org.hibernate.type.BasicTypeRegistry     : Adding type registration time -> org.hibernate.type.BasicTypeReference@78eafad
2024-03-25T23:02:34.155+09:00 DEBUG 5108 --- [    Test worker] org.hibernate.type.BasicTypeRegistry     : Adding type registration java.sql.Time -> org.hibernate.type.BasicTypeReference@78eafad
2024-03-25T23:02:34.155+09:00 DEBUG 5108 --- [    Test worker] org.hibernate.type.BasicTypeRegistry     : Adding type registration timestamp -> org.hibernate.type.BasicTypeReference@70f4abc1
2024-03-25T23:02:34.155+09:00 DEBUG 5108 --- [    Test worker] org.hibernate.type.BasicTypeRegistry     : Adding type registration java.sql.Timestamp -> org.hibernate.type.BasicTypeReference@70f4abc1
2024-03-25T23:02:34.155+09:00 DEBUG 5108 --- [    Test worker] org.hibernate.type.BasicTypeRegistry     : Adding type registration java.util.Date -> org.hibernate.type.BasicTypeReference@70f4abc1
2024-03-25T23:02:34.155+09:00 DEBUG 5108 --- [    Test worker] org.hibernate.type.BasicTypeRegistry     : Adding type registration calendar -> org.hibernate.type.BasicTypeReference@26d028f7
2024-03-25T23:02:34.155+09:00 DEBUG 5108 --- [    Test worker] org.hibernate.type.BasicTypeRegistry     : Adding type registration java.util.Calendar -> org.hibernate.type.BasicTypeReference@26d028f7
2024-03-25T23:02:34.155+09:00 DEBUG 5108 --- [    Test worker] org.hibernate.type.BasicTypeRegistry     : Adding type registration java.util.GregorianCalendar -> org.hibernate.type.BasicTypeReference@26d028f7
2024-03-25T23:02:34.155+09:00 DEBUG 5108 --- [    Test worker] org.hibernate.type.BasicTypeRegistry     : Adding type registration calendar_date -> org.hibernate.type.BasicTypeReference@a2df0d5
2024-03-25T23:02:34.155+09:00 DEBUG 5108 --- [    Test worker] org.hibernate.type.BasicTypeRegistry     : Adding type registration calendar_time -> org.hibernate.type.BasicTypeReference@782cc5fa
2024-03-25T23:02:34.155+09:00 DEBUG 5108 --- [    Test worker] org.hibernate.type.BasicTypeRegistry     : Adding type registration instant -> org.hibernate.type.BasicTypeReference@2dd3d39d
2024-03-25T23:02:34.155+09:00 DEBUG 5108 --- [    Test worker] org.hibernate.type.BasicTypeRegistry     : Adding type registration java.time.Instant -> org.hibernate.type.BasicTypeReference@2dd3d39d
2024-03-25T23:02:34.155+09:00 DEBUG 5108 --- [    Test worker] org.hibernate.type.BasicTypeRegistry     : Adding type registration uuid -> org.hibernate.type.BasicTypeReference@ae3c140
2024-03-25T23:02:34.155+09:00 DEBUG 5108 --- [    Test worker] org.hibernate.type.BasicTypeRegistry     : Adding type registration java.util.UUID -> org.hibernate.type.BasicTypeReference@ae3c140
2024-03-25T23:02:34.155+09:00 DEBUG 5108 --- [    Test worker] org.hibernate.type.BasicTypeRegistry     : Adding type registration pg-uuid -> org.hibernate.type.BasicTypeReference@ae3c140
2024-03-25T23:02:34.155+09:00 DEBUG 5108 --- [    Test worker] org.hibernate.type.BasicTypeRegistry     : Adding type registration uuid-binary -> org.hibernate.type.BasicTypeReference@6f2d3391
2024-03-25T23:02:34.155+09:00 DEBUG 5108 --- [    Test worker] org.hibernate.type.BasicTypeRegistry     : Adding type registration uuid-char -> org.hibernate.type.BasicTypeReference@71b0289b
2024-03-25T23:02:34.155+09:00 DEBUG 5108 --- [    Test worker] org.hibernate.type.BasicTypeRegistry     : Adding type registration class -> org.hibernate.type.BasicTypeReference@42cc420b
2024-03-25T23:02:34.156+09:00 DEBUG 5108 --- [    Test worker] org.hibernate.type.BasicTypeRegistry     : Adding type registration java.lang.Class -> org.hibernate.type.BasicTypeReference@42cc420b
2024-03-25T23:02:34.156+09:00 DEBUG 5108 --- [    Test worker] org.hibernate.type.BasicTypeRegistry     : Adding type registration currency -> org.hibernate.type.BasicTypeReference@563172d3
2024-03-25T23:02:34.156+09:00 DEBUG 5108 --- [    Test worker] org.hibernate.type.BasicTypeRegistry     : Adding type registration Currency -> org.hibernate.type.BasicTypeReference@563172d3
2024-03-25T23:02:34.156+09:00 DEBUG 5108 --- [    Test worker] org.hibernate.type.BasicTypeRegistry     : Adding type registration java.util.Currency -> org.hibernate.type.BasicTypeReference@563172d3
2024-03-25T23:02:34.156+09:00 DEBUG 5108 --- [    Test worker] org.hibernate.type.BasicTypeRegistry     : Adding type registration locale -> org.hibernate.type.BasicTypeReference@5086623f
2024-03-25T23:02:34.156+09:00 DEBUG 5108 --- [    Test worker] org.hibernate.type.BasicTypeRegistry     : Adding type registration java.util.Locale -> org.hibernate.type.BasicTypeReference@5086623f
2024-03-25T23:02:34.156+09:00 DEBUG 5108 --- [    Test worker] org.hibernate.type.BasicTypeRegistry     : Adding type registration serializable -> org.hibernate.type.BasicTypeReference@20027c44
2024-03-25T23:02:34.156+09:00 DEBUG 5108 --- [    Test worker] org.hibernate.type.BasicTypeRegistry     : Adding type registration java.io.Serializable -> org.hibernate.type.BasicTypeReference@20027c44
2024-03-25T23:02:34.156+09:00 DEBUG 5108 --- [    Test worker] org.hibernate.type.BasicTypeRegistry     : Adding type registration timezone -> org.hibernate.type.BasicTypeReference@7eae55
2024-03-25T23:02:34.156+09:00 DEBUG 5108 --- [    Test worker] org.hibernate.type.BasicTypeRegistry     : Adding type registration java.util.TimeZone -> org.hibernate.type.BasicTypeReference@7eae55
2024-03-25T23:02:34.156+09:00 DEBUG 5108 --- [    Test worker] org.hibernate.type.BasicTypeRegistry     : Adding type registration ZoneOffset -> org.hibernate.type.BasicTypeReference@5d84e363
2024-03-25T23:02:34.156+09:00 DEBUG 5108 --- [    Test worker] org.hibernate.type.BasicTypeRegistry     : Adding type registration java.time.ZoneOffset -> org.hibernate.type.BasicTypeReference@5d84e363
2024-03-25T23:02:34.156+09:00 DEBUG 5108 --- [    Test worker] org.hibernate.type.BasicTypeRegistry     : Adding type registration url -> org.hibernate.type.BasicTypeReference@3ef0e576
2024-03-25T23:02:34.156+09:00 DEBUG 5108 --- [    Test worker] org.hibernate.type.BasicTypeRegistry     : Adding type registration java.net.URL -> org.hibernate.type.BasicTypeReference@3ef0e576
2024-03-25T23:02:34.156+09:00 DEBUG 5108 --- [    Test worker] org.hibernate.type.BasicTypeRegistry     : Adding type registration vector -> org.hibernate.type.BasicTypeReference@da34eb0
2024-03-25T23:02:34.156+09:00 DEBUG 5108 --- [    Test worker] org.hibernate.type.BasicTypeRegistry     : Adding type registration row_version -> org.hibernate.type.BasicTypeReference@785a4557
2024-03-25T23:02:34.159+09:00 DEBUG 5108 --- [    Test worker] org.hibernate.type.BasicTypeRegistry     : Adding type registration object -> org.hibernate.type.JavaObjectType@4dd1548e
2024-03-25T23:02:34.159+09:00 DEBUG 5108 --- [    Test worker] org.hibernate.type.BasicTypeRegistry     : Adding type registration java.lang.Object -> org.hibernate.type.JavaObjectType@4dd1548e
2024-03-25T23:02:34.159+09:00 DEBUG 5108 --- [    Test worker] org.hibernate.type.BasicTypeRegistry     : Adding type registration null -> org.hibernate.type.NullType@3f06ebe0
2024-03-25T23:02:34.160+09:00 DEBUG 5108 --- [    Test worker] org.hibernate.type.BasicTypeRegistry     : Adding type registration imm_date -> org.hibernate.type.BasicTypeReference@1752e45c
2024-03-25T23:02:34.160+09:00 DEBUG 5108 --- [    Test worker] org.hibernate.type.BasicTypeRegistry     : Adding type registration imm_time -> org.hibernate.type.BasicTypeReference@481ed95c
2024-03-25T23:02:34.160+09:00 DEBUG 5108 --- [    Test worker] org.hibernate.type.BasicTypeRegistry     : Adding type registration imm_timestamp -> org.hibernate.type.BasicTypeReference@40cf6254
2024-03-25T23:02:34.160+09:00 DEBUG 5108 --- [    Test worker] org.hibernate.type.BasicTypeRegistry     : Adding type registration imm_calendar -> org.hibernate.type.BasicTypeReference@40bf0e15
2024-03-25T23:02:34.160+09:00 DEBUG 5108 --- [    Test worker] org.hibernate.type.BasicTypeRegistry     : Adding type registration imm_calendar_date -> org.hibernate.type.BasicTypeReference@2c77344f
2024-03-25T23:02:34.160+09:00 DEBUG 5108 --- [    Test worker] org.hibernate.type.BasicTypeRegistry     : Adding type registration imm_calendar_time -> org.hibernate.type.BasicTypeReference@121ddca4
2024-03-25T23:02:34.160+09:00 DEBUG 5108 --- [    Test worker] org.hibernate.type.BasicTypeRegistry     : Adding type registration imm_binary -> org.hibernate.type.BasicTypeReference@297bd171
2024-03-25T23:02:34.160+09:00 DEBUG 5108 --- [    Test worker] org.hibernate.type.BasicTypeRegistry     : Adding type registration imm_serializable -> org.hibernate.type.BasicTypeReference@118cbded
2024-03-25T23:02:34.240+09:00  INFO 5108 --- [    Test worker] o.s.o.j.p.SpringPersistenceUnitInfo      : No LoadTimeWeaver setup: ignoring JPA class transformer
2024-03-25T23:02:34.254+09:00  INFO 5108 --- [    Test worker] com.zaxxer.hikari.HikariDataSource       : HikariPool-1 - Starting...
2024-03-25T23:02:34.434+09:00  INFO 5108 --- [    Test worker] com.zaxxer.hikari.pool.HikariPool        : HikariPool-1 - Added connection com.mysql.cj.jdbc.ConnectionImpl@96be1ae
2024-03-25T23:02:34.436+09:00  INFO 5108 --- [    Test worker] com.zaxxer.hikari.HikariDataSource       : HikariPool-1 - Start completed.
2024-03-25T23:02:34.497+09:00 DEBUG 5108 --- [    Test worker] o.h.t.d.sql.spi.DdlTypeRegistry          : addDescriptor(12, org.hibernate.type.descriptor.sql.internal.CapacityDependentDdlType@369fb99a) replaced previous registration(org.hibernate.type.descriptor.sql.internal.CapacityDependentDdlType@81a8898)
2024-03-25T23:02:34.497+09:00 DEBUG 5108 --- [    Test worker] o.h.t.d.sql.spi.DdlTypeRegistry          : addDescriptor(-9, org.hibernate.type.descriptor.sql.internal.CapacityDependentDdlType@d08f85a) replaced previous registration(org.hibernate.type.descriptor.sql.internal.CapacityDependentDdlType@3e839aa3)
2024-03-25T23:02:34.497+09:00 DEBUG 5108 --- [    Test worker] o.h.t.d.sql.spi.DdlTypeRegistry          : addDescriptor(-3, org.hibernate.type.descriptor.sql.internal.CapacityDependentDdlType@751bb780) replaced previous registration(org.hibernate.type.descriptor.sql.internal.CapacityDependentDdlType@2919aff3)
2024-03-25T23:02:34.497+09:00 DEBUG 5108 --- [    Test worker] o.h.t.d.sql.spi.DdlTypeRegistry          : addDescriptor(4003, org.hibernate.type.descriptor.sql.internal.DdlTypeImpl@639948a2) replaced previous registration(org.hibernate.type.descriptor.sql.internal.DdlTypeImpl@416d90f0)
2024-03-25T23:02:34.497+09:00 DEBUG 5108 --- [    Test worker] o.h.t.d.sql.spi.DdlTypeRegistry          : addDescriptor(4001, org.hibernate.type.descriptor.sql.internal.DdlTypeImpl@696298ea) replaced previous registration(org.hibernate.type.descriptor.sql.internal.DdlTypeImpl@de0c402)
2024-03-25T23:02:34.497+09:00 DEBUG 5108 --- [    Test worker] o.h.t.d.sql.spi.DdlTypeRegistry          : addDescriptor(4002, org.hibernate.type.descriptor.sql.internal.DdlTypeImpl@24955144) replaced previous registration(org.hibernate.type.descriptor.sql.internal.DdlTypeImpl@9d2af36)
2024-03-25T23:02:34.497+09:00 DEBUG 5108 --- [    Test worker] o.h.t.d.sql.spi.DdlTypeRegistry          : addDescriptor(2004, org.hibernate.type.descriptor.sql.internal.CapacityDependentDdlType@740ad32e) replaced previous registration(org.hibernate.type.descriptor.sql.internal.DdlTypeImpl@7f41d979)
2024-03-25T23:02:34.497+09:00 DEBUG 5108 --- [    Test worker] o.h.t.d.sql.spi.DdlTypeRegistry          : addDescriptor(2005, org.hibernate.type.descriptor.sql.internal.CapacityDependentDdlType@71d0b8a4) replaced previous registration(org.hibernate.type.descriptor.sql.internal.DdlTypeImpl@6d6712b7)
2024-03-25T23:02:34.497+09:00 DEBUG 5108 --- [    Test worker] o.h.t.d.sql.spi.DdlTypeRegistry          : addDescriptor(2011, org.hibernate.type.descriptor.sql.internal.CapacityDependentDdlType@4f563f96) replaced previous registration(org.hibernate.type.descriptor.sql.internal.DdlTypeImpl@3eadad14)
2024-03-25T23:02:34.498+09:00 DEBUG 5108 --- [    Test worker] o.h.t.d.jdbc.spi.JdbcTypeRegistry        : addDescriptor(NCharTypeDescriptor) replaced previous registration(CharTypeDescriptor)
2024-03-25T23:02:34.498+09:00 DEBUG 5108 --- [    Test worker] o.h.t.d.jdbc.spi.JdbcTypeRegistry        : addDescriptor(NVarcharTypeDescriptor) replaced previous registration(VarcharTypeDescriptor)
2024-03-25T23:02:34.498+09:00 DEBUG 5108 --- [    Test worker] o.h.t.d.jdbc.spi.JdbcTypeRegistry        : addDescriptor(LongNVarcharTypeDescriptor) replaced previous registration(LongVarcharTypeDescriptor)
2024-03-25T23:02:34.500+09:00 DEBUG 5108 --- [    Test worker] o.h.t.d.jdbc.spi.JdbcTypeRegistry        : addDescriptor(NClobTypeDescriptor(DEFAULT)) replaced previous registration(ClobTypeDescriptor(DEFAULT))
2024-03-25T23:02:34.500+09:00 DEBUG 5108 --- [    Test worker] o.h.t.d.jdbc.spi.JdbcTypeRegistry        : addDescriptor(2005, ClobTypeDescriptor(STREAM_BINDING)) replaced previous registration(ClobTypeDescriptor(DEFAULT))
2024-03-25T23:02:34.501+09:00 DEBUG 5108 --- [    Test worker] org.hibernate.type.BasicTypeRegistry     : Adding type registration null -> org.hibernate.type.NullType@15f11bfb
2024-03-25T23:02:34.501+09:00 DEBUG 5108 --- [    Test worker] org.hibernate.type.BasicTypeRegistry     : Type registration key [null] overrode previous entry : `org.hibernate.type.NullType@3f06ebe0`
2024-03-25T23:02:34.503+09:00 DEBUG 5108 --- [    Test worker] org.hibernate.type.BasicTypeRegistry     : Adding type registration org.hibernate.type.DurationType -> basicType@1(java.time.Duration,2)
2024-03-25T23:02:34.503+09:00 DEBUG 5108 --- [    Test worker] org.hibernate.type.BasicTypeRegistry     : Adding type registration Duration -> basicType@1(java.time.Duration,2)
2024-03-25T23:02:34.503+09:00 DEBUG 5108 --- [    Test worker] org.hibernate.type.BasicTypeRegistry     : Adding type registration java.time.Duration -> basicType@1(java.time.Duration,2)
2024-03-25T23:02:34.505+09:00 DEBUG 5108 --- [    Test worker] org.hibernate.type.BasicTypeRegistry     : Adding type registration org.hibernate.type.OffsetDateTimeType -> basicType@2(java.time.OffsetDateTime,3003)
2024-03-25T23:02:34.505+09:00 DEBUG 5108 --- [    Test worker] org.hibernate.type.BasicTypeRegistry     : Adding type registration OffsetDateTime -> basicType@2(java.time.OffsetDateTime,3003)
2024-03-25T23:02:34.505+09:00 DEBUG 5108 --- [    Test worker] org.hibernate.type.BasicTypeRegistry     : Adding type registration java.time.OffsetDateTime -> basicType@2(java.time.OffsetDateTime,3003)
2024-03-25T23:02:34.505+09:00 DEBUG 5108 --- [    Test worker] org.hibernate.type.BasicTypeRegistry     : Adding type registration org.hibernate.type.ZonedDateTimeType -> basicType@3(java.time.ZonedDateTime,3003)
2024-03-25T23:02:34.505+09:00 DEBUG 5108 --- [    Test worker] org.hibernate.type.BasicTypeRegistry     : Adding type registration ZonedDateTime -> basicType@3(java.time.ZonedDateTime,3003)
2024-03-25T23:02:34.505+09:00 DEBUG 5108 --- [    Test worker] org.hibernate.type.BasicTypeRegistry     : Adding type registration java.time.ZonedDateTime -> basicType@3(java.time.ZonedDateTime,3003)
2024-03-25T23:02:34.505+09:00 DEBUG 5108 --- [    Test worker] org.hibernate.type.BasicTypeRegistry     : Adding type registration org.hibernate.type.OffsetTimeType -> basicType@4(java.time.OffsetTime,3007)
2024-03-25T23:02:34.505+09:00 DEBUG 5108 --- [    Test worker] org.hibernate.type.BasicTypeRegistry     : Adding type registration OffsetTime -> basicType@4(java.time.OffsetTime,3007)
2024-03-25T23:02:34.505+09:00 DEBUG 5108 --- [    Test worker] org.hibernate.type.BasicTypeRegistry     : Adding type registration java.time.OffsetTime -> basicType@4(java.time.OffsetTime,3007)
2024-03-25T23:02:34.506+09:00 DEBUG 5108 --- [    Test worker] o.h.type.spi.TypeConfiguration$Scope     : Scoping TypeConfiguration [org.hibernate.type.spi.TypeConfiguration@2b464384] to MetadataBuildingContext [org.hibernate.boot.internal.MetadataBuildingContextRootImpl@681b42d3]
2024-03-25T23:02:35.064+09:00  INFO 5108 --- [    Test worker] o.h.e.t.j.p.i.JtaPlatformInitiator       : HHH000489: No JTA platform available (set 'hibernate.transaction.jta.platform' to enable JTA platform integration)
2024-03-25T23:02:35.064+09:00 DEBUG 5108 --- [    Test worker] o.h.type.spi.TypeConfiguration$Scope     : Scoping TypeConfiguration [org.hibernate.type.spi.TypeConfiguration@2b464384] to SessionFactoryImplementor [org.hibernate.internal.SessionFactoryImpl@1a1c308b]
2024-03-25T23:02:35.122+09:00 TRACE 5108 --- [    Test worker] o.h.type.spi.TypeConfiguration$Scope     : Handling #sessionFactoryCreated from [org.hibernate.internal.SessionFactoryImpl@1a1c308b] for TypeConfiguration
2024-03-25T23:02:35.122+09:00  INFO 5108 --- [    Test worker] j.LocalContainerEntityManagerFactoryBean : Initialized JPA EntityManagerFactory for persistence unit 'default'
2024-03-25T23:02:35.447+09:00  INFO 5108 --- [    Test worker] o.s.b.a.w.s.WelcomePageHandlerMapping    : Adding welcome page template: index
2024-03-25T23:02:36.284+09:00  INFO 5108 --- [    Test worker] c.e.portfolio.PortfolioApplicationTests  : Started PortfolioApplicationTests in 3.262 seconds (process running for 3.939)
]]></system-out>
  <system-err><![CDATA[WARNING: A Java agent has been loaded dynamically (C:\Users\82106\.gradle\caches\modules-2\files-2.1\net.bytebuddy\byte-buddy-agent\1.14.11\f9cb566608fbac6bc7bf54901a7aa11543a989ee\byte-buddy-agent-1.14.11.jar)
WARNING: If a serviceability tool is in use, please run with -XX:+EnableDynamicAgentLoading to hide this warning
WARNING: If a serviceability tool is not in use, please run with -Djdk.instrument.traceUsage for more information
WARNING: Dynamic loading of agents will be disallowed by default in a future release
]]></system-err>
</testsuite>
