<?xml version="1.0" encoding="UTF-8"?>
<testsuite name="com.example.portfolio.PortfolioApplicationTests" tests="1" skipped="0" failures="0" errors="0" timestamp="2024-03-31T01:52:42" hostname="DESKTOP-MLF20ON" time="0.312">
  <properties/>
  <testcase name="contextLoads()" classname="com.example.portfolio.PortfolioApplicationTests" time="0.312"/>
  <system-out><![CDATA[10:52:38.911 [Test worker] INFO org.springframework.test.context.support.AnnotationConfigContextLoaderUtils -- Could not detect default configuration classes for test class [com.example.portfolio.PortfolioApplicationTests]: PortfolioApplicationTests does not declare any static, non-private, non-final, nested classes annotated with @Configuration.
10:52:38.971 [Test worker] INFO org.springframework.boot.test.context.SpringBootTestContextBootstrapper -- Found @SpringBootConfiguration com.example.portfolio.PortfolioApplication for test class com.example.portfolio.PortfolioApplicationTests

  .   ____          _            __ _ _
 /\\ / ___'_ __ _ _(_)_ __  __ _ \ \ \ \
( ( )\___ | '_ | '_| | '_ \/ _` | \ \ \ \
 \\/  ___)| |_)| | | | | || (_| |  ) ) ) )
  '  |____| .__|_| |_|_| |_\__, | / / / /
 =========|_|==============|___/=/_/_/_/
 :: Spring Boot ::                (v3.2.2)

2024-03-31T10:52:39.228+09:00  INFO 2632 --- [    Test worker] c.e.portfolio.PortfolioApplicationTests  : Starting PortfolioApplicationTests using Java 21.0.2 with PID 2632 (started by 82106 in C:\Users\82106\Desktop\protfolio\portfolio_back)
2024-03-31T10:52:39.229+09:00  INFO 2632 --- [    Test worker] c.e.portfolio.PortfolioApplicationTests  : The following 1 profile is active: "secret"
2024-03-31T10:52:39.726+09:00  INFO 2632 --- [    Test worker] .s.d.r.c.RepositoryConfigurationDelegate : Multiple Spring Data modules found, entering strict repository configuration mode
2024-03-31T10:52:39.728+09:00  INFO 2632 --- [    Test worker] .s.d.r.c.RepositoryConfigurationDelegate : Bootstrapping Spring Data JPA repositories in DEFAULT mode.
2024-03-31T10:52:39.741+09:00  INFO 2632 --- [    Test worker] .s.d.r.c.RepositoryConfigurationDelegate : Finished Spring Data repository scanning in 9 ms. Found 0 JPA repository interfaces.
2024-03-31T10:52:39.749+09:00  INFO 2632 --- [    Test worker] .s.d.r.c.RepositoryConfigurationDelegate : Multiple Spring Data modules found, entering strict repository configuration mode
2024-03-31T10:52:39.750+09:00  INFO 2632 --- [    Test worker] .s.d.r.c.RepositoryConfigurationDelegate : Bootstrapping Spring Data Redis repositories in DEFAULT mode.
2024-03-31T10:52:39.759+09:00  INFO 2632 --- [    Test worker] .s.d.r.c.RepositoryConfigurationDelegate : Finished Spring Data repository scanning in 2 ms. Found 0 Redis repository interfaces.
2024-03-31T10:52:40.113+09:00  INFO 2632 --- [    Test worker] o.hibernate.jpa.internal.util.LogHelper  : HHH000204: Processing PersistenceUnitInfo [name: default]
2024-03-31T10:52:40.153+09:00  INFO 2632 --- [    Test worker] org.hibernate.Version                    : HHH000412: Hibernate ORM core version 6.4.1.Final
2024-03-31T10:52:40.171+09:00  INFO 2632 --- [    Test worker] o.h.c.internal.RegionFactoryInitiator    : HHH000026: Second-level cache disabled
2024-03-31T10:52:40.214+09:00 DEBUG 2632 --- [    Test worker] org.hibernate.type.BasicTypeRegistry     : Adding type registration boolean -> org.hibernate.type.BasicTypeReference@365bfc5f
2024-03-31T10:52:40.214+09:00 DEBUG 2632 --- [    Test worker] org.hibernate.type.BasicTypeRegistry     : Adding type registration boolean -> org.hibernate.type.BasicTypeReference@365bfc5f
2024-03-31T10:52:40.214+09:00 DEBUG 2632 --- [    Test worker] org.hibernate.type.BasicTypeRegistry     : Adding type registration java.lang.Boolean -> org.hibernate.type.BasicTypeReference@365bfc5f
2024-03-31T10:52:40.214+09:00 DEBUG 2632 --- [    Test worker] org.hibernate.type.BasicTypeRegistry     : Adding type registration numeric_boolean -> org.hibernate.type.BasicTypeReference@1a7e799e
2024-03-31T10:52:40.214+09:00 DEBUG 2632 --- [    Test worker] org.hibernate.type.BasicTypeRegistry     : Adding type registration org.hibernate.type.NumericBooleanConverter -> org.hibernate.type.BasicTypeReference@1a7e799e
2024-03-31T10:52:40.214+09:00 DEBUG 2632 --- [    Test worker] org.hibernate.type.BasicTypeRegistry     : Adding type registration true_false -> org.hibernate.type.BasicTypeReference@37a3ec27
2024-03-31T10:52:40.214+09:00 DEBUG 2632 --- [    Test worker] org.hibernate.type.BasicTypeRegistry     : Adding type registration org.hibernate.type.TrueFalseConverter -> org.hibernate.type.BasicTypeReference@37a3ec27
2024-03-31T10:52:40.214+09:00 DEBUG 2632 --- [    Test worker] org.hibernate.type.BasicTypeRegistry     : Adding type registration yes_no -> org.hibernate.type.BasicTypeReference@283baa39
2024-03-31T10:52:40.214+09:00 DEBUG 2632 --- [    Test worker] org.hibernate.type.BasicTypeRegistry     : Adding type registration org.hibernate.type.YesNoConverter -> org.hibernate.type.BasicTypeReference@283baa39
2024-03-31T10:52:40.215+09:00 DEBUG 2632 --- [    Test worker] org.hibernate.type.BasicTypeRegistry     : Adding type registration byte -> org.hibernate.type.BasicTypeReference@416b1265
2024-03-31T10:52:40.215+09:00 DEBUG 2632 --- [    Test worker] org.hibernate.type.BasicTypeRegistry     : Adding type registration byte -> org.hibernate.type.BasicTypeReference@416b1265
2024-03-31T10:52:40.215+09:00 DEBUG 2632 --- [    Test worker] org.hibernate.type.BasicTypeRegistry     : Adding type registration java.lang.Byte -> org.hibernate.type.BasicTypeReference@416b1265
2024-03-31T10:52:40.215+09:00 DEBUG 2632 --- [    Test worker] org.hibernate.type.BasicTypeRegistry     : Adding type registration binary -> org.hibernate.type.BasicTypeReference@2830315f
2024-03-31T10:52:40.215+09:00 DEBUG 2632 --- [    Test worker] org.hibernate.type.BasicTypeRegistry     : Adding type registration byte[] -> org.hibernate.type.BasicTypeReference@2830315f
2024-03-31T10:52:40.215+09:00 DEBUG 2632 --- [    Test worker] org.hibernate.type.BasicTypeRegistry     : Adding type registration [B -> org.hibernate.type.BasicTypeReference@2830315f
2024-03-31T10:52:40.215+09:00 DEBUG 2632 --- [    Test worker] org.hibernate.type.BasicTypeRegistry     : Adding type registration binary_wrapper -> org.hibernate.type.BasicTypeReference@da22aa
2024-03-31T10:52:40.215+09:00 DEBUG 2632 --- [    Test worker] org.hibernate.type.BasicTypeRegistry     : Adding type registration wrapper-binary -> org.hibernate.type.BasicTypeReference@da22aa
2024-03-31T10:52:40.215+09:00 DEBUG 2632 --- [    Test worker] org.hibernate.type.BasicTypeRegistry     : Adding type registration image -> org.hibernate.type.BasicTypeReference@75452aea
2024-03-31T10:52:40.215+09:00 DEBUG 2632 --- [    Test worker] org.hibernate.type.BasicTypeRegistry     : Adding type registration blob -> org.hibernate.type.BasicTypeReference@6c24f61d
2024-03-31T10:52:40.215+09:00 DEBUG 2632 --- [    Test worker] org.hibernate.type.BasicTypeRegistry     : Adding type registration java.sql.Blob -> org.hibernate.type.BasicTypeReference@6c24f61d
2024-03-31T10:52:40.215+09:00 DEBUG 2632 --- [    Test worker] org.hibernate.type.BasicTypeRegistry     : Adding type registration materialized_blob -> org.hibernate.type.BasicTypeReference@4537880f
2024-03-31T10:52:40.216+09:00 DEBUG 2632 --- [    Test worker] org.hibernate.type.BasicTypeRegistry     : Adding type registration materialized_blob_wrapper -> org.hibernate.type.BasicTypeReference@14292d71
2024-03-31T10:52:40.216+09:00 DEBUG 2632 --- [    Test worker] org.hibernate.type.BasicTypeRegistry     : Adding type registration short -> org.hibernate.type.BasicTypeReference@48e74764
2024-03-31T10:52:40.216+09:00 DEBUG 2632 --- [    Test worker] org.hibernate.type.BasicTypeRegistry     : Adding type registration short -> org.hibernate.type.BasicTypeReference@48e74764
2024-03-31T10:52:40.216+09:00 DEBUG 2632 --- [    Test worker] org.hibernate.type.BasicTypeRegistry     : Adding type registration java.lang.Short -> org.hibernate.type.BasicTypeReference@48e74764
2024-03-31T10:52:40.216+09:00 DEBUG 2632 --- [    Test worker] org.hibernate.type.BasicTypeRegistry     : Adding type registration integer -> org.hibernate.type.BasicTypeReference@338d47b
2024-03-31T10:52:40.216+09:00 DEBUG 2632 --- [    Test worker] org.hibernate.type.BasicTypeRegistry     : Adding type registration int -> org.hibernate.type.BasicTypeReference@338d47b
2024-03-31T10:52:40.216+09:00 DEBUG 2632 --- [    Test worker] org.hibernate.type.BasicTypeRegistry     : Adding type registration java.lang.Integer -> org.hibernate.type.BasicTypeReference@338d47b
2024-03-31T10:52:40.216+09:00 DEBUG 2632 --- [    Test worker] org.hibernate.type.BasicTypeRegistry     : Adding type registration long -> org.hibernate.type.BasicTypeReference@7a3643e3
2024-03-31T10:52:40.216+09:00 DEBUG 2632 --- [    Test worker] org.hibernate.type.BasicTypeRegistry     : Adding type registration long -> org.hibernate.type.BasicTypeReference@7a3643e3
2024-03-31T10:52:40.216+09:00 DEBUG 2632 --- [    Test worker] org.hibernate.type.BasicTypeRegistry     : Adding type registration java.lang.Long -> org.hibernate.type.BasicTypeReference@7a3643e3
2024-03-31T10:52:40.216+09:00 DEBUG 2632 --- [    Test worker] org.hibernate.type.BasicTypeRegistry     : Adding type registration float -> org.hibernate.type.BasicTypeReference@2729bb71
2024-03-31T10:52:40.216+09:00 DEBUG 2632 --- [    Test worker] org.hibernate.type.BasicTypeRegistry     : Adding type registration float -> org.hibernate.type.BasicTypeReference@2729bb71
2024-03-31T10:52:40.217+09:00 DEBUG 2632 --- [    Test worker] org.hibernate.type.BasicTypeRegistry     : Adding type registration java.lang.Float -> org.hibernate.type.BasicTypeReference@2729bb71
2024-03-31T10:52:40.217+09:00 DEBUG 2632 --- [    Test worker] org.hibernate.type.BasicTypeRegistry     : Adding type registration double -> org.hibernate.type.BasicTypeReference@55071497
2024-03-31T10:52:40.217+09:00 DEBUG 2632 --- [    Test worker] org.hibernate.type.BasicTypeRegistry     : Adding type registration double -> org.hibernate.type.BasicTypeReference@55071497
2024-03-31T10:52:40.217+09:00 DEBUG 2632 --- [    Test worker] org.hibernate.type.BasicTypeRegistry     : Adding type registration java.lang.Double -> org.hibernate.type.BasicTypeReference@55071497
2024-03-31T10:52:40.217+09:00 DEBUG 2632 --- [    Test worker] org.hibernate.type.BasicTypeRegistry     : Adding type registration big_integer -> org.hibernate.type.BasicTypeReference@10d98940
2024-03-31T10:52:40.217+09:00 DEBUG 2632 --- [    Test worker] org.hibernate.type.BasicTypeRegistry     : Adding type registration java.math.BigInteger -> org.hibernate.type.BasicTypeReference@10d98940
2024-03-31T10:52:40.217+09:00 DEBUG 2632 --- [    Test worker] org.hibernate.type.BasicTypeRegistry     : Adding type registration big_decimal -> org.hibernate.type.BasicTypeReference@58b8f9e3
2024-03-31T10:52:40.217+09:00 DEBUG 2632 --- [    Test worker] org.hibernate.type.BasicTypeRegistry     : Adding type registration java.math.BigDecimal -> org.hibernate.type.BasicTypeReference@58b8f9e3
2024-03-31T10:52:40.217+09:00 DEBUG 2632 --- [    Test worker] org.hibernate.type.BasicTypeRegistry     : Adding type registration character -> org.hibernate.type.BasicTypeReference@32a033b6
2024-03-31T10:52:40.217+09:00 DEBUG 2632 --- [    Test worker] org.hibernate.type.BasicTypeRegistry     : Adding type registration char -> org.hibernate.type.BasicTypeReference@32a033b6
2024-03-31T10:52:40.217+09:00 DEBUG 2632 --- [    Test worker] org.hibernate.type.BasicTypeRegistry     : Adding type registration java.lang.Character -> org.hibernate.type.BasicTypeReference@32a033b6
2024-03-31T10:52:40.217+09:00 DEBUG 2632 --- [    Test worker] org.hibernate.type.BasicTypeRegistry     : Adding type registration character_nchar -> org.hibernate.type.BasicTypeReference@5f6e2ad9
2024-03-31T10:52:40.217+09:00 DEBUG 2632 --- [    Test worker] org.hibernate.type.BasicTypeRegistry     : Adding type registration string -> org.hibernate.type.BasicTypeReference@3212bfd
2024-03-31T10:52:40.217+09:00 DEBUG 2632 --- [    Test worker] org.hibernate.type.BasicTypeRegistry     : Adding type registration java.lang.String -> org.hibernate.type.BasicTypeReference@3212bfd
2024-03-31T10:52:40.217+09:00 DEBUG 2632 --- [    Test worker] org.hibernate.type.BasicTypeRegistry     : Adding type registration nstring -> org.hibernate.type.BasicTypeReference@1cc9bd9b
2024-03-31T10:52:40.217+09:00 DEBUG 2632 --- [    Test worker] org.hibernate.type.BasicTypeRegistry     : Adding type registration characters -> org.hibernate.type.BasicTypeReference@2f471037
2024-03-31T10:52:40.217+09:00 DEBUG 2632 --- [    Test worker] org.hibernate.type.BasicTypeRegistry     : Adding type registration char[] -> org.hibernate.type.BasicTypeReference@2f471037
2024-03-31T10:52:40.217+09:00 DEBUG 2632 --- [    Test worker] org.hibernate.type.BasicTypeRegistry     : Adding type registration [C -> org.hibernate.type.BasicTypeReference@2f471037
2024-03-31T10:52:40.217+09:00 DEBUG 2632 --- [    Test worker] org.hibernate.type.BasicTypeRegistry     : Adding type registration wrapper-characters -> org.hibernate.type.BasicTypeReference@1d1cfe4
2024-03-31T10:52:40.218+09:00 DEBUG 2632 --- [    Test worker] org.hibernate.type.BasicTypeRegistry     : Adding type registration text -> org.hibernate.type.BasicTypeReference@ba562e0
2024-03-31T10:52:40.218+09:00 DEBUG 2632 --- [    Test worker] org.hibernate.type.BasicTypeRegistry     : Adding type registration ntext -> org.hibernate.type.BasicTypeReference@5a51336a
2024-03-31T10:52:40.218+09:00 DEBUG 2632 --- [    Test worker] org.hibernate.type.BasicTypeRegistry     : Adding type registration clob -> org.hibernate.type.BasicTypeReference@4d8056bf
2024-03-31T10:52:40.218+09:00 DEBUG 2632 --- [    Test worker] org.hibernate.type.BasicTypeRegistry     : Adding type registration java.sql.Clob -> org.hibernate.type.BasicTypeReference@4d8056bf
2024-03-31T10:52:40.218+09:00 DEBUG 2632 --- [    Test worker] org.hibernate.type.BasicTypeRegistry     : Adding type registration nclob -> org.hibernate.type.BasicTypeReference@42211e04
2024-03-31T10:52:40.218+09:00 DEBUG 2632 --- [    Test worker] org.hibernate.type.BasicTypeRegistry     : Adding type registration java.sql.NClob -> org.hibernate.type.BasicTypeReference@42211e04
2024-03-31T10:52:40.218+09:00 DEBUG 2632 --- [    Test worker] org.hibernate.type.BasicTypeRegistry     : Adding type registration materialized_clob -> org.hibernate.type.BasicTypeReference@6233c6c2
2024-03-31T10:52:40.218+09:00 DEBUG 2632 --- [    Test worker] org.hibernate.type.BasicTypeRegistry     : Adding type registration materialized_clob_char_array -> org.hibernate.type.BasicTypeReference@312a738d
2024-03-31T10:52:40.218+09:00 DEBUG 2632 --- [    Test worker] org.hibernate.type.BasicTypeRegistry     : Adding type registration materialized_clob_character_array -> org.hibernate.type.BasicTypeReference@7e50eeb9
2024-03-31T10:52:40.218+09:00 DEBUG 2632 --- [    Test worker] org.hibernate.type.BasicTypeRegistry     : Adding type registration materialized_nclob -> org.hibernate.type.BasicTypeReference@34cb0e49
2024-03-31T10:52:40.218+09:00 DEBUG 2632 --- [    Test worker] org.hibernate.type.BasicTypeRegistry     : Adding type registration materialized_nclob_character_array -> org.hibernate.type.BasicTypeReference@48b2dbc4
2024-03-31T10:52:40.218+09:00 DEBUG 2632 --- [    Test worker] org.hibernate.type.BasicTypeRegistry     : Adding type registration materialized_nclob_char_array -> org.hibernate.type.BasicTypeReference@2a667f44
2024-03-31T10:52:40.218+09:00 DEBUG 2632 --- [    Test worker] org.hibernate.type.BasicTypeRegistry     : Adding type registration Duration -> org.hibernate.type.BasicTypeReference@53ba7997
2024-03-31T10:52:40.218+09:00 DEBUG 2632 --- [    Test worker] org.hibernate.type.BasicTypeRegistry     : Adding type registration java.time.Duration -> org.hibernate.type.BasicTypeReference@53ba7997
2024-03-31T10:52:40.218+09:00 DEBUG 2632 --- [    Test worker] org.hibernate.type.BasicTypeRegistry     : Adding type registration LocalDateTime -> org.hibernate.type.BasicTypeReference@3f6f9cef
2024-03-31T10:52:40.218+09:00 DEBUG 2632 --- [    Test worker] org.hibernate.type.BasicTypeRegistry     : Adding type registration java.time.LocalDateTime -> org.hibernate.type.BasicTypeReference@3f6f9cef
2024-03-31T10:52:40.218+09:00 DEBUG 2632 --- [    Test worker] org.hibernate.type.BasicTypeRegistry     : Adding type registration LocalDate -> org.hibernate.type.BasicTypeReference@61dd1c3d
2024-03-31T10:52:40.218+09:00 DEBUG 2632 --- [    Test worker] org.hibernate.type.BasicTypeRegistry     : Adding type registration java.time.LocalDate -> org.hibernate.type.BasicTypeReference@61dd1c3d
2024-03-31T10:52:40.218+09:00 DEBUG 2632 --- [    Test worker] org.hibernate.type.BasicTypeRegistry     : Adding type registration LocalTime -> org.hibernate.type.BasicTypeReference@7858d31d
2024-03-31T10:52:40.218+09:00 DEBUG 2632 --- [    Test worker] org.hibernate.type.BasicTypeRegistry     : Adding type registration java.time.LocalTime -> org.hibernate.type.BasicTypeReference@7858d31d
2024-03-31T10:52:40.218+09:00 DEBUG 2632 --- [    Test worker] org.hibernate.type.BasicTypeRegistry     : Adding type registration OffsetDateTime -> org.hibernate.type.BasicTypeReference@782e6b40
2024-03-31T10:52:40.219+09:00 DEBUG 2632 --- [    Test worker] org.hibernate.type.BasicTypeRegistry     : Adding type registration java.time.OffsetDateTime -> org.hibernate.type.BasicTypeReference@782e6b40
2024-03-31T10:52:40.219+09:00 DEBUG 2632 --- [    Test worker] org.hibernate.type.BasicTypeRegistry     : Adding type registration OffsetDateTimeWithTimezone -> org.hibernate.type.BasicTypeReference@3b65084e
2024-03-31T10:52:40.219+09:00 DEBUG 2632 --- [    Test worker] org.hibernate.type.BasicTypeRegistry     : Adding type registration OffsetDateTimeWithoutTimezone -> org.hibernate.type.BasicTypeReference@32d0d7eb
2024-03-31T10:52:40.219+09:00 DEBUG 2632 --- [    Test worker] org.hibernate.type.BasicTypeRegistry     : Adding type registration OffsetTime -> org.hibernate.type.BasicTypeReference@cae2a97
2024-03-31T10:52:40.219+09:00 DEBUG 2632 --- [    Test worker] org.hibernate.type.BasicTypeRegistry     : Adding type registration java.time.OffsetTime -> org.hibernate.type.BasicTypeReference@cae2a97
2024-03-31T10:52:40.219+09:00 DEBUG 2632 --- [    Test worker] org.hibernate.type.BasicTypeRegistry     : Adding type registration OffsetTimeUtc -> org.hibernate.type.BasicTypeReference@7d12429
2024-03-31T10:52:40.219+09:00 DEBUG 2632 --- [    Test worker] org.hibernate.type.BasicTypeRegistry     : Adding type registration OffsetTimeWithTimezone -> org.hibernate.type.BasicTypeReference@14656be5
2024-03-31T10:52:40.219+09:00 DEBUG 2632 --- [    Test worker] org.hibernate.type.BasicTypeRegistry     : Adding type registration OffsetTimeWithoutTimezone -> org.hibernate.type.BasicTypeReference@20be890d
2024-03-31T10:52:40.219+09:00 DEBUG 2632 --- [    Test worker] org.hibernate.type.BasicTypeRegistry     : Adding type registration ZonedDateTime -> org.hibernate.type.BasicTypeReference@5db9f51f
2024-03-31T10:52:40.219+09:00 DEBUG 2632 --- [    Test worker] org.hibernate.type.BasicTypeRegistry     : Adding type registration java.time.ZonedDateTime -> org.hibernate.type.BasicTypeReference@5db9f51f
2024-03-31T10:52:40.219+09:00 DEBUG 2632 --- [    Test worker] org.hibernate.type.BasicTypeRegistry     : Adding type registration ZonedDateTimeWithTimezone -> org.hibernate.type.BasicTypeReference@534762ed
2024-03-31T10:52:40.219+09:00 DEBUG 2632 --- [    Test worker] org.hibernate.type.BasicTypeRegistry     : Adding type registration ZonedDateTimeWithoutTimezone -> org.hibernate.type.BasicTypeReference@6c421123
2024-03-31T10:52:40.219+09:00 DEBUG 2632 --- [    Test worker] org.hibernate.type.BasicTypeRegistry     : Adding type registration date -> org.hibernate.type.BasicTypeReference@38e00b47
2024-03-31T10:52:40.219+09:00 DEBUG 2632 --- [    Test worker] org.hibernate.type.BasicTypeRegistry     : Adding type registration java.sql.Date -> org.hibernate.type.BasicTypeReference@38e00b47
2024-03-31T10:52:40.219+09:00 DEBUG 2632 --- [    Test worker] org.hibernate.type.BasicTypeRegistry     : Adding type registration time -> org.hibernate.type.BasicTypeReference@2a631049
2024-03-31T10:52:40.219+09:00 DEBUG 2632 --- [    Test worker] org.hibernate.type.BasicTypeRegistry     : Adding type registration java.sql.Time -> org.hibernate.type.BasicTypeReference@2a631049
2024-03-31T10:52:40.219+09:00 DEBUG 2632 --- [    Test worker] org.hibernate.type.BasicTypeRegistry     : Adding type registration timestamp -> org.hibernate.type.BasicTypeReference@425b5fe2
2024-03-31T10:52:40.219+09:00 DEBUG 2632 --- [    Test worker] org.hibernate.type.BasicTypeRegistry     : Adding type registration java.sql.Timestamp -> org.hibernate.type.BasicTypeReference@425b5fe2
2024-03-31T10:52:40.219+09:00 DEBUG 2632 --- [    Test worker] org.hibernate.type.BasicTypeRegistry     : Adding type registration java.util.Date -> org.hibernate.type.BasicTypeReference@425b5fe2
2024-03-31T10:52:40.219+09:00 DEBUG 2632 --- [    Test worker] org.hibernate.type.BasicTypeRegistry     : Adding type registration calendar -> org.hibernate.type.BasicTypeReference@3eec8583
2024-03-31T10:52:40.219+09:00 DEBUG 2632 --- [    Test worker] org.hibernate.type.BasicTypeRegistry     : Adding type registration java.util.Calendar -> org.hibernate.type.BasicTypeReference@3eec8583
2024-03-31T10:52:40.220+09:00 DEBUG 2632 --- [    Test worker] org.hibernate.type.BasicTypeRegistry     : Adding type registration java.util.GregorianCalendar -> org.hibernate.type.BasicTypeReference@3eec8583
2024-03-31T10:52:40.220+09:00 DEBUG 2632 --- [    Test worker] org.hibernate.type.BasicTypeRegistry     : Adding type registration calendar_date -> org.hibernate.type.BasicTypeReference@66e1b2a
2024-03-31T10:52:40.220+09:00 DEBUG 2632 --- [    Test worker] org.hibernate.type.BasicTypeRegistry     : Adding type registration calendar_time -> org.hibernate.type.BasicTypeReference@343db2f6
2024-03-31T10:52:40.220+09:00 DEBUG 2632 --- [    Test worker] org.hibernate.type.BasicTypeRegistry     : Adding type registration instant -> org.hibernate.type.BasicTypeReference@2c815fdc
2024-03-31T10:52:40.220+09:00 DEBUG 2632 --- [    Test worker] org.hibernate.type.BasicTypeRegistry     : Adding type registration java.time.Instant -> org.hibernate.type.BasicTypeReference@2c815fdc
2024-03-31T10:52:40.220+09:00 DEBUG 2632 --- [    Test worker] org.hibernate.type.BasicTypeRegistry     : Adding type registration uuid -> org.hibernate.type.BasicTypeReference@769b0752
2024-03-31T10:52:40.220+09:00 DEBUG 2632 --- [    Test worker] org.hibernate.type.BasicTypeRegistry     : Adding type registration java.util.UUID -> org.hibernate.type.BasicTypeReference@769b0752
2024-03-31T10:52:40.220+09:00 DEBUG 2632 --- [    Test worker] org.hibernate.type.BasicTypeRegistry     : Adding type registration pg-uuid -> org.hibernate.type.BasicTypeReference@769b0752
2024-03-31T10:52:40.220+09:00 DEBUG 2632 --- [    Test worker] org.hibernate.type.BasicTypeRegistry     : Adding type registration uuid-binary -> org.hibernate.type.BasicTypeReference@dae5e0
2024-03-31T10:52:40.220+09:00 DEBUG 2632 --- [    Test worker] org.hibernate.type.BasicTypeRegistry     : Adding type registration uuid-char -> org.hibernate.type.BasicTypeReference@59a94d0f
2024-03-31T10:52:40.220+09:00 DEBUG 2632 --- [    Test worker] org.hibernate.type.BasicTypeRegistry     : Adding type registration class -> org.hibernate.type.BasicTypeReference@7ff09659
2024-03-31T10:52:40.220+09:00 DEBUG 2632 --- [    Test worker] org.hibernate.type.BasicTypeRegistry     : Adding type registration java.lang.Class -> org.hibernate.type.BasicTypeReference@7ff09659
2024-03-31T10:52:40.220+09:00 DEBUG 2632 --- [    Test worker] org.hibernate.type.BasicTypeRegistry     : Adding type registration currency -> org.hibernate.type.BasicTypeReference@517fbf62
2024-03-31T10:52:40.220+09:00 DEBUG 2632 --- [    Test worker] org.hibernate.type.BasicTypeRegistry     : Adding type registration Currency -> org.hibernate.type.BasicTypeReference@517fbf62
2024-03-31T10:52:40.220+09:00 DEBUG 2632 --- [    Test worker] org.hibernate.type.BasicTypeRegistry     : Adding type registration java.util.Currency -> org.hibernate.type.BasicTypeReference@517fbf62
2024-03-31T10:52:40.220+09:00 DEBUG 2632 --- [    Test worker] org.hibernate.type.BasicTypeRegistry     : Adding type registration locale -> org.hibernate.type.BasicTypeReference@65db548
2024-03-31T10:52:40.220+09:00 DEBUG 2632 --- [    Test worker] org.hibernate.type.BasicTypeRegistry     : Adding type registration java.util.Locale -> org.hibernate.type.BasicTypeReference@65db548
2024-03-31T10:52:40.222+09:00 DEBUG 2632 --- [    Test worker] org.hibernate.type.BasicTypeRegistry     : Adding type registration serializable -> org.hibernate.type.BasicTypeReference@150f41b9
2024-03-31T10:52:40.222+09:00 DEBUG 2632 --- [    Test worker] org.hibernate.type.BasicTypeRegistry     : Adding type registration java.io.Serializable -> org.hibernate.type.BasicTypeReference@150f41b9
2024-03-31T10:52:40.222+09:00 DEBUG 2632 --- [    Test worker] org.hibernate.type.BasicTypeRegistry     : Adding type registration timezone -> org.hibernate.type.BasicTypeReference@6e364f1f
2024-03-31T10:52:40.222+09:00 DEBUG 2632 --- [    Test worker] org.hibernate.type.BasicTypeRegistry     : Adding type registration java.util.TimeZone -> org.hibernate.type.BasicTypeReference@6e364f1f
2024-03-31T10:52:40.222+09:00 DEBUG 2632 --- [    Test worker] org.hibernate.type.BasicTypeRegistry     : Adding type registration ZoneOffset -> org.hibernate.type.BasicTypeReference@429e7914
2024-03-31T10:52:40.222+09:00 DEBUG 2632 --- [    Test worker] org.hibernate.type.BasicTypeRegistry     : Adding type registration java.time.ZoneOffset -> org.hibernate.type.BasicTypeReference@429e7914
2024-03-31T10:52:40.222+09:00 DEBUG 2632 --- [    Test worker] org.hibernate.type.BasicTypeRegistry     : Adding type registration url -> org.hibernate.type.BasicTypeReference@298263fa
2024-03-31T10:52:40.222+09:00 DEBUG 2632 --- [    Test worker] org.hibernate.type.BasicTypeRegistry     : Adding type registration java.net.URL -> org.hibernate.type.BasicTypeReference@298263fa
2024-03-31T10:52:40.222+09:00 DEBUG 2632 --- [    Test worker] org.hibernate.type.BasicTypeRegistry     : Adding type registration vector -> org.hibernate.type.BasicTypeReference@466fedfa
2024-03-31T10:52:40.222+09:00 DEBUG 2632 --- [    Test worker] org.hibernate.type.BasicTypeRegistry     : Adding type registration row_version -> org.hibernate.type.BasicTypeReference@1a7d0c9f
2024-03-31T10:52:40.224+09:00 DEBUG 2632 --- [    Test worker] org.hibernate.type.BasicTypeRegistry     : Adding type registration object -> org.hibernate.type.JavaObjectType@12aa381f
2024-03-31T10:52:40.224+09:00 DEBUG 2632 --- [    Test worker] org.hibernate.type.BasicTypeRegistry     : Adding type registration java.lang.Object -> org.hibernate.type.JavaObjectType@12aa381f
2024-03-31T10:52:40.225+09:00 DEBUG 2632 --- [    Test worker] org.hibernate.type.BasicTypeRegistry     : Adding type registration null -> org.hibernate.type.NullType@542ff147
2024-03-31T10:52:40.225+09:00 DEBUG 2632 --- [    Test worker] org.hibernate.type.BasicTypeRegistry     : Adding type registration imm_date -> org.hibernate.type.BasicTypeReference@2d801d8
2024-03-31T10:52:40.225+09:00 DEBUG 2632 --- [    Test worker] org.hibernate.type.BasicTypeRegistry     : Adding type registration imm_time -> org.hibernate.type.BasicTypeReference@2807cf3
2024-03-31T10:52:40.225+09:00 DEBUG 2632 --- [    Test worker] org.hibernate.type.BasicTypeRegistry     : Adding type registration imm_timestamp -> org.hibernate.type.BasicTypeReference@298e002d
2024-03-31T10:52:40.225+09:00 DEBUG 2632 --- [    Test worker] org.hibernate.type.BasicTypeRegistry     : Adding type registration imm_calendar -> org.hibernate.type.BasicTypeReference@6b9a1205
2024-03-31T10:52:40.225+09:00 DEBUG 2632 --- [    Test worker] org.hibernate.type.BasicTypeRegistry     : Adding type registration imm_calendar_date -> org.hibernate.type.BasicTypeReference@3c6bd624
2024-03-31T10:52:40.225+09:00 DEBUG 2632 --- [    Test worker] org.hibernate.type.BasicTypeRegistry     : Adding type registration imm_calendar_time -> org.hibernate.type.BasicTypeReference@3d8d52be
2024-03-31T10:52:40.225+09:00 DEBUG 2632 --- [    Test worker] org.hibernate.type.BasicTypeRegistry     : Adding type registration imm_binary -> org.hibernate.type.BasicTypeReference@645ba24a
2024-03-31T10:52:40.225+09:00 DEBUG 2632 --- [    Test worker] org.hibernate.type.BasicTypeRegistry     : Adding type registration imm_serializable -> org.hibernate.type.BasicTypeReference@5f6a8efe
2024-03-31T10:52:40.311+09:00  INFO 2632 --- [    Test worker] o.s.o.j.p.SpringPersistenceUnitInfo      : No LoadTimeWeaver setup: ignoring JPA class transformer
2024-03-31T10:52:40.329+09:00  INFO 2632 --- [    Test worker] com.zaxxer.hikari.HikariDataSource       : HikariPool-1 - Starting...
2024-03-31T10:52:40.566+09:00  INFO 2632 --- [    Test worker] com.zaxxer.hikari.pool.HikariPool        : HikariPool-1 - Added connection com.mysql.cj.jdbc.ConnectionImpl@3dbbed3e
2024-03-31T10:52:40.568+09:00  INFO 2632 --- [    Test worker] com.zaxxer.hikari.HikariDataSource       : HikariPool-1 - Start completed.
2024-03-31T10:52:40.628+09:00 DEBUG 2632 --- [    Test worker] o.h.t.d.sql.spi.DdlTypeRegistry          : addDescriptor(12, org.hibernate.type.descriptor.sql.internal.CapacityDependentDdlType@683ed81b) replaced previous registration(org.hibernate.type.descriptor.sql.internal.CapacityDependentDdlType@3c116f26)
2024-03-31T10:52:40.628+09:00 DEBUG 2632 --- [    Test worker] o.h.t.d.sql.spi.DdlTypeRegistry          : addDescriptor(-9, org.hibernate.type.descriptor.sql.internal.CapacityDependentDdlType@7db06c50) replaced previous registration(org.hibernate.type.descriptor.sql.internal.CapacityDependentDdlType@1554eaa4)
2024-03-31T10:52:40.628+09:00 DEBUG 2632 --- [    Test worker] o.h.t.d.sql.spi.DdlTypeRegistry          : addDescriptor(-3, org.hibernate.type.descriptor.sql.internal.CapacityDependentDdlType@b340615) replaced previous registration(org.hibernate.type.descriptor.sql.internal.CapacityDependentDdlType@3c6b300a)
2024-03-31T10:52:40.628+09:00 DEBUG 2632 --- [    Test worker] o.h.t.d.sql.spi.DdlTypeRegistry          : addDescriptor(4003, org.hibernate.type.descriptor.sql.internal.DdlTypeImpl@4247093b) replaced previous registration(org.hibernate.type.descriptor.sql.internal.DdlTypeImpl@7074da1d)
2024-03-31T10:52:40.628+09:00 DEBUG 2632 --- [    Test worker] o.h.t.d.sql.spi.DdlTypeRegistry          : addDescriptor(4001, org.hibernate.type.descriptor.sql.internal.DdlTypeImpl@5bdb6ea8) replaced previous registration(org.hibernate.type.descriptor.sql.internal.DdlTypeImpl@3e55eeb9)
2024-03-31T10:52:40.628+09:00 DEBUG 2632 --- [    Test worker] o.h.t.d.sql.spi.DdlTypeRegistry          : addDescriptor(4002, org.hibernate.type.descriptor.sql.internal.DdlTypeImpl@44a13699) replaced previous registration(org.hibernate.type.descriptor.sql.internal.DdlTypeImpl@1253b822)
2024-03-31T10:52:40.628+09:00 DEBUG 2632 --- [    Test worker] o.h.t.d.sql.spi.DdlTypeRegistry          : addDescriptor(2004, org.hibernate.type.descriptor.sql.internal.CapacityDependentDdlType@127d2aee) replaced previous registration(org.hibernate.type.descriptor.sql.internal.DdlTypeImpl@3cc2e3e)
2024-03-31T10:52:40.628+09:00 DEBUG 2632 --- [    Test worker] o.h.t.d.sql.spi.DdlTypeRegistry          : addDescriptor(2005, org.hibernate.type.descriptor.sql.internal.CapacityDependentDdlType@4e14d520) replaced previous registration(org.hibernate.type.descriptor.sql.internal.DdlTypeImpl@4189e668)
2024-03-31T10:52:40.628+09:00 DEBUG 2632 --- [    Test worker] o.h.t.d.sql.spi.DdlTypeRegistry          : addDescriptor(2011, org.hibernate.type.descriptor.sql.internal.CapacityDependentDdlType@3a589eed) replaced previous registration(org.hibernate.type.descriptor.sql.internal.DdlTypeImpl@5807ea46)
2024-03-31T10:52:40.629+09:00 DEBUG 2632 --- [    Test worker] o.h.t.d.jdbc.spi.JdbcTypeRegistry        : addDescriptor(NCharTypeDescriptor) replaced previous registration(CharTypeDescriptor)
2024-03-31T10:52:40.629+09:00 DEBUG 2632 --- [    Test worker] o.h.t.d.jdbc.spi.JdbcTypeRegistry        : addDescriptor(NVarcharTypeDescriptor) replaced previous registration(VarcharTypeDescriptor)
2024-03-31T10:52:40.629+09:00 DEBUG 2632 --- [    Test worker] o.h.t.d.jdbc.spi.JdbcTypeRegistry        : addDescriptor(LongNVarcharTypeDescriptor) replaced previous registration(LongVarcharTypeDescriptor)
2024-03-31T10:52:40.631+09:00 DEBUG 2632 --- [    Test worker] o.h.t.d.jdbc.spi.JdbcTypeRegistry        : addDescriptor(NClobTypeDescriptor(DEFAULT)) replaced previous registration(ClobTypeDescriptor(DEFAULT))
2024-03-31T10:52:40.631+09:00 DEBUG 2632 --- [    Test worker] o.h.t.d.jdbc.spi.JdbcTypeRegistry        : addDescriptor(2005, ClobTypeDescriptor(STREAM_BINDING)) replaced previous registration(ClobTypeDescriptor(DEFAULT))
2024-03-31T10:52:40.632+09:00 DEBUG 2632 --- [    Test worker] org.hibernate.type.BasicTypeRegistry     : Adding type registration null -> org.hibernate.type.NullType@547052
2024-03-31T10:52:40.632+09:00 DEBUG 2632 --- [    Test worker] org.hibernate.type.BasicTypeRegistry     : Type registration key [null] overrode previous entry : `org.hibernate.type.NullType@542ff147`
2024-03-31T10:52:40.634+09:00 DEBUG 2632 --- [    Test worker] org.hibernate.type.BasicTypeRegistry     : Adding type registration org.hibernate.type.DurationType -> basicType@1(java.time.Duration,2)
2024-03-31T10:52:40.634+09:00 DEBUG 2632 --- [    Test worker] org.hibernate.type.BasicTypeRegistry     : Adding type registration Duration -> basicType@1(java.time.Duration,2)
2024-03-31T10:52:40.634+09:00 DEBUG 2632 --- [    Test worker] org.hibernate.type.BasicTypeRegistry     : Adding type registration java.time.Duration -> basicType@1(java.time.Duration,2)
2024-03-31T10:52:40.637+09:00 DEBUG 2632 --- [    Test worker] org.hibernate.type.BasicTypeRegistry     : Adding type registration org.hibernate.type.OffsetDateTimeType -> basicType@2(java.time.OffsetDateTime,3003)
2024-03-31T10:52:40.637+09:00 DEBUG 2632 --- [    Test worker] org.hibernate.type.BasicTypeRegistry     : Adding type registration OffsetDateTime -> basicType@2(java.time.OffsetDateTime,3003)
2024-03-31T10:52:40.637+09:00 DEBUG 2632 --- [    Test worker] org.hibernate.type.BasicTypeRegistry     : Adding type registration java.time.OffsetDateTime -> basicType@2(java.time.OffsetDateTime,3003)
2024-03-31T10:52:40.637+09:00 DEBUG 2632 --- [    Test worker] org.hibernate.type.BasicTypeRegistry     : Adding type registration org.hibernate.type.ZonedDateTimeType -> basicType@3(java.time.ZonedDateTime,3003)
2024-03-31T10:52:40.637+09:00 DEBUG 2632 --- [    Test worker] org.hibernate.type.BasicTypeRegistry     : Adding type registration ZonedDateTime -> basicType@3(java.time.ZonedDateTime,3003)
2024-03-31T10:52:40.637+09:00 DEBUG 2632 --- [    Test worker] org.hibernate.type.BasicTypeRegistry     : Adding type registration java.time.ZonedDateTime -> basicType@3(java.time.ZonedDateTime,3003)
2024-03-31T10:52:40.638+09:00 DEBUG 2632 --- [    Test worker] org.hibernate.type.BasicTypeRegistry     : Adding type registration org.hibernate.type.OffsetTimeType -> basicType@4(java.time.OffsetTime,3007)
2024-03-31T10:52:40.638+09:00 DEBUG 2632 --- [    Test worker] org.hibernate.type.BasicTypeRegistry     : Adding type registration OffsetTime -> basicType@4(java.time.OffsetTime,3007)
2024-03-31T10:52:40.638+09:00 DEBUG 2632 --- [    Test worker] org.hibernate.type.BasicTypeRegistry     : Adding type registration java.time.OffsetTime -> basicType@4(java.time.OffsetTime,3007)
2024-03-31T10:52:40.638+09:00 DEBUG 2632 --- [    Test worker] o.h.type.spi.TypeConfiguration$Scope     : Scoping TypeConfiguration [org.hibernate.type.spi.TypeConfiguration@7cd8831c] to MetadataBuildingContext [org.hibernate.boot.internal.MetadataBuildingContextRootImpl@146db8a6]
2024-03-31T10:52:41.205+09:00  INFO 2632 --- [    Test worker] o.h.e.t.j.p.i.JtaPlatformInitiator       : HHH000489: No JTA platform available (set 'hibernate.transaction.jta.platform' to enable JTA platform integration)
2024-03-31T10:52:41.205+09:00 DEBUG 2632 --- [    Test worker] o.h.type.spi.TypeConfiguration$Scope     : Scoping TypeConfiguration [org.hibernate.type.spi.TypeConfiguration@7cd8831c] to SessionFactoryImplementor [org.hibernate.internal.SessionFactoryImpl@7f38545a]
2024-03-31T10:52:41.267+09:00 TRACE 2632 --- [    Test worker] o.h.type.spi.TypeConfiguration$Scope     : Handling #sessionFactoryCreated from [org.hibernate.internal.SessionFactoryImpl@7f38545a] for TypeConfiguration
2024-03-31T10:52:41.267+09:00  INFO 2632 --- [    Test worker] j.LocalContainerEntityManagerFactoryBean : Initialized JPA EntityManagerFactory for persistence unit 'default'
2024-03-31T10:52:41.893+09:00  INFO 2632 --- [    Test worker] o.s.b.a.w.s.WelcomePageHandlerMapping    : Adding welcome page template: index
2024-03-31T10:52:42.854+09:00  INFO 2632 --- [    Test worker] c.e.portfolio.PortfolioApplicationTests  : Started PortfolioApplicationTests in 3.781 seconds (process running for 4.498)
]]></system-out>
  <system-err><![CDATA[WARNING: A Java agent has been loaded dynamically (C:\Users\82106\.gradle\caches\modules-2\files-2.1\net.bytebuddy\byte-buddy-agent\1.14.11\f9cb566608fbac6bc7bf54901a7aa11543a989ee\byte-buddy-agent-1.14.11.jar)
WARNING: If a serviceability tool is in use, please run with -XX:+EnableDynamicAgentLoading to hide this warning
WARNING: If a serviceability tool is not in use, please run with -Djdk.instrument.traceUsage for more information
WARNING: Dynamic loading of agents will be disallowed by default in a future release
]]></system-err>
</testsuite>
