<?xml version="1.0" encoding="UTF-8"?>
<testsuite name="com.example.portfolio.PortfolioApplicationTests" tests="1" skipped="0" failures="0" errors="0" timestamp="2024-03-26T00:29:08" hostname="DESKTOP-HLEQ68I" time="0.921">
  <properties/>
  <testcase name="contextLoads()" classname="com.example.portfolio.PortfolioApplicationTests" time="0.921"/>
  <system-out><![CDATA[09:28:58.020 [Test worker] INFO org.springframework.test.context.support.AnnotationConfigContextLoaderUtils -- Could not detect default configuration classes for test class [com.example.portfolio.PortfolioApplicationTests]: PortfolioApplicationTests does not declare any static, non-private, non-final, nested classes annotated with @Configuration.
09:28:58.242 [Test worker] INFO org.springframework.boot.test.context.SpringBootTestContextBootstrapper -- Found @SpringBootConfiguration com.example.portfolio.PortfolioApplication for test class com.example.portfolio.PortfolioApplicationTests

  .   ____          _            __ _ _
 /\\ / ___'_ __ _ _(_)_ __  __ _ \ \ \ \
( ( )\___ | '_ | '_| | '_ \/ _` | \ \ \ \
 \\/  ___)| |_)| | | | | || (_| |  ) ) ) )
  '  |____| .__|_| |_|_| |_\__, | / / / /
 =========|_|==============|___/=/_/_/_/
 :: Spring Boot ::                (v3.2.2)

2024-03-26T09:28:59.167+09:00  INFO 17028 --- [    Test worker] c.e.portfolio.PortfolioApplicationTests  : Starting PortfolioApplicationTests using Java 17.0.10 with PID 17028 (started by sola2 in C:\Users\sola2\OneDrive\바탕 화면\portfolio)
2024-03-26T09:28:59.170+09:00  INFO 17028 --- [    Test worker] c.e.portfolio.PortfolioApplicationTests  : The following 1 profile is active: "secret"
2024-03-26T09:29:00.855+09:00  INFO 17028 --- [    Test worker] .s.d.r.c.RepositoryConfigurationDelegate : Bootstrapping Spring Data JPA repositories in DEFAULT mode.
2024-03-26T09:29:00.898+09:00  INFO 17028 --- [    Test worker] .s.d.r.c.RepositoryConfigurationDelegate : Finished Spring Data repository scanning in 29 ms. Found 0 JPA repository interfaces.
2024-03-26T09:29:01.958+09:00  INFO 17028 --- [    Test worker] o.hibernate.jpa.internal.util.LogHelper  : HHH000204: Processing PersistenceUnitInfo [name: default]
2024-03-26T09:29:02.063+09:00  INFO 17028 --- [    Test worker] org.hibernate.Version                    : HHH000412: Hibernate ORM core version 6.4.1.Final
2024-03-26T09:29:02.133+09:00  INFO 17028 --- [    Test worker] o.h.c.internal.RegionFactoryInitiator    : HHH000026: Second-level cache disabled
2024-03-26T09:29:02.271+09:00 DEBUG 17028 --- [    Test worker] org.hibernate.type.BasicTypeRegistry     : Adding type registration boolean -> org.hibernate.type.BasicTypeReference@521ba38f
2024-03-26T09:29:02.272+09:00 DEBUG 17028 --- [    Test worker] org.hibernate.type.BasicTypeRegistry     : Adding type registration boolean -> org.hibernate.type.BasicTypeReference@521ba38f
2024-03-26T09:29:02.272+09:00 DEBUG 17028 --- [    Test worker] org.hibernate.type.BasicTypeRegistry     : Adding type registration java.lang.Boolean -> org.hibernate.type.BasicTypeReference@521ba38f
2024-03-26T09:29:02.272+09:00 DEBUG 17028 --- [    Test worker] org.hibernate.type.BasicTypeRegistry     : Adding type registration numeric_boolean -> org.hibernate.type.BasicTypeReference@2086d469
2024-03-26T09:29:02.272+09:00 DEBUG 17028 --- [    Test worker] org.hibernate.type.BasicTypeRegistry     : Adding type registration org.hibernate.type.NumericBooleanConverter -> org.hibernate.type.BasicTypeReference@2086d469
2024-03-26T09:29:02.273+09:00 DEBUG 17028 --- [    Test worker] org.hibernate.type.BasicTypeRegistry     : Adding type registration true_false -> org.hibernate.type.BasicTypeReference@b1d19ff
2024-03-26T09:29:02.273+09:00 DEBUG 17028 --- [    Test worker] org.hibernate.type.BasicTypeRegistry     : Adding type registration org.hibernate.type.TrueFalseConverter -> org.hibernate.type.BasicTypeReference@b1d19ff
2024-03-26T09:29:02.273+09:00 DEBUG 17028 --- [    Test worker] org.hibernate.type.BasicTypeRegistry     : Adding type registration yes_no -> org.hibernate.type.BasicTypeReference@17c53dfb
2024-03-26T09:29:02.273+09:00 DEBUG 17028 --- [    Test worker] org.hibernate.type.BasicTypeRegistry     : Adding type registration org.hibernate.type.YesNoConverter -> org.hibernate.type.BasicTypeReference@17c53dfb
2024-03-26T09:29:02.273+09:00 DEBUG 17028 --- [    Test worker] org.hibernate.type.BasicTypeRegistry     : Adding type registration byte -> org.hibernate.type.BasicTypeReference@184de357
2024-03-26T09:29:02.274+09:00 DEBUG 17028 --- [    Test worker] org.hibernate.type.BasicTypeRegistry     : Adding type registration byte -> org.hibernate.type.BasicTypeReference@184de357
2024-03-26T09:29:02.274+09:00 DEBUG 17028 --- [    Test worker] org.hibernate.type.BasicTypeRegistry     : Adding type registration java.lang.Byte -> org.hibernate.type.BasicTypeReference@184de357
2024-03-26T09:29:02.275+09:00 DEBUG 17028 --- [    Test worker] org.hibernate.type.BasicTypeRegistry     : Adding type registration binary -> org.hibernate.type.BasicTypeReference@efe49ab
2024-03-26T09:29:02.275+09:00 DEBUG 17028 --- [    Test worker] org.hibernate.type.BasicTypeRegistry     : Adding type registration byte[] -> org.hibernate.type.BasicTypeReference@efe49ab
2024-03-26T09:29:02.275+09:00 DEBUG 17028 --- [    Test worker] org.hibernate.type.BasicTypeRegistry     : Adding type registration [B -> org.hibernate.type.BasicTypeReference@efe49ab
2024-03-26T09:29:02.276+09:00 DEBUG 17028 --- [    Test worker] org.hibernate.type.BasicTypeRegistry     : Adding type registration binary_wrapper -> org.hibernate.type.BasicTypeReference@247bbfba
2024-03-26T09:29:02.276+09:00 DEBUG 17028 --- [    Test worker] org.hibernate.type.BasicTypeRegistry     : Adding type registration wrapper-binary -> org.hibernate.type.BasicTypeReference@247bbfba
2024-03-26T09:29:02.276+09:00 DEBUG 17028 --- [    Test worker] org.hibernate.type.BasicTypeRegistry     : Adding type registration image -> org.hibernate.type.BasicTypeReference@5834198f
2024-03-26T09:29:02.277+09:00 DEBUG 17028 --- [    Test worker] org.hibernate.type.BasicTypeRegistry     : Adding type registration blob -> org.hibernate.type.BasicTypeReference@4eb63dc8
2024-03-26T09:29:02.277+09:00 DEBUG 17028 --- [    Test worker] org.hibernate.type.BasicTypeRegistry     : Adding type registration java.sql.Blob -> org.hibernate.type.BasicTypeReference@4eb63dc8
2024-03-26T09:29:02.277+09:00 DEBUG 17028 --- [    Test worker] org.hibernate.type.BasicTypeRegistry     : Adding type registration materialized_blob -> org.hibernate.type.BasicTypeReference@402d6012
2024-03-26T09:29:02.277+09:00 DEBUG 17028 --- [    Test worker] org.hibernate.type.BasicTypeRegistry     : Adding type registration materialized_blob_wrapper -> org.hibernate.type.BasicTypeReference@395281c2
2024-03-26T09:29:02.277+09:00 DEBUG 17028 --- [    Test worker] org.hibernate.type.BasicTypeRegistry     : Adding type registration short -> org.hibernate.type.BasicTypeReference@41d20f06
2024-03-26T09:29:02.278+09:00 DEBUG 17028 --- [    Test worker] org.hibernate.type.BasicTypeRegistry     : Adding type registration short -> org.hibernate.type.BasicTypeReference@41d20f06
2024-03-26T09:29:02.278+09:00 DEBUG 17028 --- [    Test worker] org.hibernate.type.BasicTypeRegistry     : Adding type registration java.lang.Short -> org.hibernate.type.BasicTypeReference@41d20f06
2024-03-26T09:29:02.278+09:00 DEBUG 17028 --- [    Test worker] org.hibernate.type.BasicTypeRegistry     : Adding type registration integer -> org.hibernate.type.BasicTypeReference@3e753289
2024-03-26T09:29:02.278+09:00 DEBUG 17028 --- [    Test worker] org.hibernate.type.BasicTypeRegistry     : Adding type registration int -> org.hibernate.type.BasicTypeReference@3e753289
2024-03-26T09:29:02.279+09:00 DEBUG 17028 --- [    Test worker] org.hibernate.type.BasicTypeRegistry     : Adding type registration java.lang.Integer -> org.hibernate.type.BasicTypeReference@3e753289
2024-03-26T09:29:02.279+09:00 DEBUG 17028 --- [    Test worker] org.hibernate.type.BasicTypeRegistry     : Adding type registration long -> org.hibernate.type.BasicTypeReference@1573e8a5
2024-03-26T09:29:02.279+09:00 DEBUG 17028 --- [    Test worker] org.hibernate.type.BasicTypeRegistry     : Adding type registration long -> org.hibernate.type.BasicTypeReference@1573e8a5
2024-03-26T09:29:02.279+09:00 DEBUG 17028 --- [    Test worker] org.hibernate.type.BasicTypeRegistry     : Adding type registration java.lang.Long -> org.hibernate.type.BasicTypeReference@1573e8a5
2024-03-26T09:29:02.280+09:00 DEBUG 17028 --- [    Test worker] org.hibernate.type.BasicTypeRegistry     : Adding type registration float -> org.hibernate.type.BasicTypeReference@38022758
2024-03-26T09:29:02.280+09:00 DEBUG 17028 --- [    Test worker] org.hibernate.type.BasicTypeRegistry     : Adding type registration float -> org.hibernate.type.BasicTypeReference@38022758
2024-03-26T09:29:02.280+09:00 DEBUG 17028 --- [    Test worker] org.hibernate.type.BasicTypeRegistry     : Adding type registration java.lang.Float -> org.hibernate.type.BasicTypeReference@38022758
2024-03-26T09:29:02.280+09:00 DEBUG 17028 --- [    Test worker] org.hibernate.type.BasicTypeRegistry     : Adding type registration double -> org.hibernate.type.BasicTypeReference@69f9b561
2024-03-26T09:29:02.281+09:00 DEBUG 17028 --- [    Test worker] org.hibernate.type.BasicTypeRegistry     : Adding type registration double -> org.hibernate.type.BasicTypeReference@69f9b561
2024-03-26T09:29:02.281+09:00 DEBUG 17028 --- [    Test worker] org.hibernate.type.BasicTypeRegistry     : Adding type registration java.lang.Double -> org.hibernate.type.BasicTypeReference@69f9b561
2024-03-26T09:29:02.281+09:00 DEBUG 17028 --- [    Test worker] org.hibernate.type.BasicTypeRegistry     : Adding type registration big_integer -> org.hibernate.type.BasicTypeReference@7e8f23ad
2024-03-26T09:29:02.281+09:00 DEBUG 17028 --- [    Test worker] org.hibernate.type.BasicTypeRegistry     : Adding type registration java.math.BigInteger -> org.hibernate.type.BasicTypeReference@7e8f23ad
2024-03-26T09:29:02.282+09:00 DEBUG 17028 --- [    Test worker] org.hibernate.type.BasicTypeRegistry     : Adding type registration big_decimal -> org.hibernate.type.BasicTypeReference@7433ca19
2024-03-26T09:29:02.282+09:00 DEBUG 17028 --- [    Test worker] org.hibernate.type.BasicTypeRegistry     : Adding type registration java.math.BigDecimal -> org.hibernate.type.BasicTypeReference@7433ca19
2024-03-26T09:29:02.282+09:00 DEBUG 17028 --- [    Test worker] org.hibernate.type.BasicTypeRegistry     : Adding type registration character -> org.hibernate.type.BasicTypeReference@5d221b20
2024-03-26T09:29:02.282+09:00 DEBUG 17028 --- [    Test worker] org.hibernate.type.BasicTypeRegistry     : Adding type registration char -> org.hibernate.type.BasicTypeReference@5d221b20
2024-03-26T09:29:02.283+09:00 DEBUG 17028 --- [    Test worker] org.hibernate.type.BasicTypeRegistry     : Adding type registration java.lang.Character -> org.hibernate.type.BasicTypeReference@5d221b20
2024-03-26T09:29:02.283+09:00 DEBUG 17028 --- [    Test worker] org.hibernate.type.BasicTypeRegistry     : Adding type registration character_nchar -> org.hibernate.type.BasicTypeReference@79d4ff58
2024-03-26T09:29:02.283+09:00 DEBUG 17028 --- [    Test worker] org.hibernate.type.BasicTypeRegistry     : Adding type registration string -> org.hibernate.type.BasicTypeReference@7ec13984
2024-03-26T09:29:02.284+09:00 DEBUG 17028 --- [    Test worker] org.hibernate.type.BasicTypeRegistry     : Adding type registration java.lang.String -> org.hibernate.type.BasicTypeReference@7ec13984
2024-03-26T09:29:02.284+09:00 DEBUG 17028 --- [    Test worker] org.hibernate.type.BasicTypeRegistry     : Adding type registration nstring -> org.hibernate.type.BasicTypeReference@14485747
2024-03-26T09:29:02.285+09:00 DEBUG 17028 --- [    Test worker] org.hibernate.type.BasicTypeRegistry     : Adding type registration characters -> org.hibernate.type.BasicTypeReference@59fea5f5
2024-03-26T09:29:02.285+09:00 DEBUG 17028 --- [    Test worker] org.hibernate.type.BasicTypeRegistry     : Adding type registration char[] -> org.hibernate.type.BasicTypeReference@59fea5f5
2024-03-26T09:29:02.285+09:00 DEBUG 17028 --- [    Test worker] org.hibernate.type.BasicTypeRegistry     : Adding type registration [C -> org.hibernate.type.BasicTypeReference@59fea5f5
2024-03-26T09:29:02.285+09:00 DEBUG 17028 --- [    Test worker] org.hibernate.type.BasicTypeRegistry     : Adding type registration wrapper-characters -> org.hibernate.type.BasicTypeReference@78eafad
2024-03-26T09:29:02.286+09:00 DEBUG 17028 --- [    Test worker] org.hibernate.type.BasicTypeRegistry     : Adding type registration text -> org.hibernate.type.BasicTypeReference@70f4abc1
2024-03-26T09:29:02.286+09:00 DEBUG 17028 --- [    Test worker] org.hibernate.type.BasicTypeRegistry     : Adding type registration ntext -> org.hibernate.type.BasicTypeReference@26d028f7
2024-03-26T09:29:02.286+09:00 DEBUG 17028 --- [    Test worker] org.hibernate.type.BasicTypeRegistry     : Adding type registration clob -> org.hibernate.type.BasicTypeReference@a2df0d5
2024-03-26T09:29:02.286+09:00 DEBUG 17028 --- [    Test worker] org.hibernate.type.BasicTypeRegistry     : Adding type registration java.sql.Clob -> org.hibernate.type.BasicTypeReference@a2df0d5
2024-03-26T09:29:02.287+09:00 DEBUG 17028 --- [    Test worker] org.hibernate.type.BasicTypeRegistry     : Adding type registration nclob -> org.hibernate.type.BasicTypeReference@782cc5fa
2024-03-26T09:29:02.287+09:00 DEBUG 17028 --- [    Test worker] org.hibernate.type.BasicTypeRegistry     : Adding type registration java.sql.NClob -> org.hibernate.type.BasicTypeReference@782cc5fa
2024-03-26T09:29:02.287+09:00 DEBUG 17028 --- [    Test worker] org.hibernate.type.BasicTypeRegistry     : Adding type registration materialized_clob -> org.hibernate.type.BasicTypeReference@2dd3d39d
2024-03-26T09:29:02.287+09:00 DEBUG 17028 --- [    Test worker] org.hibernate.type.BasicTypeRegistry     : Adding type registration materialized_clob_char_array -> org.hibernate.type.BasicTypeReference@ae3c140
2024-03-26T09:29:02.288+09:00 DEBUG 17028 --- [    Test worker] org.hibernate.type.BasicTypeRegistry     : Adding type registration materialized_clob_character_array -> org.hibernate.type.BasicTypeReference@6f2d3391
2024-03-26T09:29:02.288+09:00 DEBUG 17028 --- [    Test worker] org.hibernate.type.BasicTypeRegistry     : Adding type registration materialized_nclob -> org.hibernate.type.BasicTypeReference@71b0289b
2024-03-26T09:29:02.288+09:00 DEBUG 17028 --- [    Test worker] org.hibernate.type.BasicTypeRegistry     : Adding type registration materialized_nclob_character_array -> org.hibernate.type.BasicTypeReference@42cc420b
2024-03-26T09:29:02.288+09:00 DEBUG 17028 --- [    Test worker] org.hibernate.type.BasicTypeRegistry     : Adding type registration materialized_nclob_char_array -> org.hibernate.type.BasicTypeReference@563172d3
2024-03-26T09:29:02.288+09:00 DEBUG 17028 --- [    Test worker] org.hibernate.type.BasicTypeRegistry     : Adding type registration Duration -> org.hibernate.type.BasicTypeReference@5086623f
2024-03-26T09:29:02.289+09:00 DEBUG 17028 --- [    Test worker] org.hibernate.type.BasicTypeRegistry     : Adding type registration java.time.Duration -> org.hibernate.type.BasicTypeReference@5086623f
2024-03-26T09:29:02.289+09:00 DEBUG 17028 --- [    Test worker] org.hibernate.type.BasicTypeRegistry     : Adding type registration LocalDateTime -> org.hibernate.type.BasicTypeReference@20027c44
2024-03-26T09:29:02.289+09:00 DEBUG 17028 --- [    Test worker] org.hibernate.type.BasicTypeRegistry     : Adding type registration java.time.LocalDateTime -> org.hibernate.type.BasicTypeReference@20027c44
2024-03-26T09:29:02.289+09:00 DEBUG 17028 --- [    Test worker] org.hibernate.type.BasicTypeRegistry     : Adding type registration LocalDate -> org.hibernate.type.BasicTypeReference@7eae55
2024-03-26T09:29:02.290+09:00 DEBUG 17028 --- [    Test worker] org.hibernate.type.BasicTypeRegistry     : Adding type registration java.time.LocalDate -> org.hibernate.type.BasicTypeReference@7eae55
2024-03-26T09:29:02.290+09:00 DEBUG 17028 --- [    Test worker] org.hibernate.type.BasicTypeRegistry     : Adding type registration LocalTime -> org.hibernate.type.BasicTypeReference@5d84e363
2024-03-26T09:29:02.290+09:00 DEBUG 17028 --- [    Test worker] org.hibernate.type.BasicTypeRegistry     : Adding type registration java.time.LocalTime -> org.hibernate.type.BasicTypeReference@5d84e363
2024-03-26T09:29:02.290+09:00 DEBUG 17028 --- [    Test worker] org.hibernate.type.BasicTypeRegistry     : Adding type registration OffsetDateTime -> org.hibernate.type.BasicTypeReference@3ef0e576
2024-03-26T09:29:02.291+09:00 DEBUG 17028 --- [    Test worker] org.hibernate.type.BasicTypeRegistry     : Adding type registration java.time.OffsetDateTime -> org.hibernate.type.BasicTypeReference@3ef0e576
2024-03-26T09:29:02.291+09:00 DEBUG 17028 --- [    Test worker] org.hibernate.type.BasicTypeRegistry     : Adding type registration OffsetDateTimeWithTimezone -> org.hibernate.type.BasicTypeReference@da34eb0
2024-03-26T09:29:02.291+09:00 DEBUG 17028 --- [    Test worker] org.hibernate.type.BasicTypeRegistry     : Adding type registration OffsetDateTimeWithoutTimezone -> org.hibernate.type.BasicTypeReference@785a4557
2024-03-26T09:29:02.292+09:00 DEBUG 17028 --- [    Test worker] org.hibernate.type.BasicTypeRegistry     : Adding type registration OffsetTime -> org.hibernate.type.BasicTypeReference@2bf3ec4
2024-03-26T09:29:02.292+09:00 DEBUG 17028 --- [    Test worker] org.hibernate.type.BasicTypeRegistry     : Adding type registration java.time.OffsetTime -> org.hibernate.type.BasicTypeReference@2bf3ec4
2024-03-26T09:29:02.292+09:00 DEBUG 17028 --- [    Test worker] org.hibernate.type.BasicTypeRegistry     : Adding type registration OffsetTimeUtc -> org.hibernate.type.BasicTypeReference@3b5da0b0
2024-03-26T09:29:02.292+09:00 DEBUG 17028 --- [    Test worker] org.hibernate.type.BasicTypeRegistry     : Adding type registration OffsetTimeWithTimezone -> org.hibernate.type.BasicTypeReference@2c9cafa5
2024-03-26T09:29:02.293+09:00 DEBUG 17028 --- [    Test worker] org.hibernate.type.BasicTypeRegistry     : Adding type registration OffsetTimeWithoutTimezone -> org.hibernate.type.BasicTypeReference@6c6379c
2024-03-26T09:29:02.293+09:00 DEBUG 17028 --- [    Test worker] org.hibernate.type.BasicTypeRegistry     : Adding type registration ZonedDateTime -> org.hibernate.type.BasicTypeReference@7df4709e
2024-03-26T09:29:02.294+09:00 DEBUG 17028 --- [    Test worker] org.hibernate.type.BasicTypeRegistry     : Adding type registration java.time.ZonedDateTime -> org.hibernate.type.BasicTypeReference@7df4709e
2024-03-26T09:29:02.294+09:00 DEBUG 17028 --- [    Test worker] org.hibernate.type.BasicTypeRegistry     : Adding type registration ZonedDateTimeWithTimezone -> org.hibernate.type.BasicTypeReference@2bfa17b0
2024-03-26T09:29:02.294+09:00 DEBUG 17028 --- [    Test worker] org.hibernate.type.BasicTypeRegistry     : Adding type registration ZonedDateTimeWithoutTimezone -> org.hibernate.type.BasicTypeReference@625264ed
2024-03-26T09:29:02.294+09:00 DEBUG 17028 --- [    Test worker] org.hibernate.type.BasicTypeRegistry     : Adding type registration date -> org.hibernate.type.BasicTypeReference@559fd5ec
2024-03-26T09:29:02.295+09:00 DEBUG 17028 --- [    Test worker] org.hibernate.type.BasicTypeRegistry     : Adding type registration java.sql.Date -> org.hibernate.type.BasicTypeReference@559fd5ec
2024-03-26T09:29:02.295+09:00 DEBUG 17028 --- [    Test worker] org.hibernate.type.BasicTypeRegistry     : Adding type registration time -> org.hibernate.type.BasicTypeReference@bb12f41
2024-03-26T09:29:02.295+09:00 DEBUG 17028 --- [    Test worker] org.hibernate.type.BasicTypeRegistry     : Adding type registration java.sql.Time -> org.hibernate.type.BasicTypeReference@bb12f41
2024-03-26T09:29:02.296+09:00 DEBUG 17028 --- [    Test worker] org.hibernate.type.BasicTypeRegistry     : Adding type registration timestamp -> org.hibernate.type.BasicTypeReference@708dfe10
2024-03-26T09:29:02.296+09:00 DEBUG 17028 --- [    Test worker] org.hibernate.type.BasicTypeRegistry     : Adding type registration java.sql.Timestamp -> org.hibernate.type.BasicTypeReference@708dfe10
2024-03-26T09:29:02.296+09:00 DEBUG 17028 --- [    Test worker] org.hibernate.type.BasicTypeRegistry     : Adding type registration java.util.Date -> org.hibernate.type.BasicTypeReference@708dfe10
2024-03-26T09:29:02.296+09:00 DEBUG 17028 --- [    Test worker] org.hibernate.type.BasicTypeRegistry     : Adding type registration calendar -> org.hibernate.type.BasicTypeReference@18989e0
2024-03-26T09:29:02.296+09:00 DEBUG 17028 --- [    Test worker] org.hibernate.type.BasicTypeRegistry     : Adding type registration java.util.Calendar -> org.hibernate.type.BasicTypeReference@18989e0
2024-03-26T09:29:02.297+09:00 DEBUG 17028 --- [    Test worker] org.hibernate.type.BasicTypeRegistry     : Adding type registration java.util.GregorianCalendar -> org.hibernate.type.BasicTypeReference@18989e0
2024-03-26T09:29:02.297+09:00 DEBUG 17028 --- [    Test worker] org.hibernate.type.BasicTypeRegistry     : Adding type registration calendar_date -> org.hibernate.type.BasicTypeReference@2a120c88
2024-03-26T09:29:02.297+09:00 DEBUG 17028 --- [    Test worker] org.hibernate.type.BasicTypeRegistry     : Adding type registration calendar_time -> org.hibernate.type.BasicTypeReference@285bf5ac
2024-03-26T09:29:02.297+09:00 DEBUG 17028 --- [    Test worker] org.hibernate.type.BasicTypeRegistry     : Adding type registration instant -> org.hibernate.type.BasicTypeReference@3739f3c9
2024-03-26T09:29:02.297+09:00 DEBUG 17028 --- [    Test worker] org.hibernate.type.BasicTypeRegistry     : Adding type registration java.time.Instant -> org.hibernate.type.BasicTypeReference@3739f3c9
2024-03-26T09:29:02.298+09:00 DEBUG 17028 --- [    Test worker] org.hibernate.type.BasicTypeRegistry     : Adding type registration uuid -> org.hibernate.type.BasicTypeReference@7ab2ba47
2024-03-26T09:29:02.298+09:00 DEBUG 17028 --- [    Test worker] org.hibernate.type.BasicTypeRegistry     : Adding type registration java.util.UUID -> org.hibernate.type.BasicTypeReference@7ab2ba47
2024-03-26T09:29:02.298+09:00 DEBUG 17028 --- [    Test worker] org.hibernate.type.BasicTypeRegistry     : Adding type registration pg-uuid -> org.hibernate.type.BasicTypeReference@7ab2ba47
2024-03-26T09:29:02.298+09:00 DEBUG 17028 --- [    Test worker] org.hibernate.type.BasicTypeRegistry     : Adding type registration uuid-binary -> org.hibernate.type.BasicTypeReference@40fe8fd5
2024-03-26T09:29:02.299+09:00 DEBUG 17028 --- [    Test worker] org.hibernate.type.BasicTypeRegistry     : Adding type registration uuid-char -> org.hibernate.type.BasicTypeReference@37ffe4f3
2024-03-26T09:29:02.299+09:00 DEBUG 17028 --- [    Test worker] org.hibernate.type.BasicTypeRegistry     : Adding type registration class -> org.hibernate.type.BasicTypeReference@4fa0ee7e
2024-03-26T09:29:02.299+09:00 DEBUG 17028 --- [    Test worker] org.hibernate.type.BasicTypeRegistry     : Adding type registration java.lang.Class -> org.hibernate.type.BasicTypeReference@4fa0ee7e
2024-03-26T09:29:02.300+09:00 DEBUG 17028 --- [    Test worker] org.hibernate.type.BasicTypeRegistry     : Adding type registration currency -> org.hibernate.type.BasicTypeReference@202f054f
2024-03-26T09:29:02.301+09:00 DEBUG 17028 --- [    Test worker] org.hibernate.type.BasicTypeRegistry     : Adding type registration Currency -> org.hibernate.type.BasicTypeReference@202f054f
2024-03-26T09:29:02.301+09:00 DEBUG 17028 --- [    Test worker] org.hibernate.type.BasicTypeRegistry     : Adding type registration java.util.Currency -> org.hibernate.type.BasicTypeReference@202f054f
2024-03-26T09:29:02.301+09:00 DEBUG 17028 --- [    Test worker] org.hibernate.type.BasicTypeRegistry     : Adding type registration locale -> org.hibernate.type.BasicTypeReference@141bb6b8
2024-03-26T09:29:02.302+09:00 DEBUG 17028 --- [    Test worker] org.hibernate.type.BasicTypeRegistry     : Adding type registration java.util.Locale -> org.hibernate.type.BasicTypeReference@141bb6b8
2024-03-26T09:29:02.302+09:00 DEBUG 17028 --- [    Test worker] org.hibernate.type.BasicTypeRegistry     : Adding type registration serializable -> org.hibernate.type.BasicTypeReference@5c8b10b4
2024-03-26T09:29:02.302+09:00 DEBUG 17028 --- [    Test worker] org.hibernate.type.BasicTypeRegistry     : Adding type registration java.io.Serializable -> org.hibernate.type.BasicTypeReference@5c8b10b4
2024-03-26T09:29:02.302+09:00 DEBUG 17028 --- [    Test worker] org.hibernate.type.BasicTypeRegistry     : Adding type registration timezone -> org.hibernate.type.BasicTypeReference@1410d645
2024-03-26T09:29:02.303+09:00 DEBUG 17028 --- [    Test worker] org.hibernate.type.BasicTypeRegistry     : Adding type registration java.util.TimeZone -> org.hibernate.type.BasicTypeReference@1410d645
2024-03-26T09:29:02.303+09:00 DEBUG 17028 --- [    Test worker] org.hibernate.type.BasicTypeRegistry     : Adding type registration ZoneOffset -> org.hibernate.type.BasicTypeReference@4ccdacf5
2024-03-26T09:29:02.303+09:00 DEBUG 17028 --- [    Test worker] org.hibernate.type.BasicTypeRegistry     : Adding type registration java.time.ZoneOffset -> org.hibernate.type.BasicTypeReference@4ccdacf5
2024-03-26T09:29:02.303+09:00 DEBUG 17028 --- [    Test worker] org.hibernate.type.BasicTypeRegistry     : Adding type registration url -> org.hibernate.type.BasicTypeReference@5aa6da2
2024-03-26T09:29:02.303+09:00 DEBUG 17028 --- [    Test worker] org.hibernate.type.BasicTypeRegistry     : Adding type registration java.net.URL -> org.hibernate.type.BasicTypeReference@5aa6da2
2024-03-26T09:29:02.304+09:00 DEBUG 17028 --- [    Test worker] org.hibernate.type.BasicTypeRegistry     : Adding type registration vector -> org.hibernate.type.BasicTypeReference@1a0d313
2024-03-26T09:29:02.304+09:00 DEBUG 17028 --- [    Test worker] org.hibernate.type.BasicTypeRegistry     : Adding type registration row_version -> org.hibernate.type.BasicTypeReference@13908f9c
2024-03-26T09:29:02.314+09:00 DEBUG 17028 --- [    Test worker] org.hibernate.type.BasicTypeRegistry     : Adding type registration object -> org.hibernate.type.JavaObjectType@27261190
2024-03-26T09:29:02.315+09:00 DEBUG 17028 --- [    Test worker] org.hibernate.type.BasicTypeRegistry     : Adding type registration java.lang.Object -> org.hibernate.type.JavaObjectType@27261190
2024-03-26T09:29:02.318+09:00 DEBUG 17028 --- [    Test worker] org.hibernate.type.BasicTypeRegistry     : Adding type registration null -> org.hibernate.type.NullType@3bab95ca
2024-03-26T09:29:02.318+09:00 DEBUG 17028 --- [    Test worker] org.hibernate.type.BasicTypeRegistry     : Adding type registration imm_date -> org.hibernate.type.BasicTypeReference@71ad959b
2024-03-26T09:29:02.318+09:00 DEBUG 17028 --- [    Test worker] org.hibernate.type.BasicTypeRegistry     : Adding type registration imm_time -> org.hibernate.type.BasicTypeReference@1d7c9811
2024-03-26T09:29:02.319+09:00 DEBUG 17028 --- [    Test worker] org.hibernate.type.BasicTypeRegistry     : Adding type registration imm_timestamp -> org.hibernate.type.BasicTypeReference@3b362f1
2024-03-26T09:29:02.319+09:00 DEBUG 17028 --- [    Test worker] org.hibernate.type.BasicTypeRegistry     : Adding type registration imm_calendar -> org.hibernate.type.BasicTypeReference@6451a288
2024-03-26T09:29:02.319+09:00 DEBUG 17028 --- [    Test worker] org.hibernate.type.BasicTypeRegistry     : Adding type registration imm_calendar_date -> org.hibernate.type.BasicTypeReference@79cdf2d4
2024-03-26T09:29:02.319+09:00 DEBUG 17028 --- [    Test worker] org.hibernate.type.BasicTypeRegistry     : Adding type registration imm_calendar_time -> org.hibernate.type.BasicTypeReference@8851ec
2024-03-26T09:29:02.319+09:00 DEBUG 17028 --- [    Test worker] org.hibernate.type.BasicTypeRegistry     : Adding type registration imm_binary -> org.hibernate.type.BasicTypeReference@18b40fe6
2024-03-26T09:29:02.320+09:00 DEBUG 17028 --- [    Test worker] org.hibernate.type.BasicTypeRegistry     : Adding type registration imm_serializable -> org.hibernate.type.BasicTypeReference@7198ab9a
2024-03-26T09:29:02.607+09:00  INFO 17028 --- [    Test worker] o.s.o.j.p.SpringPersistenceUnitInfo      : No LoadTimeWeaver setup: ignoring JPA class transformer
2024-03-26T09:29:02.665+09:00  INFO 17028 --- [    Test worker] com.zaxxer.hikari.HikariDataSource       : HikariPool-1 - Starting...
2024-03-26T09:29:03.149+09:00  INFO 17028 --- [    Test worker] com.zaxxer.hikari.pool.HikariPool        : HikariPool-1 - Added connection com.mysql.cj.jdbc.ConnectionImpl@148fca83
2024-03-26T09:29:03.153+09:00  INFO 17028 --- [    Test worker] com.zaxxer.hikari.HikariDataSource       : HikariPool-1 - Start completed.
2024-03-26T09:29:03.322+09:00 DEBUG 17028 --- [    Test worker] o.h.t.d.sql.spi.DdlTypeRegistry          : addDescriptor(12, org.hibernate.type.descriptor.sql.internal.CapacityDependentDdlType@3340ce58) replaced previous registration(org.hibernate.type.descriptor.sql.internal.CapacityDependentDdlType@14499b52)
2024-03-26T09:29:03.323+09:00 DEBUG 17028 --- [    Test worker] o.h.t.d.sql.spi.DdlTypeRegistry          : addDescriptor(-9, org.hibernate.type.descriptor.sql.internal.CapacityDependentDdlType@be083e1) replaced previous registration(org.hibernate.type.descriptor.sql.internal.CapacityDependentDdlType@3164d5aa)
2024-03-26T09:29:03.324+09:00 DEBUG 17028 --- [    Test worker] o.h.t.d.sql.spi.DdlTypeRegistry          : addDescriptor(-3, org.hibernate.type.descriptor.sql.internal.CapacityDependentDdlType@4e3ffd0) replaced previous registration(org.hibernate.type.descriptor.sql.internal.CapacityDependentDdlType@5ca86715)
2024-03-26T09:29:03.324+09:00 DEBUG 17028 --- [    Test worker] o.h.t.d.sql.spi.DdlTypeRegistry          : addDescriptor(4003, org.hibernate.type.descriptor.sql.internal.DdlTypeImpl@53d808ea) replaced previous registration(org.hibernate.type.descriptor.sql.internal.DdlTypeImpl@44864ebe)
2024-03-26T09:29:03.324+09:00 DEBUG 17028 --- [    Test worker] o.h.t.d.sql.spi.DdlTypeRegistry          : addDescriptor(4001, org.hibernate.type.descriptor.sql.internal.DdlTypeImpl@5f803481) replaced previous registration(org.hibernate.type.descriptor.sql.internal.DdlTypeImpl@408f70ab)
2024-03-26T09:29:03.325+09:00 DEBUG 17028 --- [    Test worker] o.h.t.d.sql.spi.DdlTypeRegistry          : addDescriptor(4002, org.hibernate.type.descriptor.sql.internal.DdlTypeImpl@5383bf08) replaced previous registration(org.hibernate.type.descriptor.sql.internal.DdlTypeImpl@2586e878)
2024-03-26T09:29:03.325+09:00 DEBUG 17028 --- [    Test worker] o.h.t.d.sql.spi.DdlTypeRegistry          : addDescriptor(2004, org.hibernate.type.descriptor.sql.internal.CapacityDependentDdlType@7b7cf475) replaced previous registration(org.hibernate.type.descriptor.sql.internal.DdlTypeImpl@404dc999)
2024-03-26T09:29:03.326+09:00 DEBUG 17028 --- [    Test worker] o.h.t.d.sql.spi.DdlTypeRegistry          : addDescriptor(2005, org.hibernate.type.descriptor.sql.internal.CapacityDependentDdlType@ef85567) replaced previous registration(org.hibernate.type.descriptor.sql.internal.DdlTypeImpl@1c2fb9e8)
2024-03-26T09:29:03.326+09:00 DEBUG 17028 --- [    Test worker] o.h.t.d.sql.spi.DdlTypeRegistry          : addDescriptor(2011, org.hibernate.type.descriptor.sql.internal.CapacityDependentDdlType@ec3944) replaced previous registration(org.hibernate.type.descriptor.sql.internal.DdlTypeImpl@2e4339c1)
2024-03-26T09:29:03.335+09:00 DEBUG 17028 --- [    Test worker] o.h.t.d.jdbc.spi.JdbcTypeRegistry        : addDescriptor(NCharTypeDescriptor) replaced previous registration(CharTypeDescriptor)
2024-03-26T09:29:03.336+09:00 DEBUG 17028 --- [    Test worker] o.h.t.d.jdbc.spi.JdbcTypeRegistry        : addDescriptor(NVarcharTypeDescriptor) replaced previous registration(VarcharTypeDescriptor)
2024-03-26T09:29:03.337+09:00 DEBUG 17028 --- [    Test worker] o.h.t.d.jdbc.spi.JdbcTypeRegistry        : addDescriptor(LongNVarcharTypeDescriptor) replaced previous registration(LongVarcharTypeDescriptor)
2024-03-26T09:29:03.341+09:00 DEBUG 17028 --- [    Test worker] o.h.t.d.jdbc.spi.JdbcTypeRegistry        : addDescriptor(NClobTypeDescriptor(DEFAULT)) replaced previous registration(ClobTypeDescriptor(DEFAULT))
2024-03-26T09:29:03.341+09:00 DEBUG 17028 --- [    Test worker] o.h.t.d.jdbc.spi.JdbcTypeRegistry        : addDescriptor(2005, ClobTypeDescriptor(STREAM_BINDING)) replaced previous registration(ClobTypeDescriptor(DEFAULT))
2024-03-26T09:29:03.347+09:00 DEBUG 17028 --- [    Test worker] org.hibernate.type.BasicTypeRegistry     : Adding type registration null -> org.hibernate.type.NullType@28db2afb
2024-03-26T09:29:03.347+09:00 DEBUG 17028 --- [    Test worker] org.hibernate.type.BasicTypeRegistry     : Type registration key [null] overrode previous entry : `org.hibernate.type.NullType@3bab95ca`
2024-03-26T09:29:03.355+09:00 DEBUG 17028 --- [    Test worker] org.hibernate.type.BasicTypeRegistry     : Adding type registration org.hibernate.type.DurationType -> basicType@1(java.time.Duration,2)
2024-03-26T09:29:03.355+09:00 DEBUG 17028 --- [    Test worker] org.hibernate.type.BasicTypeRegistry     : Adding type registration Duration -> basicType@1(java.time.Duration,2)
2024-03-26T09:29:03.355+09:00 DEBUG 17028 --- [    Test worker] org.hibernate.type.BasicTypeRegistry     : Adding type registration java.time.Duration -> basicType@1(java.time.Duration,2)
2024-03-26T09:29:03.363+09:00 DEBUG 17028 --- [    Test worker] org.hibernate.type.BasicTypeRegistry     : Adding type registration org.hibernate.type.OffsetDateTimeType -> basicType@2(java.time.OffsetDateTime,3003)
2024-03-26T09:29:03.363+09:00 DEBUG 17028 --- [    Test worker] org.hibernate.type.BasicTypeRegistry     : Adding type registration OffsetDateTime -> basicType@2(java.time.OffsetDateTime,3003)
2024-03-26T09:29:03.363+09:00 DEBUG 17028 --- [    Test worker] org.hibernate.type.BasicTypeRegistry     : Adding type registration java.time.OffsetDateTime -> basicType@2(java.time.OffsetDateTime,3003)
2024-03-26T09:29:03.363+09:00 DEBUG 17028 --- [    Test worker] org.hibernate.type.BasicTypeRegistry     : Adding type registration org.hibernate.type.ZonedDateTimeType -> basicType@3(java.time.ZonedDateTime,3003)
2024-03-26T09:29:03.364+09:00 DEBUG 17028 --- [    Test worker] org.hibernate.type.BasicTypeRegistry     : Adding type registration ZonedDateTime -> basicType@3(java.time.ZonedDateTime,3003)
2024-03-26T09:29:03.364+09:00 DEBUG 17028 --- [    Test worker] org.hibernate.type.BasicTypeRegistry     : Adding type registration java.time.ZonedDateTime -> basicType@3(java.time.ZonedDateTime,3003)
2024-03-26T09:29:03.366+09:00 DEBUG 17028 --- [    Test worker] org.hibernate.type.BasicTypeRegistry     : Adding type registration org.hibernate.type.OffsetTimeType -> basicType@4(java.time.OffsetTime,3007)
2024-03-26T09:29:03.366+09:00 DEBUG 17028 --- [    Test worker] org.hibernate.type.BasicTypeRegistry     : Adding type registration OffsetTime -> basicType@4(java.time.OffsetTime,3007)
2024-03-26T09:29:03.366+09:00 DEBUG 17028 --- [    Test worker] org.hibernate.type.BasicTypeRegistry     : Adding type registration java.time.OffsetTime -> basicType@4(java.time.OffsetTime,3007)
2024-03-26T09:29:03.369+09:00 DEBUG 17028 --- [    Test worker] o.h.type.spi.TypeConfiguration$Scope     : Scoping TypeConfiguration [org.hibernate.type.spi.TypeConfiguration@25110bb9] to MetadataBuildingContext [org.hibernate.boot.internal.MetadataBuildingContextRootImpl@dbda472]
2024-03-26T09:29:04.889+09:00  INFO 17028 --- [    Test worker] o.h.e.t.j.p.i.JtaPlatformInitiator       : HHH000489: No JTA platform available (set 'hibernate.transaction.jta.platform' to enable JTA platform integration)
2024-03-26T09:29:04.890+09:00 DEBUG 17028 --- [    Test worker] o.h.type.spi.TypeConfiguration$Scope     : Scoping TypeConfiguration [org.hibernate.type.spi.TypeConfiguration@25110bb9] to SessionFactoryImplementor [org.hibernate.internal.SessionFactoryImpl@44846c76]
2024-03-26T09:29:05.049+09:00 TRACE 17028 --- [    Test worker] o.h.type.spi.TypeConfiguration$Scope     : Handling #sessionFactoryCreated from [org.hibernate.internal.SessionFactoryImpl@44846c76] for TypeConfiguration
2024-03-26T09:29:05.049+09:00  INFO 17028 --- [    Test worker] j.LocalContainerEntityManagerFactoryBean : Initialized JPA EntityManagerFactory for persistence unit 'default'
2024-03-26T09:29:05.750+09:00  INFO 17028 --- [    Test worker] o.s.b.a.w.s.WelcomePageHandlerMapping    : Adding welcome page template: index
2024-03-26T09:29:08.764+09:00  INFO 17028 --- [    Test worker] c.e.portfolio.PortfolioApplicationTests  : Started PortfolioApplicationTests in 10.136 seconds (process running for 12.378)
]]></system-out>
  <system-err><![CDATA[]]></system-err>
</testsuite>
