<?xml version="1.0" encoding="UTF-8"?>
<testsuite name="com.example.portfolio.PortfolioApplicationTests" tests="1" skipped="0" failures="0" errors="0" timestamp="2024-03-27T12:38:03" hostname="DESKTOP-MLF20ON" time="0.308">
  <properties/>
  <testcase name="contextLoads()" classname="com.example.portfolio.PortfolioApplicationTests" time="0.308"/>
  <system-out><![CDATA[21:37:59.506 [Test worker] INFO org.springframework.test.context.support.AnnotationConfigContextLoaderUtils -- Could not detect default configuration classes for test class [com.example.portfolio.PortfolioApplicationTests]: PortfolioApplicationTests does not declare any static, non-private, non-final, nested classes annotated with @Configuration.
21:37:59.565 [Test worker] INFO org.springframework.boot.test.context.SpringBootTestContextBootstrapper -- Found @SpringBootConfiguration com.example.portfolio.PortfolioApplication for test class com.example.portfolio.PortfolioApplicationTests

  .   ____          _            __ _ _
 /\\ / ___'_ __ _ _(_)_ __  __ _ \ \ \ \
( ( )\___ | '_ | '_| | '_ \/ _` | \ \ \ \
 \\/  ___)| |_)| | | | | || (_| |  ) ) ) )
  '  |____| .__|_| |_|_| |_\__, | / / / /
 =========|_|==============|___/=/_/_/_/
 :: Spring Boot ::                (v3.2.2)

2024-03-27T21:37:59.833+09:00  INFO 17272 --- [    Test worker] c.e.portfolio.PortfolioApplicationTests  : Starting PortfolioApplicationTests using Java 21.0.2 with PID 17272 (started by 82106 in C:\Users\82106\Desktop\protfolio\portfolio_back)
2024-03-27T21:37:59.834+09:00  INFO 17272 --- [    Test worker] c.e.portfolio.PortfolioApplicationTests  : The following 1 profile is active: "secret"
2024-03-27T21:38:00.343+09:00  INFO 17272 --- [    Test worker] .s.d.r.c.RepositoryConfigurationDelegate : Multiple Spring Data modules found, entering strict repository configuration mode
2024-03-27T21:38:00.344+09:00  INFO 17272 --- [    Test worker] .s.d.r.c.RepositoryConfigurationDelegate : Bootstrapping Spring Data JPA repositories in DEFAULT mode.
2024-03-27T21:38:00.359+09:00  INFO 17272 --- [    Test worker] .s.d.r.c.RepositoryConfigurationDelegate : Finished Spring Data repository scanning in 9 ms. Found 0 JPA repository interfaces.
2024-03-27T21:38:00.368+09:00  INFO 17272 --- [    Test worker] .s.d.r.c.RepositoryConfigurationDelegate : Multiple Spring Data modules found, entering strict repository configuration mode
2024-03-27T21:38:00.368+09:00  INFO 17272 --- [    Test worker] .s.d.r.c.RepositoryConfigurationDelegate : Bootstrapping Spring Data Redis repositories in DEFAULT mode.
2024-03-27T21:38:00.376+09:00  INFO 17272 --- [    Test worker] .s.d.r.c.RepositoryConfigurationDelegate : Finished Spring Data repository scanning in 2 ms. Found 0 Redis repository interfaces.
2024-03-27T21:38:00.749+09:00  INFO 17272 --- [    Test worker] o.hibernate.jpa.internal.util.LogHelper  : HHH000204: Processing PersistenceUnitInfo [name: default]
2024-03-27T21:38:00.787+09:00  INFO 17272 --- [    Test worker] org.hibernate.Version                    : HHH000412: Hibernate ORM core version 6.4.1.Final
2024-03-27T21:38:00.806+09:00  INFO 17272 --- [    Test worker] o.h.c.internal.RegionFactoryInitiator    : HHH000026: Second-level cache disabled
2024-03-27T21:38:00.853+09:00 DEBUG 17272 --- [    Test worker] org.hibernate.type.BasicTypeRegistry     : Adding type registration boolean -> org.hibernate.type.BasicTypeReference@386e9fd8
2024-03-27T21:38:00.853+09:00 DEBUG 17272 --- [    Test worker] org.hibernate.type.BasicTypeRegistry     : Adding type registration boolean -> org.hibernate.type.BasicTypeReference@386e9fd8
2024-03-27T21:38:00.853+09:00 DEBUG 17272 --- [    Test worker] org.hibernate.type.BasicTypeRegistry     : Adding type registration java.lang.Boolean -> org.hibernate.type.BasicTypeReference@386e9fd8
2024-03-27T21:38:00.853+09:00 DEBUG 17272 --- [    Test worker] org.hibernate.type.BasicTypeRegistry     : Adding type registration numeric_boolean -> org.hibernate.type.BasicTypeReference@618f627b
2024-03-27T21:38:00.853+09:00 DEBUG 17272 --- [    Test worker] org.hibernate.type.BasicTypeRegistry     : Adding type registration org.hibernate.type.NumericBooleanConverter -> org.hibernate.type.BasicTypeReference@618f627b
2024-03-27T21:38:00.853+09:00 DEBUG 17272 --- [    Test worker] org.hibernate.type.BasicTypeRegistry     : Adding type registration true_false -> org.hibernate.type.BasicTypeReference@10745a02
2024-03-27T21:38:00.853+09:00 DEBUG 17272 --- [    Test worker] org.hibernate.type.BasicTypeRegistry     : Adding type registration org.hibernate.type.TrueFalseConverter -> org.hibernate.type.BasicTypeReference@10745a02
2024-03-27T21:38:00.853+09:00 DEBUG 17272 --- [    Test worker] org.hibernate.type.BasicTypeRegistry     : Adding type registration yes_no -> org.hibernate.type.BasicTypeReference@3e2d8623
2024-03-27T21:38:00.853+09:00 DEBUG 17272 --- [    Test worker] org.hibernate.type.BasicTypeRegistry     : Adding type registration org.hibernate.type.YesNoConverter -> org.hibernate.type.BasicTypeReference@3e2d8623
2024-03-27T21:38:00.853+09:00 DEBUG 17272 --- [    Test worker] org.hibernate.type.BasicTypeRegistry     : Adding type registration byte -> org.hibernate.type.BasicTypeReference@72715e61
2024-03-27T21:38:00.853+09:00 DEBUG 17272 --- [    Test worker] org.hibernate.type.BasicTypeRegistry     : Adding type registration byte -> org.hibernate.type.BasicTypeReference@72715e61
2024-03-27T21:38:00.854+09:00 DEBUG 17272 --- [    Test worker] org.hibernate.type.BasicTypeRegistry     : Adding type registration java.lang.Byte -> org.hibernate.type.BasicTypeReference@72715e61
2024-03-27T21:38:00.854+09:00 DEBUG 17272 --- [    Test worker] org.hibernate.type.BasicTypeRegistry     : Adding type registration binary -> org.hibernate.type.BasicTypeReference@68f776ee
2024-03-27T21:38:00.854+09:00 DEBUG 17272 --- [    Test worker] org.hibernate.type.BasicTypeRegistry     : Adding type registration byte[] -> org.hibernate.type.BasicTypeReference@68f776ee
2024-03-27T21:38:00.854+09:00 DEBUG 17272 --- [    Test worker] org.hibernate.type.BasicTypeRegistry     : Adding type registration [B -> org.hibernate.type.BasicTypeReference@68f776ee
2024-03-27T21:38:00.854+09:00 DEBUG 17272 --- [    Test worker] org.hibernate.type.BasicTypeRegistry     : Adding type registration binary_wrapper -> org.hibernate.type.BasicTypeReference@5a6195b8
2024-03-27T21:38:00.854+09:00 DEBUG 17272 --- [    Test worker] org.hibernate.type.BasicTypeRegistry     : Adding type registration wrapper-binary -> org.hibernate.type.BasicTypeReference@5a6195b8
2024-03-27T21:38:00.854+09:00 DEBUG 17272 --- [    Test worker] org.hibernate.type.BasicTypeRegistry     : Adding type registration image -> org.hibernate.type.BasicTypeReference@8af1c49
2024-03-27T21:38:00.854+09:00 DEBUG 17272 --- [    Test worker] org.hibernate.type.BasicTypeRegistry     : Adding type registration blob -> org.hibernate.type.BasicTypeReference@70d5d96b
2024-03-27T21:38:00.854+09:00 DEBUG 17272 --- [    Test worker] org.hibernate.type.BasicTypeRegistry     : Adding type registration java.sql.Blob -> org.hibernate.type.BasicTypeReference@70d5d96b
2024-03-27T21:38:00.854+09:00 DEBUG 17272 --- [    Test worker] org.hibernate.type.BasicTypeRegistry     : Adding type registration materialized_blob -> org.hibernate.type.BasicTypeReference@23469199
2024-03-27T21:38:00.854+09:00 DEBUG 17272 --- [    Test worker] org.hibernate.type.BasicTypeRegistry     : Adding type registration materialized_blob_wrapper -> org.hibernate.type.BasicTypeReference@75dc1c1c
2024-03-27T21:38:00.854+09:00 DEBUG 17272 --- [    Test worker] org.hibernate.type.BasicTypeRegistry     : Adding type registration short -> org.hibernate.type.BasicTypeReference@5611bba
2024-03-27T21:38:00.855+09:00 DEBUG 17272 --- [    Test worker] org.hibernate.type.BasicTypeRegistry     : Adding type registration short -> org.hibernate.type.BasicTypeReference@5611bba
2024-03-27T21:38:00.855+09:00 DEBUG 17272 --- [    Test worker] org.hibernate.type.BasicTypeRegistry     : Adding type registration java.lang.Short -> org.hibernate.type.BasicTypeReference@5611bba
2024-03-27T21:38:00.855+09:00 DEBUG 17272 --- [    Test worker] org.hibernate.type.BasicTypeRegistry     : Adding type registration integer -> org.hibernate.type.BasicTypeReference@5ba184fc
2024-03-27T21:38:00.855+09:00 DEBUG 17272 --- [    Test worker] org.hibernate.type.BasicTypeRegistry     : Adding type registration int -> org.hibernate.type.BasicTypeReference@5ba184fc
2024-03-27T21:38:00.855+09:00 DEBUG 17272 --- [    Test worker] org.hibernate.type.BasicTypeRegistry     : Adding type registration java.lang.Integer -> org.hibernate.type.BasicTypeReference@5ba184fc
2024-03-27T21:38:00.855+09:00 DEBUG 17272 --- [    Test worker] org.hibernate.type.BasicTypeRegistry     : Adding type registration long -> org.hibernate.type.BasicTypeReference@4cfc0c48
2024-03-27T21:38:00.855+09:00 DEBUG 17272 --- [    Test worker] org.hibernate.type.BasicTypeRegistry     : Adding type registration long -> org.hibernate.type.BasicTypeReference@4cfc0c48
2024-03-27T21:38:00.855+09:00 DEBUG 17272 --- [    Test worker] org.hibernate.type.BasicTypeRegistry     : Adding type registration java.lang.Long -> org.hibernate.type.BasicTypeReference@4cfc0c48
2024-03-27T21:38:00.855+09:00 DEBUG 17272 --- [    Test worker] org.hibernate.type.BasicTypeRegistry     : Adding type registration float -> org.hibernate.type.BasicTypeReference@59d5c537
2024-03-27T21:38:00.855+09:00 DEBUG 17272 --- [    Test worker] org.hibernate.type.BasicTypeRegistry     : Adding type registration float -> org.hibernate.type.BasicTypeReference@59d5c537
2024-03-27T21:38:00.855+09:00 DEBUG 17272 --- [    Test worker] org.hibernate.type.BasicTypeRegistry     : Adding type registration java.lang.Float -> org.hibernate.type.BasicTypeReference@59d5c537
2024-03-27T21:38:00.856+09:00 DEBUG 17272 --- [    Test worker] org.hibernate.type.BasicTypeRegistry     : Adding type registration double -> org.hibernate.type.BasicTypeReference@5464b97c
2024-03-27T21:38:00.856+09:00 DEBUG 17272 --- [    Test worker] org.hibernate.type.BasicTypeRegistry     : Adding type registration double -> org.hibernate.type.BasicTypeReference@5464b97c
2024-03-27T21:38:00.856+09:00 DEBUG 17272 --- [    Test worker] org.hibernate.type.BasicTypeRegistry     : Adding type registration java.lang.Double -> org.hibernate.type.BasicTypeReference@5464b97c
2024-03-27T21:38:00.856+09:00 DEBUG 17272 --- [    Test worker] org.hibernate.type.BasicTypeRegistry     : Adding type registration big_integer -> org.hibernate.type.BasicTypeReference@3355168
2024-03-27T21:38:00.856+09:00 DEBUG 17272 --- [    Test worker] org.hibernate.type.BasicTypeRegistry     : Adding type registration java.math.BigInteger -> org.hibernate.type.BasicTypeReference@3355168
2024-03-27T21:38:00.856+09:00 DEBUG 17272 --- [    Test worker] org.hibernate.type.BasicTypeRegistry     : Adding type registration big_decimal -> org.hibernate.type.BasicTypeReference@2f07930a
2024-03-27T21:38:00.856+09:00 DEBUG 17272 --- [    Test worker] org.hibernate.type.BasicTypeRegistry     : Adding type registration java.math.BigDecimal -> org.hibernate.type.BasicTypeReference@2f07930a
2024-03-27T21:38:00.856+09:00 DEBUG 17272 --- [    Test worker] org.hibernate.type.BasicTypeRegistry     : Adding type registration character -> org.hibernate.type.BasicTypeReference@580c17a0
2024-03-27T21:38:00.856+09:00 DEBUG 17272 --- [    Test worker] org.hibernate.type.BasicTypeRegistry     : Adding type registration char -> org.hibernate.type.BasicTypeReference@580c17a0
2024-03-27T21:38:00.856+09:00 DEBUG 17272 --- [    Test worker] org.hibernate.type.BasicTypeRegistry     : Adding type registration java.lang.Character -> org.hibernate.type.BasicTypeReference@580c17a0
2024-03-27T21:38:00.856+09:00 DEBUG 17272 --- [    Test worker] org.hibernate.type.BasicTypeRegistry     : Adding type registration character_nchar -> org.hibernate.type.BasicTypeReference@29d2fa84
2024-03-27T21:38:00.856+09:00 DEBUG 17272 --- [    Test worker] org.hibernate.type.BasicTypeRegistry     : Adding type registration string -> org.hibernate.type.BasicTypeReference@4540c7
2024-03-27T21:38:00.856+09:00 DEBUG 17272 --- [    Test worker] org.hibernate.type.BasicTypeRegistry     : Adding type registration java.lang.String -> org.hibernate.type.BasicTypeReference@4540c7
2024-03-27T21:38:00.856+09:00 DEBUG 17272 --- [    Test worker] org.hibernate.type.BasicTypeRegistry     : Adding type registration nstring -> org.hibernate.type.BasicTypeReference@13c90c06
2024-03-27T21:38:00.856+09:00 DEBUG 17272 --- [    Test worker] org.hibernate.type.BasicTypeRegistry     : Adding type registration characters -> org.hibernate.type.BasicTypeReference@2bc0b8c8
2024-03-27T21:38:00.856+09:00 DEBUG 17272 --- [    Test worker] org.hibernate.type.BasicTypeRegistry     : Adding type registration char[] -> org.hibernate.type.BasicTypeReference@2bc0b8c8
2024-03-27T21:38:00.857+09:00 DEBUG 17272 --- [    Test worker] org.hibernate.type.BasicTypeRegistry     : Adding type registration [C -> org.hibernate.type.BasicTypeReference@2bc0b8c8
2024-03-27T21:38:00.857+09:00 DEBUG 17272 --- [    Test worker] org.hibernate.type.BasicTypeRegistry     : Adding type registration wrapper-characters -> org.hibernate.type.BasicTypeReference@15f861ee
2024-03-27T21:38:00.857+09:00 DEBUG 17272 --- [    Test worker] org.hibernate.type.BasicTypeRegistry     : Adding type registration text -> org.hibernate.type.BasicTypeReference@3f1158ee
2024-03-27T21:38:00.857+09:00 DEBUG 17272 --- [    Test worker] org.hibernate.type.BasicTypeRegistry     : Adding type registration ntext -> org.hibernate.type.BasicTypeReference@6463da36
2024-03-27T21:38:00.857+09:00 DEBUG 17272 --- [    Test worker] org.hibernate.type.BasicTypeRegistry     : Adding type registration clob -> org.hibernate.type.BasicTypeReference@4a4b288a
2024-03-27T21:38:00.857+09:00 DEBUG 17272 --- [    Test worker] org.hibernate.type.BasicTypeRegistry     : Adding type registration java.sql.Clob -> org.hibernate.type.BasicTypeReference@4a4b288a
2024-03-27T21:38:00.857+09:00 DEBUG 17272 --- [    Test worker] org.hibernate.type.BasicTypeRegistry     : Adding type registration nclob -> org.hibernate.type.BasicTypeReference@1c6ac73c
2024-03-27T21:38:00.857+09:00 DEBUG 17272 --- [    Test worker] org.hibernate.type.BasicTypeRegistry     : Adding type registration java.sql.NClob -> org.hibernate.type.BasicTypeReference@1c6ac73c
2024-03-27T21:38:00.857+09:00 DEBUG 17272 --- [    Test worker] org.hibernate.type.BasicTypeRegistry     : Adding type registration materialized_clob -> org.hibernate.type.BasicTypeReference@29892a77
2024-03-27T21:38:00.857+09:00 DEBUG 17272 --- [    Test worker] org.hibernate.type.BasicTypeRegistry     : Adding type registration materialized_clob_char_array -> org.hibernate.type.BasicTypeReference@5341e71a
2024-03-27T21:38:00.857+09:00 DEBUG 17272 --- [    Test worker] org.hibernate.type.BasicTypeRegistry     : Adding type registration materialized_clob_character_array -> org.hibernate.type.BasicTypeReference@405d8a80
2024-03-27T21:38:00.857+09:00 DEBUG 17272 --- [    Test worker] org.hibernate.type.BasicTypeRegistry     : Adding type registration materialized_nclob -> org.hibernate.type.BasicTypeReference@ac4e690
2024-03-27T21:38:00.857+09:00 DEBUG 17272 --- [    Test worker] org.hibernate.type.BasicTypeRegistry     : Adding type registration materialized_nclob_character_array -> org.hibernate.type.BasicTypeReference@6afeaf2d
2024-03-27T21:38:00.857+09:00 DEBUG 17272 --- [    Test worker] org.hibernate.type.BasicTypeRegistry     : Adding type registration materialized_nclob_char_array -> org.hibernate.type.BasicTypeReference@365bfc5f
2024-03-27T21:38:00.858+09:00 DEBUG 17272 --- [    Test worker] org.hibernate.type.BasicTypeRegistry     : Adding type registration Duration -> org.hibernate.type.BasicTypeReference@1a7e799e
2024-03-27T21:38:00.858+09:00 DEBUG 17272 --- [    Test worker] org.hibernate.type.BasicTypeRegistry     : Adding type registration java.time.Duration -> org.hibernate.type.BasicTypeReference@1a7e799e
2024-03-27T21:38:00.858+09:00 DEBUG 17272 --- [    Test worker] org.hibernate.type.BasicTypeRegistry     : Adding type registration LocalDateTime -> org.hibernate.type.BasicTypeReference@37a3ec27
2024-03-27T21:38:00.858+09:00 DEBUG 17272 --- [    Test worker] org.hibernate.type.BasicTypeRegistry     : Adding type registration java.time.LocalDateTime -> org.hibernate.type.BasicTypeReference@37a3ec27
2024-03-27T21:38:00.858+09:00 DEBUG 17272 --- [    Test worker] org.hibernate.type.BasicTypeRegistry     : Adding type registration LocalDate -> org.hibernate.type.BasicTypeReference@283baa39
2024-03-27T21:38:00.858+09:00 DEBUG 17272 --- [    Test worker] org.hibernate.type.BasicTypeRegistry     : Adding type registration java.time.LocalDate -> org.hibernate.type.BasicTypeReference@283baa39
2024-03-27T21:38:00.858+09:00 DEBUG 17272 --- [    Test worker] org.hibernate.type.BasicTypeRegistry     : Adding type registration LocalTime -> org.hibernate.type.BasicTypeReference@416b1265
2024-03-27T21:38:00.858+09:00 DEBUG 17272 --- [    Test worker] org.hibernate.type.BasicTypeRegistry     : Adding type registration java.time.LocalTime -> org.hibernate.type.BasicTypeReference@416b1265
2024-03-27T21:38:00.858+09:00 DEBUG 17272 --- [    Test worker] org.hibernate.type.BasicTypeRegistry     : Adding type registration OffsetDateTime -> org.hibernate.type.BasicTypeReference@2830315f
2024-03-27T21:38:00.858+09:00 DEBUG 17272 --- [    Test worker] org.hibernate.type.BasicTypeRegistry     : Adding type registration java.time.OffsetDateTime -> org.hibernate.type.BasicTypeReference@2830315f
2024-03-27T21:38:00.858+09:00 DEBUG 17272 --- [    Test worker] org.hibernate.type.BasicTypeRegistry     : Adding type registration OffsetDateTimeWithTimezone -> org.hibernate.type.BasicTypeReference@da22aa
2024-03-27T21:38:00.858+09:00 DEBUG 17272 --- [    Test worker] org.hibernate.type.BasicTypeRegistry     : Adding type registration OffsetDateTimeWithoutTimezone -> org.hibernate.type.BasicTypeReference@75452aea
2024-03-27T21:38:00.858+09:00 DEBUG 17272 --- [    Test worker] org.hibernate.type.BasicTypeRegistry     : Adding type registration OffsetTime -> org.hibernate.type.BasicTypeReference@6c24f61d
2024-03-27T21:38:00.858+09:00 DEBUG 17272 --- [    Test worker] org.hibernate.type.BasicTypeRegistry     : Adding type registration java.time.OffsetTime -> org.hibernate.type.BasicTypeReference@6c24f61d
2024-03-27T21:38:00.858+09:00 DEBUG 17272 --- [    Test worker] org.hibernate.type.BasicTypeRegistry     : Adding type registration OffsetTimeUtc -> org.hibernate.type.BasicTypeReference@4537880f
2024-03-27T21:38:00.858+09:00 DEBUG 17272 --- [    Test worker] org.hibernate.type.BasicTypeRegistry     : Adding type registration OffsetTimeWithTimezone -> org.hibernate.type.BasicTypeReference@14292d71
2024-03-27T21:38:00.858+09:00 DEBUG 17272 --- [    Test worker] org.hibernate.type.BasicTypeRegistry     : Adding type registration OffsetTimeWithoutTimezone -> org.hibernate.type.BasicTypeReference@48e74764
2024-03-27T21:38:00.858+09:00 DEBUG 17272 --- [    Test worker] org.hibernate.type.BasicTypeRegistry     : Adding type registration ZonedDateTime -> org.hibernate.type.BasicTypeReference@338d47b
2024-03-27T21:38:00.858+09:00 DEBUG 17272 --- [    Test worker] org.hibernate.type.BasicTypeRegistry     : Adding type registration java.time.ZonedDateTime -> org.hibernate.type.BasicTypeReference@338d47b
2024-03-27T21:38:00.858+09:00 DEBUG 17272 --- [    Test worker] org.hibernate.type.BasicTypeRegistry     : Adding type registration ZonedDateTimeWithTimezone -> org.hibernate.type.BasicTypeReference@7a3643e3
2024-03-27T21:38:00.859+09:00 DEBUG 17272 --- [    Test worker] org.hibernate.type.BasicTypeRegistry     : Adding type registration ZonedDateTimeWithoutTimezone -> org.hibernate.type.BasicTypeReference@2729bb71
2024-03-27T21:38:00.859+09:00 DEBUG 17272 --- [    Test worker] org.hibernate.type.BasicTypeRegistry     : Adding type registration date -> org.hibernate.type.BasicTypeReference@55071497
2024-03-27T21:38:00.859+09:00 DEBUG 17272 --- [    Test worker] org.hibernate.type.BasicTypeRegistry     : Adding type registration java.sql.Date -> org.hibernate.type.BasicTypeReference@55071497
2024-03-27T21:38:00.859+09:00 DEBUG 17272 --- [    Test worker] org.hibernate.type.BasicTypeRegistry     : Adding type registration time -> org.hibernate.type.BasicTypeReference@10d98940
2024-03-27T21:38:00.859+09:00 DEBUG 17272 --- [    Test worker] org.hibernate.type.BasicTypeRegistry     : Adding type registration java.sql.Time -> org.hibernate.type.BasicTypeReference@10d98940
2024-03-27T21:38:00.859+09:00 DEBUG 17272 --- [    Test worker] org.hibernate.type.BasicTypeRegistry     : Adding type registration timestamp -> org.hibernate.type.BasicTypeReference@58b8f9e3
2024-03-27T21:38:00.859+09:00 DEBUG 17272 --- [    Test worker] org.hibernate.type.BasicTypeRegistry     : Adding type registration java.sql.Timestamp -> org.hibernate.type.BasicTypeReference@58b8f9e3
2024-03-27T21:38:00.859+09:00 DEBUG 17272 --- [    Test worker] org.hibernate.type.BasicTypeRegistry     : Adding type registration java.util.Date -> org.hibernate.type.BasicTypeReference@58b8f9e3
2024-03-27T21:38:00.859+09:00 DEBUG 17272 --- [    Test worker] org.hibernate.type.BasicTypeRegistry     : Adding type registration calendar -> org.hibernate.type.BasicTypeReference@32a033b6
2024-03-27T21:38:00.859+09:00 DEBUG 17272 --- [    Test worker] org.hibernate.type.BasicTypeRegistry     : Adding type registration java.util.Calendar -> org.hibernate.type.BasicTypeReference@32a033b6
2024-03-27T21:38:00.859+09:00 DEBUG 17272 --- [    Test worker] org.hibernate.type.BasicTypeRegistry     : Adding type registration java.util.GregorianCalendar -> org.hibernate.type.BasicTypeReference@32a033b6
2024-03-27T21:38:00.859+09:00 DEBUG 17272 --- [    Test worker] org.hibernate.type.BasicTypeRegistry     : Adding type registration calendar_date -> org.hibernate.type.BasicTypeReference@5f6e2ad9
2024-03-27T21:38:00.859+09:00 DEBUG 17272 --- [    Test worker] org.hibernate.type.BasicTypeRegistry     : Adding type registration calendar_time -> org.hibernate.type.BasicTypeReference@3212bfd
2024-03-27T21:38:00.859+09:00 DEBUG 17272 --- [    Test worker] org.hibernate.type.BasicTypeRegistry     : Adding type registration instant -> org.hibernate.type.BasicTypeReference@1cc9bd9b
2024-03-27T21:38:00.859+09:00 DEBUG 17272 --- [    Test worker] org.hibernate.type.BasicTypeRegistry     : Adding type registration java.time.Instant -> org.hibernate.type.BasicTypeReference@1cc9bd9b
2024-03-27T21:38:00.859+09:00 DEBUG 17272 --- [    Test worker] org.hibernate.type.BasicTypeRegistry     : Adding type registration uuid -> org.hibernate.type.BasicTypeReference@2f471037
2024-03-27T21:38:00.859+09:00 DEBUG 17272 --- [    Test worker] org.hibernate.type.BasicTypeRegistry     : Adding type registration java.util.UUID -> org.hibernate.type.BasicTypeReference@2f471037
2024-03-27T21:38:00.859+09:00 DEBUG 17272 --- [    Test worker] org.hibernate.type.BasicTypeRegistry     : Adding type registration pg-uuid -> org.hibernate.type.BasicTypeReference@2f471037
2024-03-27T21:38:00.859+09:00 DEBUG 17272 --- [    Test worker] org.hibernate.type.BasicTypeRegistry     : Adding type registration uuid-binary -> org.hibernate.type.BasicTypeReference@1d1cfe4
2024-03-27T21:38:00.859+09:00 DEBUG 17272 --- [    Test worker] org.hibernate.type.BasicTypeRegistry     : Adding type registration uuid-char -> org.hibernate.type.BasicTypeReference@ba562e0
2024-03-27T21:38:00.859+09:00 DEBUG 17272 --- [    Test worker] org.hibernate.type.BasicTypeRegistry     : Adding type registration class -> org.hibernate.type.BasicTypeReference@5a51336a
2024-03-27T21:38:00.859+09:00 DEBUG 17272 --- [    Test worker] org.hibernate.type.BasicTypeRegistry     : Adding type registration java.lang.Class -> org.hibernate.type.BasicTypeReference@5a51336a
2024-03-27T21:38:00.859+09:00 DEBUG 17272 --- [    Test worker] org.hibernate.type.BasicTypeRegistry     : Adding type registration currency -> org.hibernate.type.BasicTypeReference@4d8056bf
2024-03-27T21:38:00.859+09:00 DEBUG 17272 --- [    Test worker] org.hibernate.type.BasicTypeRegistry     : Adding type registration Currency -> org.hibernate.type.BasicTypeReference@4d8056bf
2024-03-27T21:38:00.859+09:00 DEBUG 17272 --- [    Test worker] org.hibernate.type.BasicTypeRegistry     : Adding type registration java.util.Currency -> org.hibernate.type.BasicTypeReference@4d8056bf
2024-03-27T21:38:00.861+09:00 DEBUG 17272 --- [    Test worker] org.hibernate.type.BasicTypeRegistry     : Adding type registration locale -> org.hibernate.type.BasicTypeReference@42211e04
2024-03-27T21:38:00.861+09:00 DEBUG 17272 --- [    Test worker] org.hibernate.type.BasicTypeRegistry     : Adding type registration java.util.Locale -> org.hibernate.type.BasicTypeReference@42211e04
2024-03-27T21:38:00.861+09:00 DEBUG 17272 --- [    Test worker] org.hibernate.type.BasicTypeRegistry     : Adding type registration serializable -> org.hibernate.type.BasicTypeReference@6233c6c2
2024-03-27T21:38:00.861+09:00 DEBUG 17272 --- [    Test worker] org.hibernate.type.BasicTypeRegistry     : Adding type registration java.io.Serializable -> org.hibernate.type.BasicTypeReference@6233c6c2
2024-03-27T21:38:00.861+09:00 DEBUG 17272 --- [    Test worker] org.hibernate.type.BasicTypeRegistry     : Adding type registration timezone -> org.hibernate.type.BasicTypeReference@312a738d
2024-03-27T21:38:00.861+09:00 DEBUG 17272 --- [    Test worker] org.hibernate.type.BasicTypeRegistry     : Adding type registration java.util.TimeZone -> org.hibernate.type.BasicTypeReference@312a738d
2024-03-27T21:38:00.861+09:00 DEBUG 17272 --- [    Test worker] org.hibernate.type.BasicTypeRegistry     : Adding type registration ZoneOffset -> org.hibernate.type.BasicTypeReference@7e50eeb9
2024-03-27T21:38:00.861+09:00 DEBUG 17272 --- [    Test worker] org.hibernate.type.BasicTypeRegistry     : Adding type registration java.time.ZoneOffset -> org.hibernate.type.BasicTypeReference@7e50eeb9
2024-03-27T21:38:00.861+09:00 DEBUG 17272 --- [    Test worker] org.hibernate.type.BasicTypeRegistry     : Adding type registration url -> org.hibernate.type.BasicTypeReference@34cb0e49
2024-03-27T21:38:00.861+09:00 DEBUG 17272 --- [    Test worker] org.hibernate.type.BasicTypeRegistry     : Adding type registration java.net.URL -> org.hibernate.type.BasicTypeReference@34cb0e49
2024-03-27T21:38:00.861+09:00 DEBUG 17272 --- [    Test worker] org.hibernate.type.BasicTypeRegistry     : Adding type registration vector -> org.hibernate.type.BasicTypeReference@48b2dbc4
2024-03-27T21:38:00.861+09:00 DEBUG 17272 --- [    Test worker] org.hibernate.type.BasicTypeRegistry     : Adding type registration row_version -> org.hibernate.type.BasicTypeReference@2a667f44
2024-03-27T21:38:00.863+09:00 DEBUG 17272 --- [    Test worker] org.hibernate.type.BasicTypeRegistry     : Adding type registration object -> org.hibernate.type.JavaObjectType@6728370a
2024-03-27T21:38:00.863+09:00 DEBUG 17272 --- [    Test worker] org.hibernate.type.BasicTypeRegistry     : Adding type registration java.lang.Object -> org.hibernate.type.JavaObjectType@6728370a
2024-03-27T21:38:00.864+09:00 DEBUG 17272 --- [    Test worker] org.hibernate.type.BasicTypeRegistry     : Adding type registration null -> org.hibernate.type.NullType@5a466dd
2024-03-27T21:38:00.864+09:00 DEBUG 17272 --- [    Test worker] org.hibernate.type.BasicTypeRegistry     : Adding type registration imm_date -> org.hibernate.type.BasicTypeReference@1ed9d173
2024-03-27T21:38:00.864+09:00 DEBUG 17272 --- [    Test worker] org.hibernate.type.BasicTypeRegistry     : Adding type registration imm_time -> org.hibernate.type.BasicTypeReference@498a4d62
2024-03-27T21:38:00.864+09:00 DEBUG 17272 --- [    Test worker] org.hibernate.type.BasicTypeRegistry     : Adding type registration imm_timestamp -> org.hibernate.type.BasicTypeReference@6fbe4800
2024-03-27T21:38:00.864+09:00 DEBUG 17272 --- [    Test worker] org.hibernate.type.BasicTypeRegistry     : Adding type registration imm_calendar -> org.hibernate.type.BasicTypeReference@3f3c5ecd
2024-03-27T21:38:00.864+09:00 DEBUG 17272 --- [    Test worker] org.hibernate.type.BasicTypeRegistry     : Adding type registration imm_calendar_date -> org.hibernate.type.BasicTypeReference@1179fc8c
2024-03-27T21:38:00.864+09:00 DEBUG 17272 --- [    Test worker] org.hibernate.type.BasicTypeRegistry     : Adding type registration imm_calendar_time -> org.hibernate.type.BasicTypeReference@a03529c
2024-03-27T21:38:00.864+09:00 DEBUG 17272 --- [    Test worker] org.hibernate.type.BasicTypeRegistry     : Adding type registration imm_binary -> org.hibernate.type.BasicTypeReference@1760e594
2024-03-27T21:38:00.864+09:00 DEBUG 17272 --- [    Test worker] org.hibernate.type.BasicTypeRegistry     : Adding type registration imm_serializable -> org.hibernate.type.BasicTypeReference@4af70b83
2024-03-27T21:38:00.952+09:00  INFO 17272 --- [    Test worker] o.s.o.j.p.SpringPersistenceUnitInfo      : No LoadTimeWeaver setup: ignoring JPA class transformer
2024-03-27T21:38:00.969+09:00  INFO 17272 --- [    Test worker] com.zaxxer.hikari.HikariDataSource       : HikariPool-1 - Starting...
2024-03-27T21:38:01.212+09:00  INFO 17272 --- [    Test worker] com.zaxxer.hikari.pool.HikariPool        : HikariPool-1 - Added connection com.mysql.cj.jdbc.ConnectionImpl@2fca282c
2024-03-27T21:38:01.214+09:00  INFO 17272 --- [    Test worker] com.zaxxer.hikari.HikariDataSource       : HikariPool-1 - Start completed.
2024-03-27T21:38:01.266+09:00 DEBUG 17272 --- [    Test worker] o.h.t.d.sql.spi.DdlTypeRegistry          : addDescriptor(12, org.hibernate.type.descriptor.sql.internal.CapacityDependentDdlType@1ed52f44) replaced previous registration(org.hibernate.type.descriptor.sql.internal.CapacityDependentDdlType@771afdd5)
2024-03-27T21:38:01.267+09:00 DEBUG 17272 --- [    Test worker] o.h.t.d.sql.spi.DdlTypeRegistry          : addDescriptor(-9, org.hibernate.type.descriptor.sql.internal.CapacityDependentDdlType@3abadb65) replaced previous registration(org.hibernate.type.descriptor.sql.internal.CapacityDependentDdlType@7131d668)
2024-03-27T21:38:01.267+09:00 DEBUG 17272 --- [    Test worker] o.h.t.d.sql.spi.DdlTypeRegistry          : addDescriptor(-3, org.hibernate.type.descriptor.sql.internal.CapacityDependentDdlType@46a97805) replaced previous registration(org.hibernate.type.descriptor.sql.internal.CapacityDependentDdlType@667dd150)
2024-03-27T21:38:01.267+09:00 DEBUG 17272 --- [    Test worker] o.h.t.d.sql.spi.DdlTypeRegistry          : addDescriptor(4003, org.hibernate.type.descriptor.sql.internal.DdlTypeImpl@af04f09) replaced previous registration(org.hibernate.type.descriptor.sql.internal.DdlTypeImpl@758d4aa9)
2024-03-27T21:38:01.267+09:00 DEBUG 17272 --- [    Test worker] o.h.t.d.sql.spi.DdlTypeRegistry          : addDescriptor(4001, org.hibernate.type.descriptor.sql.internal.DdlTypeImpl@78e97d4d) replaced previous registration(org.hibernate.type.descriptor.sql.internal.DdlTypeImpl@7096d451)
2024-03-27T21:38:01.267+09:00 DEBUG 17272 --- [    Test worker] o.h.t.d.sql.spi.DdlTypeRegistry          : addDescriptor(4002, org.hibernate.type.descriptor.sql.internal.DdlTypeImpl@7816454d) replaced previous registration(org.hibernate.type.descriptor.sql.internal.DdlTypeImpl@67d180e4)
2024-03-27T21:38:01.267+09:00 DEBUG 17272 --- [    Test worker] o.h.t.d.sql.spi.DdlTypeRegistry          : addDescriptor(2004, org.hibernate.type.descriptor.sql.internal.CapacityDependentDdlType@54e18a46) replaced previous registration(org.hibernate.type.descriptor.sql.internal.DdlTypeImpl@1293f8d7)
2024-03-27T21:38:01.267+09:00 DEBUG 17272 --- [    Test worker] o.h.t.d.sql.spi.DdlTypeRegistry          : addDescriptor(2005, org.hibernate.type.descriptor.sql.internal.CapacityDependentDdlType@58e5fbe5) replaced previous registration(org.hibernate.type.descriptor.sql.internal.DdlTypeImpl@335896bd)
2024-03-27T21:38:01.267+09:00 DEBUG 17272 --- [    Test worker] o.h.t.d.sql.spi.DdlTypeRegistry          : addDescriptor(2011, org.hibernate.type.descriptor.sql.internal.CapacityDependentDdlType@6b33892a) replaced previous registration(org.hibernate.type.descriptor.sql.internal.DdlTypeImpl@666b91db)
2024-03-27T21:38:01.268+09:00 DEBUG 17272 --- [    Test worker] o.h.t.d.jdbc.spi.JdbcTypeRegistry        : addDescriptor(NCharTypeDescriptor) replaced previous registration(CharTypeDescriptor)
2024-03-27T21:38:01.268+09:00 DEBUG 17272 --- [    Test worker] o.h.t.d.jdbc.spi.JdbcTypeRegistry        : addDescriptor(NVarcharTypeDescriptor) replaced previous registration(VarcharTypeDescriptor)
2024-03-27T21:38:01.268+09:00 DEBUG 17272 --- [    Test worker] o.h.t.d.jdbc.spi.JdbcTypeRegistry        : addDescriptor(LongNVarcharTypeDescriptor) replaced previous registration(LongVarcharTypeDescriptor)
2024-03-27T21:38:01.268+09:00 DEBUG 17272 --- [    Test worker] o.h.t.d.jdbc.spi.JdbcTypeRegistry        : addDescriptor(NClobTypeDescriptor(DEFAULT)) replaced previous registration(ClobTypeDescriptor(DEFAULT))
2024-03-27T21:38:01.269+09:00 DEBUG 17272 --- [    Test worker] o.h.t.d.jdbc.spi.JdbcTypeRegistry        : addDescriptor(2005, ClobTypeDescriptor(STREAM_BINDING)) replaced previous registration(ClobTypeDescriptor(DEFAULT))
2024-03-27T21:38:01.271+09:00 DEBUG 17272 --- [    Test worker] org.hibernate.type.BasicTypeRegistry     : Adding type registration null -> org.hibernate.type.NullType@7744195
2024-03-27T21:38:01.271+09:00 DEBUG 17272 --- [    Test worker] org.hibernate.type.BasicTypeRegistry     : Type registration key [null] overrode previous entry : `org.hibernate.type.NullType@5a466dd`
2024-03-27T21:38:01.273+09:00 DEBUG 17272 --- [    Test worker] org.hibernate.type.BasicTypeRegistry     : Adding type registration org.hibernate.type.DurationType -> basicType@1(java.time.Duration,2)
2024-03-27T21:38:01.273+09:00 DEBUG 17272 --- [    Test worker] org.hibernate.type.BasicTypeRegistry     : Adding type registration Duration -> basicType@1(java.time.Duration,2)
2024-03-27T21:38:01.273+09:00 DEBUG 17272 --- [    Test worker] org.hibernate.type.BasicTypeRegistry     : Adding type registration java.time.Duration -> basicType@1(java.time.Duration,2)
2024-03-27T21:38:01.275+09:00 DEBUG 17272 --- [    Test worker] org.hibernate.type.BasicTypeRegistry     : Adding type registration org.hibernate.type.OffsetDateTimeType -> basicType@2(java.time.OffsetDateTime,3003)
2024-03-27T21:38:01.275+09:00 DEBUG 17272 --- [    Test worker] org.hibernate.type.BasicTypeRegistry     : Adding type registration OffsetDateTime -> basicType@2(java.time.OffsetDateTime,3003)
2024-03-27T21:38:01.275+09:00 DEBUG 17272 --- [    Test worker] org.hibernate.type.BasicTypeRegistry     : Adding type registration java.time.OffsetDateTime -> basicType@2(java.time.OffsetDateTime,3003)
2024-03-27T21:38:01.275+09:00 DEBUG 17272 --- [    Test worker] org.hibernate.type.BasicTypeRegistry     : Adding type registration org.hibernate.type.ZonedDateTimeType -> basicType@3(java.time.ZonedDateTime,3003)
2024-03-27T21:38:01.275+09:00 DEBUG 17272 --- [    Test worker] org.hibernate.type.BasicTypeRegistry     : Adding type registration ZonedDateTime -> basicType@3(java.time.ZonedDateTime,3003)
2024-03-27T21:38:01.275+09:00 DEBUG 17272 --- [    Test worker] org.hibernate.type.BasicTypeRegistry     : Adding type registration java.time.ZonedDateTime -> basicType@3(java.time.ZonedDateTime,3003)
2024-03-27T21:38:01.275+09:00 DEBUG 17272 --- [    Test worker] org.hibernate.type.BasicTypeRegistry     : Adding type registration org.hibernate.type.OffsetTimeType -> basicType@4(java.time.OffsetTime,3007)
2024-03-27T21:38:01.275+09:00 DEBUG 17272 --- [    Test worker] org.hibernate.type.BasicTypeRegistry     : Adding type registration OffsetTime -> basicType@4(java.time.OffsetTime,3007)
2024-03-27T21:38:01.275+09:00 DEBUG 17272 --- [    Test worker] org.hibernate.type.BasicTypeRegistry     : Adding type registration java.time.OffsetTime -> basicType@4(java.time.OffsetTime,3007)
2024-03-27T21:38:01.276+09:00 DEBUG 17272 --- [    Test worker] o.h.type.spi.TypeConfiguration$Scope     : Scoping TypeConfiguration [org.hibernate.type.spi.TypeConfiguration@53c40ed6] to MetadataBuildingContext [org.hibernate.boot.internal.MetadataBuildingContextRootImpl@3a6b94b6]
2024-03-27T21:38:01.852+09:00  INFO 17272 --- [    Test worker] o.h.e.t.j.p.i.JtaPlatformInitiator       : HHH000489: No JTA platform available (set 'hibernate.transaction.jta.platform' to enable JTA platform integration)
2024-03-27T21:38:01.853+09:00 DEBUG 17272 --- [    Test worker] o.h.type.spi.TypeConfiguration$Scope     : Scoping TypeConfiguration [org.hibernate.type.spi.TypeConfiguration@53c40ed6] to SessionFactoryImplementor [org.hibernate.internal.SessionFactoryImpl@6347f9cc]
2024-03-27T21:38:01.877+09:00 DEBUG 17272 --- [    Test worker] org.hibernate.SQL                        : 
    alter table comments 
       add column childCommentCount integer
Hibernate: 
    alter table comments 
       add column childCommentCount integer
2024-03-27T21:38:01.885+09:00 DEBUG 17272 --- [    Test worker] org.hibernate.SQL                        : 
    alter table comments 
       add column commentOrder bigint
Hibernate: 
    alter table comments 
       add column commentOrder bigint
2024-03-27T21:38:01.894+09:00 DEBUG 17272 --- [    Test worker] org.hibernate.SQL                        : 
    alter table comments 
       add column isDeleted bit
Hibernate: 
    alter table comments 
       add column isDeleted bit
2024-03-27T21:38:01.900+09:00 DEBUG 17272 --- [    Test worker] org.hibernate.SQL                        : 
    alter table comments 
       add column parentCommentOrderId bigint
Hibernate: 
    alter table comments 
       add column parentCommentOrderId bigint
2024-03-27T21:38:01.937+09:00 TRACE 17272 --- [    Test worker] o.h.type.spi.TypeConfiguration$Scope     : Handling #sessionFactoryCreated from [org.hibernate.internal.SessionFactoryImpl@6347f9cc] for TypeConfiguration
2024-03-27T21:38:01.938+09:00  INFO 17272 --- [    Test worker] j.LocalContainerEntityManagerFactoryBean : Initialized JPA EntityManagerFactory for persistence unit 'default'
2024-03-27T21:38:02.553+09:00  INFO 17272 --- [    Test worker] o.s.b.a.w.s.WelcomePageHandlerMapping    : Adding welcome page template: index
2024-03-27T21:38:03.520+09:00  INFO 17272 --- [    Test worker] c.e.portfolio.PortfolioApplicationTests  : Started PortfolioApplicationTests in 3.849 seconds (process running for 4.566)
]]></system-out>
  <system-err><![CDATA[WARNING: A Java agent has been loaded dynamically (C:\Users\82106\.gradle\caches\modules-2\files-2.1\net.bytebuddy\byte-buddy-agent\1.14.11\f9cb566608fbac6bc7bf54901a7aa11543a989ee\byte-buddy-agent-1.14.11.jar)
WARNING: If a serviceability tool is in use, please run with -XX:+EnableDynamicAgentLoading to hide this warning
WARNING: If a serviceability tool is not in use, please run with -Djdk.instrument.traceUsage for more information
WARNING: Dynamic loading of agents will be disallowed by default in a future release
]]></system-err>
</testsuite>
