<?xml version="1.0" encoding="UTF-8"?>
<testsuite name="com.example.portfolio.PortfolioApplicationTests" tests="1" skipped="0" failures="0" errors="0" timestamp="2024-03-25T14:50:23" hostname="DESKTOP-MLF20ON" time="0.311">
  <properties/>
  <testcase name="contextLoads()" classname="com.example.portfolio.PortfolioApplicationTests" time="0.311"/>
  <system-out><![CDATA[23:50:20.356 [Test worker] INFO org.springframework.test.context.support.AnnotationConfigContextLoaderUtils -- Could not detect default configuration classes for test class [com.example.portfolio.PortfolioApplicationTests]: PortfolioApplicationTests does not declare any static, non-private, non-final, nested classes annotated with @Configuration.
23:50:20.414 [Test worker] INFO org.springframework.boot.test.context.SpringBootTestContextBootstrapper -- Found @SpringBootConfiguration com.example.portfolio.PortfolioApplication for test class com.example.portfolio.PortfolioApplicationTests

  .   ____          _            __ _ _
 /\\ / ___'_ __ _ _(_)_ __  __ _ \ \ \ \
( ( )\___ | '_ | '_| | '_ \/ _` | \ \ \ \
 \\/  ___)| |_)| | | | | || (_| |  ) ) ) )
  '  |____| .__|_| |_|_| |_\__, | / / / /
 =========|_|==============|___/=/_/_/_/
 :: Spring Boot ::                (v3.2.2)

2024-03-25T23:50:20.677+09:00  INFO 21184 --- [    Test worker] c.e.portfolio.PortfolioApplicationTests  : Starting PortfolioApplicationTests using Java 21.0.2 with PID 21184 (started by 82106 in C:\Users\82106\Desktop\protfolio\portfolio_back)
2024-03-25T23:50:20.677+09:00  INFO 21184 --- [    Test worker] c.e.portfolio.PortfolioApplicationTests  : The following 1 profile is active: "secret"
2024-03-25T23:50:21.152+09:00  INFO 21184 --- [    Test worker] .s.d.r.c.RepositoryConfigurationDelegate : Bootstrapping Spring Data JPA repositories in DEFAULT mode.
2024-03-25T23:50:21.163+09:00  INFO 21184 --- [    Test worker] .s.d.r.c.RepositoryConfigurationDelegate : Finished Spring Data repository scanning in 8 ms. Found 0 JPA repository interfaces.
2024-03-25T23:50:21.516+09:00  INFO 21184 --- [    Test worker] o.hibernate.jpa.internal.util.LogHelper  : HHH000204: Processing PersistenceUnitInfo [name: default]
2024-03-25T23:50:21.564+09:00  INFO 21184 --- [    Test worker] org.hibernate.Version                    : HHH000412: Hibernate ORM core version 6.4.1.Final
2024-03-25T23:50:21.582+09:00  INFO 21184 --- [    Test worker] o.h.c.internal.RegionFactoryInitiator    : HHH000026: Second-level cache disabled
2024-03-25T23:50:21.618+09:00 DEBUG 21184 --- [    Test worker] org.hibernate.type.BasicTypeRegistry     : Adding type registration boolean -> org.hibernate.type.BasicTypeReference@5a0f87e5
2024-03-25T23:50:21.618+09:00 DEBUG 21184 --- [    Test worker] org.hibernate.type.BasicTypeRegistry     : Adding type registration boolean -> org.hibernate.type.BasicTypeReference@5a0f87e5
2024-03-25T23:50:21.618+09:00 DEBUG 21184 --- [    Test worker] org.hibernate.type.BasicTypeRegistry     : Adding type registration java.lang.Boolean -> org.hibernate.type.BasicTypeReference@5a0f87e5
2024-03-25T23:50:21.618+09:00 DEBUG 21184 --- [    Test worker] org.hibernate.type.BasicTypeRegistry     : Adding type registration numeric_boolean -> org.hibernate.type.BasicTypeReference@243c4346
2024-03-25T23:50:21.618+09:00 DEBUG 21184 --- [    Test worker] org.hibernate.type.BasicTypeRegistry     : Adding type registration org.hibernate.type.NumericBooleanConverter -> org.hibernate.type.BasicTypeReference@243c4346
2024-03-25T23:50:21.618+09:00 DEBUG 21184 --- [    Test worker] org.hibernate.type.BasicTypeRegistry     : Adding type registration true_false -> org.hibernate.type.BasicTypeReference@2905b568
2024-03-25T23:50:21.618+09:00 DEBUG 21184 --- [    Test worker] org.hibernate.type.BasicTypeRegistry     : Adding type registration org.hibernate.type.TrueFalseConverter -> org.hibernate.type.BasicTypeReference@2905b568
2024-03-25T23:50:21.618+09:00 DEBUG 21184 --- [    Test worker] org.hibernate.type.BasicTypeRegistry     : Adding type registration yes_no -> org.hibernate.type.BasicTypeReference@3dfe59d7
2024-03-25T23:50:21.618+09:00 DEBUG 21184 --- [    Test worker] org.hibernate.type.BasicTypeRegistry     : Adding type registration org.hibernate.type.YesNoConverter -> org.hibernate.type.BasicTypeReference@3dfe59d7
2024-03-25T23:50:21.618+09:00 DEBUG 21184 --- [    Test worker] org.hibernate.type.BasicTypeRegistry     : Adding type registration byte -> org.hibernate.type.BasicTypeReference@1be8c122
2024-03-25T23:50:21.618+09:00 DEBUG 21184 --- [    Test worker] org.hibernate.type.BasicTypeRegistry     : Adding type registration byte -> org.hibernate.type.BasicTypeReference@1be8c122
2024-03-25T23:50:21.618+09:00 DEBUG 21184 --- [    Test worker] org.hibernate.type.BasicTypeRegistry     : Adding type registration java.lang.Byte -> org.hibernate.type.BasicTypeReference@1be8c122
2024-03-25T23:50:21.619+09:00 DEBUG 21184 --- [    Test worker] org.hibernate.type.BasicTypeRegistry     : Adding type registration binary -> org.hibernate.type.BasicTypeReference@5d08976a
2024-03-25T23:50:21.619+09:00 DEBUG 21184 --- [    Test worker] org.hibernate.type.BasicTypeRegistry     : Adding type registration byte[] -> org.hibernate.type.BasicTypeReference@5d08976a
2024-03-25T23:50:21.619+09:00 DEBUG 21184 --- [    Test worker] org.hibernate.type.BasicTypeRegistry     : Adding type registration [B -> org.hibernate.type.BasicTypeReference@5d08976a
2024-03-25T23:50:21.619+09:00 DEBUG 21184 --- [    Test worker] org.hibernate.type.BasicTypeRegistry     : Adding type registration binary_wrapper -> org.hibernate.type.BasicTypeReference@59a2d756
2024-03-25T23:50:21.619+09:00 DEBUG 21184 --- [    Test worker] org.hibernate.type.BasicTypeRegistry     : Adding type registration wrapper-binary -> org.hibernate.type.BasicTypeReference@59a2d756
2024-03-25T23:50:21.619+09:00 DEBUG 21184 --- [    Test worker] org.hibernate.type.BasicTypeRegistry     : Adding type registration image -> org.hibernate.type.BasicTypeReference@165d1d54
2024-03-25T23:50:21.619+09:00 DEBUG 21184 --- [    Test worker] org.hibernate.type.BasicTypeRegistry     : Adding type registration blob -> org.hibernate.type.BasicTypeReference@4be12f6c
2024-03-25T23:50:21.619+09:00 DEBUG 21184 --- [    Test worker] org.hibernate.type.BasicTypeRegistry     : Adding type registration java.sql.Blob -> org.hibernate.type.BasicTypeReference@4be12f6c
2024-03-25T23:50:21.619+09:00 DEBUG 21184 --- [    Test worker] org.hibernate.type.BasicTypeRegistry     : Adding type registration materialized_blob -> org.hibernate.type.BasicTypeReference@52cb52bd
2024-03-25T23:50:21.619+09:00 DEBUG 21184 --- [    Test worker] org.hibernate.type.BasicTypeRegistry     : Adding type registration materialized_blob_wrapper -> org.hibernate.type.BasicTypeReference@1d1c37d5
2024-03-25T23:50:21.619+09:00 DEBUG 21184 --- [    Test worker] org.hibernate.type.BasicTypeRegistry     : Adding type registration short -> org.hibernate.type.BasicTypeReference@63553e9f
2024-03-25T23:50:21.619+09:00 DEBUG 21184 --- [    Test worker] org.hibernate.type.BasicTypeRegistry     : Adding type registration short -> org.hibernate.type.BasicTypeReference@63553e9f
2024-03-25T23:50:21.620+09:00 DEBUG 21184 --- [    Test worker] org.hibernate.type.BasicTypeRegistry     : Adding type registration java.lang.Short -> org.hibernate.type.BasicTypeReference@63553e9f
2024-03-25T23:50:21.620+09:00 DEBUG 21184 --- [    Test worker] org.hibernate.type.BasicTypeRegistry     : Adding type registration integer -> org.hibernate.type.BasicTypeReference@218df7d6
2024-03-25T23:50:21.620+09:00 DEBUG 21184 --- [    Test worker] org.hibernate.type.BasicTypeRegistry     : Adding type registration int -> org.hibernate.type.BasicTypeReference@218df7d6
2024-03-25T23:50:21.620+09:00 DEBUG 21184 --- [    Test worker] org.hibernate.type.BasicTypeRegistry     : Adding type registration java.lang.Integer -> org.hibernate.type.BasicTypeReference@218df7d6
2024-03-25T23:50:21.620+09:00 DEBUG 21184 --- [    Test worker] org.hibernate.type.BasicTypeRegistry     : Adding type registration long -> org.hibernate.type.BasicTypeReference@295b07e0
2024-03-25T23:50:21.620+09:00 DEBUG 21184 --- [    Test worker] org.hibernate.type.BasicTypeRegistry     : Adding type registration long -> org.hibernate.type.BasicTypeReference@295b07e0
2024-03-25T23:50:21.620+09:00 DEBUG 21184 --- [    Test worker] org.hibernate.type.BasicTypeRegistry     : Adding type registration java.lang.Long -> org.hibernate.type.BasicTypeReference@295b07e0
2024-03-25T23:50:21.620+09:00 DEBUG 21184 --- [    Test worker] org.hibernate.type.BasicTypeRegistry     : Adding type registration float -> org.hibernate.type.BasicTypeReference@55053f81
2024-03-25T23:50:21.620+09:00 DEBUG 21184 --- [    Test worker] org.hibernate.type.BasicTypeRegistry     : Adding type registration float -> org.hibernate.type.BasicTypeReference@55053f81
2024-03-25T23:50:21.620+09:00 DEBUG 21184 --- [    Test worker] org.hibernate.type.BasicTypeRegistry     : Adding type registration java.lang.Float -> org.hibernate.type.BasicTypeReference@55053f81
2024-03-25T23:50:21.620+09:00 DEBUG 21184 --- [    Test worker] org.hibernate.type.BasicTypeRegistry     : Adding type registration double -> org.hibernate.type.BasicTypeReference@1fee4278
2024-03-25T23:50:21.621+09:00 DEBUG 21184 --- [    Test worker] org.hibernate.type.BasicTypeRegistry     : Adding type registration double -> org.hibernate.type.BasicTypeReference@1fee4278
2024-03-25T23:50:21.621+09:00 DEBUG 21184 --- [    Test worker] org.hibernate.type.BasicTypeRegistry     : Adding type registration java.lang.Double -> org.hibernate.type.BasicTypeReference@1fee4278
2024-03-25T23:50:21.621+09:00 DEBUG 21184 --- [    Test worker] org.hibernate.type.BasicTypeRegistry     : Adding type registration big_integer -> org.hibernate.type.BasicTypeReference@51132514
2024-03-25T23:50:21.621+09:00 DEBUG 21184 --- [    Test worker] org.hibernate.type.BasicTypeRegistry     : Adding type registration java.math.BigInteger -> org.hibernate.type.BasicTypeReference@51132514
2024-03-25T23:50:21.621+09:00 DEBUG 21184 --- [    Test worker] org.hibernate.type.BasicTypeRegistry     : Adding type registration big_decimal -> org.hibernate.type.BasicTypeReference@20864cd1
2024-03-25T23:50:21.621+09:00 DEBUG 21184 --- [    Test worker] org.hibernate.type.BasicTypeRegistry     : Adding type registration java.math.BigDecimal -> org.hibernate.type.BasicTypeReference@20864cd1
2024-03-25T23:50:21.621+09:00 DEBUG 21184 --- [    Test worker] org.hibernate.type.BasicTypeRegistry     : Adding type registration character -> org.hibernate.type.BasicTypeReference@5c839677
2024-03-25T23:50:21.621+09:00 DEBUG 21184 --- [    Test worker] org.hibernate.type.BasicTypeRegistry     : Adding type registration char -> org.hibernate.type.BasicTypeReference@5c839677
2024-03-25T23:50:21.621+09:00 DEBUG 21184 --- [    Test worker] org.hibernate.type.BasicTypeRegistry     : Adding type registration java.lang.Character -> org.hibernate.type.BasicTypeReference@5c839677
2024-03-25T23:50:21.621+09:00 DEBUG 21184 --- [    Test worker] org.hibernate.type.BasicTypeRegistry     : Adding type registration character_nchar -> org.hibernate.type.BasicTypeReference@3193e21d
2024-03-25T23:50:21.621+09:00 DEBUG 21184 --- [    Test worker] org.hibernate.type.BasicTypeRegistry     : Adding type registration string -> org.hibernate.type.BasicTypeReference@79604abe
2024-03-25T23:50:21.621+09:00 DEBUG 21184 --- [    Test worker] org.hibernate.type.BasicTypeRegistry     : Adding type registration java.lang.String -> org.hibernate.type.BasicTypeReference@79604abe
2024-03-25T23:50:21.621+09:00 DEBUG 21184 --- [    Test worker] org.hibernate.type.BasicTypeRegistry     : Adding type registration nstring -> org.hibernate.type.BasicTypeReference@6b126187
2024-03-25T23:50:21.621+09:00 DEBUG 21184 --- [    Test worker] org.hibernate.type.BasicTypeRegistry     : Adding type registration characters -> org.hibernate.type.BasicTypeReference@2b6262bc
2024-03-25T23:50:21.621+09:00 DEBUG 21184 --- [    Test worker] org.hibernate.type.BasicTypeRegistry     : Adding type registration char[] -> org.hibernate.type.BasicTypeReference@2b6262bc
2024-03-25T23:50:21.621+09:00 DEBUG 21184 --- [    Test worker] org.hibernate.type.BasicTypeRegistry     : Adding type registration [C -> org.hibernate.type.BasicTypeReference@2b6262bc
2024-03-25T23:50:21.621+09:00 DEBUG 21184 --- [    Test worker] org.hibernate.type.BasicTypeRegistry     : Adding type registration wrapper-characters -> org.hibernate.type.BasicTypeReference@5cffec7
2024-03-25T23:50:21.621+09:00 DEBUG 21184 --- [    Test worker] org.hibernate.type.BasicTypeRegistry     : Adding type registration text -> org.hibernate.type.BasicTypeReference@7e81617a
2024-03-25T23:50:21.622+09:00 DEBUG 21184 --- [    Test worker] org.hibernate.type.BasicTypeRegistry     : Adding type registration ntext -> org.hibernate.type.BasicTypeReference@6e73974
2024-03-25T23:50:21.622+09:00 DEBUG 21184 --- [    Test worker] org.hibernate.type.BasicTypeRegistry     : Adding type registration clob -> org.hibernate.type.BasicTypeReference@3e28dc96
2024-03-25T23:50:21.622+09:00 DEBUG 21184 --- [    Test worker] org.hibernate.type.BasicTypeRegistry     : Adding type registration java.sql.Clob -> org.hibernate.type.BasicTypeReference@3e28dc96
2024-03-25T23:50:21.622+09:00 DEBUG 21184 --- [    Test worker] org.hibernate.type.BasicTypeRegistry     : Adding type registration nclob -> org.hibernate.type.BasicTypeReference@44eb2452
2024-03-25T23:50:21.622+09:00 DEBUG 21184 --- [    Test worker] org.hibernate.type.BasicTypeRegistry     : Adding type registration java.sql.NClob -> org.hibernate.type.BasicTypeReference@44eb2452
2024-03-25T23:50:21.622+09:00 DEBUG 21184 --- [    Test worker] org.hibernate.type.BasicTypeRegistry     : Adding type registration materialized_clob -> org.hibernate.type.BasicTypeReference@31940704
2024-03-25T23:50:21.622+09:00 DEBUG 21184 --- [    Test worker] org.hibernate.type.BasicTypeRegistry     : Adding type registration materialized_clob_char_array -> org.hibernate.type.BasicTypeReference@e07b4db
2024-03-25T23:50:21.622+09:00 DEBUG 21184 --- [    Test worker] org.hibernate.type.BasicTypeRegistry     : Adding type registration materialized_clob_character_array -> org.hibernate.type.BasicTypeReference@76b305e1
2024-03-25T23:50:21.622+09:00 DEBUG 21184 --- [    Test worker] org.hibernate.type.BasicTypeRegistry     : Adding type registration materialized_nclob -> org.hibernate.type.BasicTypeReference@6be766d1
2024-03-25T23:50:21.622+09:00 DEBUG 21184 --- [    Test worker] org.hibernate.type.BasicTypeRegistry     : Adding type registration materialized_nclob_character_array -> org.hibernate.type.BasicTypeReference@7adae08e
2024-03-25T23:50:21.622+09:00 DEBUG 21184 --- [    Test worker] org.hibernate.type.BasicTypeRegistry     : Adding type registration materialized_nclob_char_array -> org.hibernate.type.BasicTypeReference@49c83262
2024-03-25T23:50:21.622+09:00 DEBUG 21184 --- [    Test worker] org.hibernate.type.BasicTypeRegistry     : Adding type registration Duration -> org.hibernate.type.BasicTypeReference@273aaab7
2024-03-25T23:50:21.622+09:00 DEBUG 21184 --- [    Test worker] org.hibernate.type.BasicTypeRegistry     : Adding type registration java.time.Duration -> org.hibernate.type.BasicTypeReference@273aaab7
2024-03-25T23:50:21.622+09:00 DEBUG 21184 --- [    Test worker] org.hibernate.type.BasicTypeRegistry     : Adding type registration LocalDateTime -> org.hibernate.type.BasicTypeReference@77bb916f
2024-03-25T23:50:21.622+09:00 DEBUG 21184 --- [    Test worker] org.hibernate.type.BasicTypeRegistry     : Adding type registration java.time.LocalDateTime -> org.hibernate.type.BasicTypeReference@77bb916f
2024-03-25T23:50:21.622+09:00 DEBUG 21184 --- [    Test worker] org.hibernate.type.BasicTypeRegistry     : Adding type registration LocalDate -> org.hibernate.type.BasicTypeReference@5a48d186
2024-03-25T23:50:21.622+09:00 DEBUG 21184 --- [    Test worker] org.hibernate.type.BasicTypeRegistry     : Adding type registration java.time.LocalDate -> org.hibernate.type.BasicTypeReference@5a48d186
2024-03-25T23:50:21.622+09:00 DEBUG 21184 --- [    Test worker] org.hibernate.type.BasicTypeRegistry     : Adding type registration LocalTime -> org.hibernate.type.BasicTypeReference@521ba38f
2024-03-25T23:50:21.622+09:00 DEBUG 21184 --- [    Test worker] org.hibernate.type.BasicTypeRegistry     : Adding type registration java.time.LocalTime -> org.hibernate.type.BasicTypeReference@521ba38f
2024-03-25T23:50:21.622+09:00 DEBUG 21184 --- [    Test worker] org.hibernate.type.BasicTypeRegistry     : Adding type registration OffsetDateTime -> org.hibernate.type.BasicTypeReference@2086d469
2024-03-25T23:50:21.622+09:00 DEBUG 21184 --- [    Test worker] org.hibernate.type.BasicTypeRegistry     : Adding type registration java.time.OffsetDateTime -> org.hibernate.type.BasicTypeReference@2086d469
2024-03-25T23:50:21.622+09:00 DEBUG 21184 --- [    Test worker] org.hibernate.type.BasicTypeRegistry     : Adding type registration OffsetDateTimeWithTimezone -> org.hibernate.type.BasicTypeReference@b1d19ff
2024-03-25T23:50:21.623+09:00 DEBUG 21184 --- [    Test worker] org.hibernate.type.BasicTypeRegistry     : Adding type registration OffsetDateTimeWithoutTimezone -> org.hibernate.type.BasicTypeReference@17c53dfb
2024-03-25T23:50:21.623+09:00 DEBUG 21184 --- [    Test worker] org.hibernate.type.BasicTypeRegistry     : Adding type registration OffsetTime -> org.hibernate.type.BasicTypeReference@184de357
2024-03-25T23:50:21.623+09:00 DEBUG 21184 --- [    Test worker] org.hibernate.type.BasicTypeRegistry     : Adding type registration java.time.OffsetTime -> org.hibernate.type.BasicTypeReference@184de357
2024-03-25T23:50:21.623+09:00 DEBUG 21184 --- [    Test worker] org.hibernate.type.BasicTypeRegistry     : Adding type registration OffsetTimeUtc -> org.hibernate.type.BasicTypeReference@efe49ab
2024-03-25T23:50:21.623+09:00 DEBUG 21184 --- [    Test worker] org.hibernate.type.BasicTypeRegistry     : Adding type registration OffsetTimeWithTimezone -> org.hibernate.type.BasicTypeReference@6dcf7b6a
2024-03-25T23:50:21.623+09:00 DEBUG 21184 --- [    Test worker] org.hibernate.type.BasicTypeRegistry     : Adding type registration OffsetTimeWithoutTimezone -> org.hibernate.type.BasicTypeReference@53dba9cd
2024-03-25T23:50:21.623+09:00 DEBUG 21184 --- [    Test worker] org.hibernate.type.BasicTypeRegistry     : Adding type registration ZonedDateTime -> org.hibernate.type.BasicTypeReference@247bbfba
2024-03-25T23:50:21.623+09:00 DEBUG 21184 --- [    Test worker] org.hibernate.type.BasicTypeRegistry     : Adding type registration java.time.ZonedDateTime -> org.hibernate.type.BasicTypeReference@247bbfba
2024-03-25T23:50:21.623+09:00 DEBUG 21184 --- [    Test worker] org.hibernate.type.BasicTypeRegistry     : Adding type registration ZonedDateTimeWithTimezone -> org.hibernate.type.BasicTypeReference@5834198f
2024-03-25T23:50:21.623+09:00 DEBUG 21184 --- [    Test worker] org.hibernate.type.BasicTypeRegistry     : Adding type registration ZonedDateTimeWithoutTimezone -> org.hibernate.type.BasicTypeReference@4eb63dc8
2024-03-25T23:50:21.623+09:00 DEBUG 21184 --- [    Test worker] org.hibernate.type.BasicTypeRegistry     : Adding type registration date -> org.hibernate.type.BasicTypeReference@402d6012
2024-03-25T23:50:21.623+09:00 DEBUG 21184 --- [    Test worker] org.hibernate.type.BasicTypeRegistry     : Adding type registration java.sql.Date -> org.hibernate.type.BasicTypeReference@402d6012
2024-03-25T23:50:21.623+09:00 DEBUG 21184 --- [    Test worker] org.hibernate.type.BasicTypeRegistry     : Adding type registration time -> org.hibernate.type.BasicTypeReference@395281c2
2024-03-25T23:50:21.623+09:00 DEBUG 21184 --- [    Test worker] org.hibernate.type.BasicTypeRegistry     : Adding type registration java.sql.Time -> org.hibernate.type.BasicTypeReference@395281c2
2024-03-25T23:50:21.623+09:00 DEBUG 21184 --- [    Test worker] org.hibernate.type.BasicTypeRegistry     : Adding type registration timestamp -> org.hibernate.type.BasicTypeReference@41d20f06
2024-03-25T23:50:21.623+09:00 DEBUG 21184 --- [    Test worker] org.hibernate.type.BasicTypeRegistry     : Adding type registration java.sql.Timestamp -> org.hibernate.type.BasicTypeReference@41d20f06
2024-03-25T23:50:21.623+09:00 DEBUG 21184 --- [    Test worker] org.hibernate.type.BasicTypeRegistry     : Adding type registration java.util.Date -> org.hibernate.type.BasicTypeReference@41d20f06
2024-03-25T23:50:21.623+09:00 DEBUG 21184 --- [    Test worker] org.hibernate.type.BasicTypeRegistry     : Adding type registration calendar -> org.hibernate.type.BasicTypeReference@3e753289
2024-03-25T23:50:21.623+09:00 DEBUG 21184 --- [    Test worker] org.hibernate.type.BasicTypeRegistry     : Adding type registration java.util.Calendar -> org.hibernate.type.BasicTypeReference@3e753289
2024-03-25T23:50:21.623+09:00 DEBUG 21184 --- [    Test worker] org.hibernate.type.BasicTypeRegistry     : Adding type registration java.util.GregorianCalendar -> org.hibernate.type.BasicTypeReference@3e753289
2024-03-25T23:50:21.623+09:00 DEBUG 21184 --- [    Test worker] org.hibernate.type.BasicTypeRegistry     : Adding type registration calendar_date -> org.hibernate.type.BasicTypeReference@1573e8a5
2024-03-25T23:50:21.625+09:00 DEBUG 21184 --- [    Test worker] org.hibernate.type.BasicTypeRegistry     : Adding type registration calendar_time -> org.hibernate.type.BasicTypeReference@38022758
2024-03-25T23:50:21.625+09:00 DEBUG 21184 --- [    Test worker] org.hibernate.type.BasicTypeRegistry     : Adding type registration instant -> org.hibernate.type.BasicTypeReference@69f9b561
2024-03-25T23:50:21.625+09:00 DEBUG 21184 --- [    Test worker] org.hibernate.type.BasicTypeRegistry     : Adding type registration java.time.Instant -> org.hibernate.type.BasicTypeReference@69f9b561
2024-03-25T23:50:21.625+09:00 DEBUG 21184 --- [    Test worker] org.hibernate.type.BasicTypeRegistry     : Adding type registration uuid -> org.hibernate.type.BasicTypeReference@7e8f23ad
2024-03-25T23:50:21.625+09:00 DEBUG 21184 --- [    Test worker] org.hibernate.type.BasicTypeRegistry     : Adding type registration java.util.UUID -> org.hibernate.type.BasicTypeReference@7e8f23ad
2024-03-25T23:50:21.625+09:00 DEBUG 21184 --- [    Test worker] org.hibernate.type.BasicTypeRegistry     : Adding type registration pg-uuid -> org.hibernate.type.BasicTypeReference@7e8f23ad
2024-03-25T23:50:21.625+09:00 DEBUG 21184 --- [    Test worker] org.hibernate.type.BasicTypeRegistry     : Adding type registration uuid-binary -> org.hibernate.type.BasicTypeReference@7433ca19
2024-03-25T23:50:21.625+09:00 DEBUG 21184 --- [    Test worker] org.hibernate.type.BasicTypeRegistry     : Adding type registration uuid-char -> org.hibernate.type.BasicTypeReference@5d221b20
2024-03-25T23:50:21.625+09:00 DEBUG 21184 --- [    Test worker] org.hibernate.type.BasicTypeRegistry     : Adding type registration class -> org.hibernate.type.BasicTypeReference@79d4ff58
2024-03-25T23:50:21.625+09:00 DEBUG 21184 --- [    Test worker] org.hibernate.type.BasicTypeRegistry     : Adding type registration java.lang.Class -> org.hibernate.type.BasicTypeReference@79d4ff58
2024-03-25T23:50:21.625+09:00 DEBUG 21184 --- [    Test worker] org.hibernate.type.BasicTypeRegistry     : Adding type registration currency -> org.hibernate.type.BasicTypeReference@7ec13984
2024-03-25T23:50:21.625+09:00 DEBUG 21184 --- [    Test worker] org.hibernate.type.BasicTypeRegistry     : Adding type registration Currency -> org.hibernate.type.BasicTypeReference@7ec13984
2024-03-25T23:50:21.625+09:00 DEBUG 21184 --- [    Test worker] org.hibernate.type.BasicTypeRegistry     : Adding type registration java.util.Currency -> org.hibernate.type.BasicTypeReference@7ec13984
2024-03-25T23:50:21.625+09:00 DEBUG 21184 --- [    Test worker] org.hibernate.type.BasicTypeRegistry     : Adding type registration locale -> org.hibernate.type.BasicTypeReference@14485747
2024-03-25T23:50:21.625+09:00 DEBUG 21184 --- [    Test worker] org.hibernate.type.BasicTypeRegistry     : Adding type registration java.util.Locale -> org.hibernate.type.BasicTypeReference@14485747
2024-03-25T23:50:21.625+09:00 DEBUG 21184 --- [    Test worker] org.hibernate.type.BasicTypeRegistry     : Adding type registration serializable -> org.hibernate.type.BasicTypeReference@59fea5f5
2024-03-25T23:50:21.625+09:00 DEBUG 21184 --- [    Test worker] org.hibernate.type.BasicTypeRegistry     : Adding type registration java.io.Serializable -> org.hibernate.type.BasicTypeReference@59fea5f5
2024-03-25T23:50:21.625+09:00 DEBUG 21184 --- [    Test worker] org.hibernate.type.BasicTypeRegistry     : Adding type registration timezone -> org.hibernate.type.BasicTypeReference@78eafad
2024-03-25T23:50:21.625+09:00 DEBUG 21184 --- [    Test worker] org.hibernate.type.BasicTypeRegistry     : Adding type registration java.util.TimeZone -> org.hibernate.type.BasicTypeReference@78eafad
2024-03-25T23:50:21.626+09:00 DEBUG 21184 --- [    Test worker] org.hibernate.type.BasicTypeRegistry     : Adding type registration ZoneOffset -> org.hibernate.type.BasicTypeReference@70f4abc1
2024-03-25T23:50:21.626+09:00 DEBUG 21184 --- [    Test worker] org.hibernate.type.BasicTypeRegistry     : Adding type registration java.time.ZoneOffset -> org.hibernate.type.BasicTypeReference@70f4abc1
2024-03-25T23:50:21.626+09:00 DEBUG 21184 --- [    Test worker] org.hibernate.type.BasicTypeRegistry     : Adding type registration url -> org.hibernate.type.BasicTypeReference@26d028f7
2024-03-25T23:50:21.626+09:00 DEBUG 21184 --- [    Test worker] org.hibernate.type.BasicTypeRegistry     : Adding type registration java.net.URL -> org.hibernate.type.BasicTypeReference@26d028f7
2024-03-25T23:50:21.626+09:00 DEBUG 21184 --- [    Test worker] org.hibernate.type.BasicTypeRegistry     : Adding type registration vector -> org.hibernate.type.BasicTypeReference@a2df0d5
2024-03-25T23:50:21.626+09:00 DEBUG 21184 --- [    Test worker] org.hibernate.type.BasicTypeRegistry     : Adding type registration row_version -> org.hibernate.type.BasicTypeReference@782cc5fa
2024-03-25T23:50:21.628+09:00 DEBUG 21184 --- [    Test worker] org.hibernate.type.BasicTypeRegistry     : Adding type registration object -> org.hibernate.type.JavaObjectType@745926c3
2024-03-25T23:50:21.628+09:00 DEBUG 21184 --- [    Test worker] org.hibernate.type.BasicTypeRegistry     : Adding type registration java.lang.Object -> org.hibernate.type.JavaObjectType@745926c3
2024-03-25T23:50:21.628+09:00 DEBUG 21184 --- [    Test worker] org.hibernate.type.BasicTypeRegistry     : Adding type registration null -> org.hibernate.type.NullType@194b9783
2024-03-25T23:50:21.629+09:00 DEBUG 21184 --- [    Test worker] org.hibernate.type.BasicTypeRegistry     : Adding type registration imm_date -> org.hibernate.type.BasicTypeReference@45297e7
2024-03-25T23:50:21.629+09:00 DEBUG 21184 --- [    Test worker] org.hibernate.type.BasicTypeRegistry     : Adding type registration imm_time -> org.hibernate.type.BasicTypeReference@54bb1194
2024-03-25T23:50:21.629+09:00 DEBUG 21184 --- [    Test worker] org.hibernate.type.BasicTypeRegistry     : Adding type registration imm_timestamp -> org.hibernate.type.BasicTypeReference@1109730f
2024-03-25T23:50:21.629+09:00 DEBUG 21184 --- [    Test worker] org.hibernate.type.BasicTypeRegistry     : Adding type registration imm_calendar -> org.hibernate.type.BasicTypeReference@1f42366
2024-03-25T23:50:21.629+09:00 DEBUG 21184 --- [    Test worker] org.hibernate.type.BasicTypeRegistry     : Adding type registration imm_calendar_date -> org.hibernate.type.BasicTypeReference@46c662f2
2024-03-25T23:50:21.629+09:00 DEBUG 21184 --- [    Test worker] org.hibernate.type.BasicTypeRegistry     : Adding type registration imm_calendar_time -> org.hibernate.type.BasicTypeReference@4afdfc0f
2024-03-25T23:50:21.629+09:00 DEBUG 21184 --- [    Test worker] org.hibernate.type.BasicTypeRegistry     : Adding type registration imm_binary -> org.hibernate.type.BasicTypeReference@10b67f54
2024-03-25T23:50:21.629+09:00 DEBUG 21184 --- [    Test worker] org.hibernate.type.BasicTypeRegistry     : Adding type registration imm_serializable -> org.hibernate.type.BasicTypeReference@30798137
2024-03-25T23:50:21.711+09:00  INFO 21184 --- [    Test worker] o.s.o.j.p.SpringPersistenceUnitInfo      : No LoadTimeWeaver setup: ignoring JPA class transformer
2024-03-25T23:50:21.726+09:00  INFO 21184 --- [    Test worker] com.zaxxer.hikari.HikariDataSource       : HikariPool-1 - Starting...
2024-03-25T23:50:21.956+09:00  INFO 21184 --- [    Test worker] com.zaxxer.hikari.pool.HikariPool        : HikariPool-1 - Added connection com.mysql.cj.jdbc.ConnectionImpl@2e4b5da1
2024-03-25T23:50:21.957+09:00  INFO 21184 --- [    Test worker] com.zaxxer.hikari.HikariDataSource       : HikariPool-1 - Start completed.
2024-03-25T23:50:22.008+09:00 DEBUG 21184 --- [    Test worker] o.h.t.d.sql.spi.DdlTypeRegistry          : addDescriptor(12, org.hibernate.type.descriptor.sql.internal.CapacityDependentDdlType@1b732dd) replaced previous registration(org.hibernate.type.descriptor.sql.internal.CapacityDependentDdlType@3458dab6)
2024-03-25T23:50:22.008+09:00 DEBUG 21184 --- [    Test worker] o.h.t.d.sql.spi.DdlTypeRegistry          : addDescriptor(-9, org.hibernate.type.descriptor.sql.internal.CapacityDependentDdlType@23d060c2) replaced previous registration(org.hibernate.type.descriptor.sql.internal.CapacityDependentDdlType@59278072)
2024-03-25T23:50:22.008+09:00 DEBUG 21184 --- [    Test worker] o.h.t.d.sql.spi.DdlTypeRegistry          : addDescriptor(-3, org.hibernate.type.descriptor.sql.internal.CapacityDependentDdlType@61be6051) replaced previous registration(org.hibernate.type.descriptor.sql.internal.CapacityDependentDdlType@13c18bba)
2024-03-25T23:50:22.008+09:00 DEBUG 21184 --- [    Test worker] o.h.t.d.sql.spi.DdlTypeRegistry          : addDescriptor(4003, org.hibernate.type.descriptor.sql.internal.DdlTypeImpl@33373f70) replaced previous registration(org.hibernate.type.descriptor.sql.internal.DdlTypeImpl@56f61d74)
2024-03-25T23:50:22.008+09:00 DEBUG 21184 --- [    Test worker] o.h.t.d.sql.spi.DdlTypeRegistry          : addDescriptor(4001, org.hibernate.type.descriptor.sql.internal.DdlTypeImpl@44d84313) replaced previous registration(org.hibernate.type.descriptor.sql.internal.DdlTypeImpl@5bdb9c69)
2024-03-25T23:50:22.008+09:00 DEBUG 21184 --- [    Test worker] o.h.t.d.sql.spi.DdlTypeRegistry          : addDescriptor(4002, org.hibernate.type.descriptor.sql.internal.DdlTypeImpl@511de4dd) replaced previous registration(org.hibernate.type.descriptor.sql.internal.DdlTypeImpl@37e64e37)
2024-03-25T23:50:22.010+09:00 DEBUG 21184 --- [    Test worker] o.h.t.d.sql.spi.DdlTypeRegistry          : addDescriptor(2004, org.hibernate.type.descriptor.sql.internal.CapacityDependentDdlType@31204303) replaced previous registration(org.hibernate.type.descriptor.sql.internal.DdlTypeImpl@369fb99a)
2024-03-25T23:50:22.010+09:00 DEBUG 21184 --- [    Test worker] o.h.t.d.sql.spi.DdlTypeRegistry          : addDescriptor(2005, org.hibernate.type.descriptor.sql.internal.CapacityDependentDdlType@81a8898) replaced previous registration(org.hibernate.type.descriptor.sql.internal.DdlTypeImpl@d08f85a)
2024-03-25T23:50:22.010+09:00 DEBUG 21184 --- [    Test worker] o.h.t.d.sql.spi.DdlTypeRegistry          : addDescriptor(2011, org.hibernate.type.descriptor.sql.internal.CapacityDependentDdlType@3e839aa3) replaced previous registration(org.hibernate.type.descriptor.sql.internal.DdlTypeImpl@751bb780)
2024-03-25T23:50:22.010+09:00 DEBUG 21184 --- [    Test worker] o.h.t.d.jdbc.spi.JdbcTypeRegistry        : addDescriptor(NCharTypeDescriptor) replaced previous registration(CharTypeDescriptor)
2024-03-25T23:50:22.010+09:00 DEBUG 21184 --- [    Test worker] o.h.t.d.jdbc.spi.JdbcTypeRegistry        : addDescriptor(NVarcharTypeDescriptor) replaced previous registration(VarcharTypeDescriptor)
2024-03-25T23:50:22.011+09:00 DEBUG 21184 --- [    Test worker] o.h.t.d.jdbc.spi.JdbcTypeRegistry        : addDescriptor(LongNVarcharTypeDescriptor) replaced previous registration(LongVarcharTypeDescriptor)
2024-03-25T23:50:22.012+09:00 DEBUG 21184 --- [    Test worker] o.h.t.d.jdbc.spi.JdbcTypeRegistry        : addDescriptor(NClobTypeDescriptor(DEFAULT)) replaced previous registration(ClobTypeDescriptor(DEFAULT))
2024-03-25T23:50:22.012+09:00 DEBUG 21184 --- [    Test worker] o.h.t.d.jdbc.spi.JdbcTypeRegistry        : addDescriptor(2005, ClobTypeDescriptor(STREAM_BINDING)) replaced previous registration(ClobTypeDescriptor(DEFAULT))
2024-03-25T23:50:22.013+09:00 DEBUG 21184 --- [    Test worker] org.hibernate.type.BasicTypeRegistry     : Adding type registration null -> org.hibernate.type.NullType@f08f8a9
2024-03-25T23:50:22.013+09:00 DEBUG 21184 --- [    Test worker] org.hibernate.type.BasicTypeRegistry     : Type registration key [null] overrode previous entry : `org.hibernate.type.NullType@194b9783`
2024-03-25T23:50:22.015+09:00 DEBUG 21184 --- [    Test worker] org.hibernate.type.BasicTypeRegistry     : Adding type registration org.hibernate.type.DurationType -> basicType@1(java.time.Duration,2)
2024-03-25T23:50:22.015+09:00 DEBUG 21184 --- [    Test worker] org.hibernate.type.BasicTypeRegistry     : Adding type registration Duration -> basicType@1(java.time.Duration,2)
2024-03-25T23:50:22.015+09:00 DEBUG 21184 --- [    Test worker] org.hibernate.type.BasicTypeRegistry     : Adding type registration java.time.Duration -> basicType@1(java.time.Duration,2)
2024-03-25T23:50:22.016+09:00 DEBUG 21184 --- [    Test worker] org.hibernate.type.BasicTypeRegistry     : Adding type registration org.hibernate.type.OffsetDateTimeType -> basicType@2(java.time.OffsetDateTime,3003)
2024-03-25T23:50:22.017+09:00 DEBUG 21184 --- [    Test worker] org.hibernate.type.BasicTypeRegistry     : Adding type registration OffsetDateTime -> basicType@2(java.time.OffsetDateTime,3003)
2024-03-25T23:50:22.017+09:00 DEBUG 21184 --- [    Test worker] org.hibernate.type.BasicTypeRegistry     : Adding type registration java.time.OffsetDateTime -> basicType@2(java.time.OffsetDateTime,3003)
2024-03-25T23:50:22.017+09:00 DEBUG 21184 --- [    Test worker] org.hibernate.type.BasicTypeRegistry     : Adding type registration org.hibernate.type.ZonedDateTimeType -> basicType@3(java.time.ZonedDateTime,3003)
2024-03-25T23:50:22.017+09:00 DEBUG 21184 --- [    Test worker] org.hibernate.type.BasicTypeRegistry     : Adding type registration ZonedDateTime -> basicType@3(java.time.ZonedDateTime,3003)
2024-03-25T23:50:22.017+09:00 DEBUG 21184 --- [    Test worker] org.hibernate.type.BasicTypeRegistry     : Adding type registration java.time.ZonedDateTime -> basicType@3(java.time.ZonedDateTime,3003)
2024-03-25T23:50:22.017+09:00 DEBUG 21184 --- [    Test worker] org.hibernate.type.BasicTypeRegistry     : Adding type registration org.hibernate.type.OffsetTimeType -> basicType@4(java.time.OffsetTime,3007)
2024-03-25T23:50:22.017+09:00 DEBUG 21184 --- [    Test worker] org.hibernate.type.BasicTypeRegistry     : Adding type registration OffsetTime -> basicType@4(java.time.OffsetTime,3007)
2024-03-25T23:50:22.017+09:00 DEBUG 21184 --- [    Test worker] org.hibernate.type.BasicTypeRegistry     : Adding type registration java.time.OffsetTime -> basicType@4(java.time.OffsetTime,3007)
2024-03-25T23:50:22.019+09:00 DEBUG 21184 --- [    Test worker] o.h.type.spi.TypeConfiguration$Scope     : Scoping TypeConfiguration [org.hibernate.type.spi.TypeConfiguration@1174676f] to MetadataBuildingContext [org.hibernate.boot.internal.MetadataBuildingContextRootImpl@71f8ce0e]
2024-03-25T23:50:22.571+09:00  INFO 21184 --- [    Test worker] o.h.e.t.j.p.i.JtaPlatformInitiator       : HHH000489: No JTA platform available (set 'hibernate.transaction.jta.platform' to enable JTA platform integration)
2024-03-25T23:50:22.572+09:00 DEBUG 21184 --- [    Test worker] o.h.type.spi.TypeConfiguration$Scope     : Scoping TypeConfiguration [org.hibernate.type.spi.TypeConfiguration@1174676f] to SessionFactoryImplementor [org.hibernate.internal.SessionFactoryImpl@1ced1d14]
2024-03-25T23:50:22.631+09:00 TRACE 21184 --- [    Test worker] o.h.type.spi.TypeConfiguration$Scope     : Handling #sessionFactoryCreated from [org.hibernate.internal.SessionFactoryImpl@1ced1d14] for TypeConfiguration
2024-03-25T23:50:22.631+09:00  INFO 21184 --- [    Test worker] j.LocalContainerEntityManagerFactoryBean : Initialized JPA EntityManagerFactory for persistence unit 'default'
2024-03-25T23:50:22.981+09:00  INFO 21184 --- [    Test worker] o.s.b.a.w.s.WelcomePageHandlerMapping    : Adding welcome page template: index
2024-03-25T23:50:23.898+09:00  INFO 21184 --- [    Test worker] c.e.portfolio.PortfolioApplicationTests  : Started PortfolioApplicationTests in 3.381 seconds (process running for 4.064)
]]></system-out>
  <system-err><![CDATA[WARNING: A Java agent has been loaded dynamically (C:\Users\82106\.gradle\caches\modules-2\files-2.1\net.bytebuddy\byte-buddy-agent\1.14.11\f9cb566608fbac6bc7bf54901a7aa11543a989ee\byte-buddy-agent-1.14.11.jar)
WARNING: If a serviceability tool is in use, please run with -XX:+EnableDynamicAgentLoading to hide this warning
WARNING: If a serviceability tool is not in use, please run with -Djdk.instrument.traceUsage for more information
WARNING: Dynamic loading of agents will be disallowed by default in a future release
]]></system-err>
</testsuite>
