<?xml version="1.0" encoding="UTF-8"?>
<testsuite name="com.example.portfolio.PortfolioApplicationTests" tests="1" skipped="0" failures="0" errors="0" timestamp="2024-03-22T13:25:04" hostname="DESKTOP-MLF20ON" time="0.301">
  <properties/>
  <testcase name="contextLoads()" classname="com.example.portfolio.PortfolioApplicationTests" time="0.301"/>
  <system-out><![CDATA[22:25:01.230 [Test worker] INFO org.springframework.test.context.support.AnnotationConfigContextLoaderUtils -- Could not detect default configuration classes for test class [com.example.portfolio.PortfolioApplicationTests]: PortfolioApplicationTests does not declare any static, non-private, non-final, nested classes annotated with @Configuration.
22:25:01.289 [Test worker] INFO org.springframework.boot.test.context.SpringBootTestContextBootstrapper -- Found @SpringBootConfiguration com.example.portfolio.PortfolioApplication for test class com.example.portfolio.PortfolioApplicationTests

  .   ____          _            __ _ _
 /\\ / ___'_ __ _ _(_)_ __  __ _ \ \ \ \
( ( )\___ | '_ | '_| | '_ \/ _` | \ \ \ \
 \\/  ___)| |_)| | | | | || (_| |  ) ) ) )
  '  |____| .__|_| |_|_| |_\__, | / / / /
 =========|_|==============|___/=/_/_/_/
 :: Spring Boot ::                (v3.2.2)

2024-03-22T22:25:01.548+09:00  INFO 14940 --- [    Test worker] c.e.portfolio.PortfolioApplicationTests  : Starting PortfolioApplicationTests using Java 21.0.2 with PID 14940 (started by 82106 in C:\Users\82106\Desktop\portfolio_back)
2024-03-22T22:25:01.549+09:00  INFO 14940 --- [    Test worker] c.e.portfolio.PortfolioApplicationTests  : The following 1 profile is active: "secret"
2024-03-22T22:25:01.990+09:00  INFO 14940 --- [    Test worker] .s.d.r.c.RepositoryConfigurationDelegate : Bootstrapping Spring Data JPA repositories in DEFAULT mode.
2024-03-22T22:25:02.000+09:00  INFO 14940 --- [    Test worker] .s.d.r.c.RepositoryConfigurationDelegate : Finished Spring Data repository scanning in 7 ms. Found 0 JPA repository interfaces.
2024-03-22T22:25:02.298+09:00  INFO 14940 --- [    Test worker] o.hibernate.jpa.internal.util.LogHelper  : HHH000204: Processing PersistenceUnitInfo [name: default]
2024-03-22T22:25:02.342+09:00  INFO 14940 --- [    Test worker] org.hibernate.Version                    : HHH000412: Hibernate ORM core version 6.4.1.Final
2024-03-22T22:25:02.364+09:00  INFO 14940 --- [    Test worker] o.h.c.internal.RegionFactoryInitiator    : HHH000026: Second-level cache disabled
2024-03-22T22:25:02.416+09:00 DEBUG 14940 --- [    Test worker] org.hibernate.type.BasicTypeRegistry     : Adding type registration boolean -> org.hibernate.type.BasicTypeReference@6def0632
2024-03-22T22:25:02.416+09:00 DEBUG 14940 --- [    Test worker] org.hibernate.type.BasicTypeRegistry     : Adding type registration boolean -> org.hibernate.type.BasicTypeReference@6def0632
2024-03-22T22:25:02.416+09:00 DEBUG 14940 --- [    Test worker] org.hibernate.type.BasicTypeRegistry     : Adding type registration java.lang.Boolean -> org.hibernate.type.BasicTypeReference@6def0632
2024-03-22T22:25:02.416+09:00 DEBUG 14940 --- [    Test worker] org.hibernate.type.BasicTypeRegistry     : Adding type registration numeric_boolean -> org.hibernate.type.BasicTypeReference@49038f97
2024-03-22T22:25:02.416+09:00 DEBUG 14940 --- [    Test worker] org.hibernate.type.BasicTypeRegistry     : Adding type registration org.hibernate.type.NumericBooleanConverter -> org.hibernate.type.BasicTypeReference@49038f97
2024-03-22T22:25:02.416+09:00 DEBUG 14940 --- [    Test worker] org.hibernate.type.BasicTypeRegistry     : Adding type registration true_false -> org.hibernate.type.BasicTypeReference@36211bbc
2024-03-22T22:25:02.416+09:00 DEBUG 14940 --- [    Test worker] org.hibernate.type.BasicTypeRegistry     : Adding type registration org.hibernate.type.TrueFalseConverter -> org.hibernate.type.BasicTypeReference@36211bbc
2024-03-22T22:25:02.416+09:00 DEBUG 14940 --- [    Test worker] org.hibernate.type.BasicTypeRegistry     : Adding type registration yes_no -> org.hibernate.type.BasicTypeReference@7ef41ca2
2024-03-22T22:25:02.416+09:00 DEBUG 14940 --- [    Test worker] org.hibernate.type.BasicTypeRegistry     : Adding type registration org.hibernate.type.YesNoConverter -> org.hibernate.type.BasicTypeReference@7ef41ca2
2024-03-22T22:25:02.416+09:00 DEBUG 14940 --- [    Test worker] org.hibernate.type.BasicTypeRegistry     : Adding type registration byte -> org.hibernate.type.BasicTypeReference@6b3f4bd8
2024-03-22T22:25:02.416+09:00 DEBUG 14940 --- [    Test worker] org.hibernate.type.BasicTypeRegistry     : Adding type registration byte -> org.hibernate.type.BasicTypeReference@6b3f4bd8
2024-03-22T22:25:02.417+09:00 DEBUG 14940 --- [    Test worker] org.hibernate.type.BasicTypeRegistry     : Adding type registration java.lang.Byte -> org.hibernate.type.BasicTypeReference@6b3f4bd8
2024-03-22T22:25:02.417+09:00 DEBUG 14940 --- [    Test worker] org.hibernate.type.BasicTypeRegistry     : Adding type registration binary -> org.hibernate.type.BasicTypeReference@3e151e1f
2024-03-22T22:25:02.417+09:00 DEBUG 14940 --- [    Test worker] org.hibernate.type.BasicTypeRegistry     : Adding type registration byte[] -> org.hibernate.type.BasicTypeReference@3e151e1f
2024-03-22T22:25:02.417+09:00 DEBUG 14940 --- [    Test worker] org.hibernate.type.BasicTypeRegistry     : Adding type registration [B -> org.hibernate.type.BasicTypeReference@3e151e1f
2024-03-22T22:25:02.417+09:00 DEBUG 14940 --- [    Test worker] org.hibernate.type.BasicTypeRegistry     : Adding type registration binary_wrapper -> org.hibernate.type.BasicTypeReference@d70e9a
2024-03-22T22:25:02.417+09:00 DEBUG 14940 --- [    Test worker] org.hibernate.type.BasicTypeRegistry     : Adding type registration wrapper-binary -> org.hibernate.type.BasicTypeReference@d70e9a
2024-03-22T22:25:02.417+09:00 DEBUG 14940 --- [    Test worker] org.hibernate.type.BasicTypeRegistry     : Adding type registration image -> org.hibernate.type.BasicTypeReference@5e98032e
2024-03-22T22:25:02.417+09:00 DEBUG 14940 --- [    Test worker] org.hibernate.type.BasicTypeRegistry     : Adding type registration blob -> org.hibernate.type.BasicTypeReference@4fe8f2ae
2024-03-22T22:25:02.417+09:00 DEBUG 14940 --- [    Test worker] org.hibernate.type.BasicTypeRegistry     : Adding type registration java.sql.Blob -> org.hibernate.type.BasicTypeReference@4fe8f2ae
2024-03-22T22:25:02.417+09:00 DEBUG 14940 --- [    Test worker] org.hibernate.type.BasicTypeRegistry     : Adding type registration materialized_blob -> org.hibernate.type.BasicTypeReference@591be8aa
2024-03-22T22:25:02.418+09:00 DEBUG 14940 --- [    Test worker] org.hibernate.type.BasicTypeRegistry     : Adding type registration materialized_blob_wrapper -> org.hibernate.type.BasicTypeReference@61808ecd
2024-03-22T22:25:02.418+09:00 DEBUG 14940 --- [    Test worker] org.hibernate.type.BasicTypeRegistry     : Adding type registration short -> org.hibernate.type.BasicTypeReference@7f1f60a0
2024-03-22T22:25:02.418+09:00 DEBUG 14940 --- [    Test worker] org.hibernate.type.BasicTypeRegistry     : Adding type registration short -> org.hibernate.type.BasicTypeReference@7f1f60a0
2024-03-22T22:25:02.418+09:00 DEBUG 14940 --- [    Test worker] org.hibernate.type.BasicTypeRegistry     : Adding type registration java.lang.Short -> org.hibernate.type.BasicTypeReference@7f1f60a0
2024-03-22T22:25:02.418+09:00 DEBUG 14940 --- [    Test worker] org.hibernate.type.BasicTypeRegistry     : Adding type registration integer -> org.hibernate.type.BasicTypeReference@77ea806f
2024-03-22T22:25:02.418+09:00 DEBUG 14940 --- [    Test worker] org.hibernate.type.BasicTypeRegistry     : Adding type registration int -> org.hibernate.type.BasicTypeReference@77ea806f
2024-03-22T22:25:02.418+09:00 DEBUG 14940 --- [    Test worker] org.hibernate.type.BasicTypeRegistry     : Adding type registration java.lang.Integer -> org.hibernate.type.BasicTypeReference@77ea806f
2024-03-22T22:25:02.418+09:00 DEBUG 14940 --- [    Test worker] org.hibernate.type.BasicTypeRegistry     : Adding type registration long -> org.hibernate.type.BasicTypeReference@71b26880
2024-03-22T22:25:02.418+09:00 DEBUG 14940 --- [    Test worker] org.hibernate.type.BasicTypeRegistry     : Adding type registration long -> org.hibernate.type.BasicTypeReference@71b26880
2024-03-22T22:25:02.418+09:00 DEBUG 14940 --- [    Test worker] org.hibernate.type.BasicTypeRegistry     : Adding type registration java.lang.Long -> org.hibernate.type.BasicTypeReference@71b26880
2024-03-22T22:25:02.418+09:00 DEBUG 14940 --- [    Test worker] org.hibernate.type.BasicTypeRegistry     : Adding type registration float -> org.hibernate.type.BasicTypeReference@14a1769d
2024-03-22T22:25:02.418+09:00 DEBUG 14940 --- [    Test worker] org.hibernate.type.BasicTypeRegistry     : Adding type registration float -> org.hibernate.type.BasicTypeReference@14a1769d
2024-03-22T22:25:02.418+09:00 DEBUG 14940 --- [    Test worker] org.hibernate.type.BasicTypeRegistry     : Adding type registration java.lang.Float -> org.hibernate.type.BasicTypeReference@14a1769d
2024-03-22T22:25:02.418+09:00 DEBUG 14940 --- [    Test worker] org.hibernate.type.BasicTypeRegistry     : Adding type registration double -> org.hibernate.type.BasicTypeReference@10bf1ec9
2024-03-22T22:25:02.418+09:00 DEBUG 14940 --- [    Test worker] org.hibernate.type.BasicTypeRegistry     : Adding type registration double -> org.hibernate.type.BasicTypeReference@10bf1ec9
2024-03-22T22:25:02.420+09:00 DEBUG 14940 --- [    Test worker] org.hibernate.type.BasicTypeRegistry     : Adding type registration java.lang.Double -> org.hibernate.type.BasicTypeReference@10bf1ec9
2024-03-22T22:25:02.420+09:00 DEBUG 14940 --- [    Test worker] org.hibernate.type.BasicTypeRegistry     : Adding type registration big_integer -> org.hibernate.type.BasicTypeReference@33751d49
2024-03-22T22:25:02.420+09:00 DEBUG 14940 --- [    Test worker] org.hibernate.type.BasicTypeRegistry     : Adding type registration java.math.BigInteger -> org.hibernate.type.BasicTypeReference@33751d49
2024-03-22T22:25:02.420+09:00 DEBUG 14940 --- [    Test worker] org.hibernate.type.BasicTypeRegistry     : Adding type registration big_decimal -> org.hibernate.type.BasicTypeReference@516195cf
2024-03-22T22:25:02.420+09:00 DEBUG 14940 --- [    Test worker] org.hibernate.type.BasicTypeRegistry     : Adding type registration java.math.BigDecimal -> org.hibernate.type.BasicTypeReference@516195cf
2024-03-22T22:25:02.420+09:00 DEBUG 14940 --- [    Test worker] org.hibernate.type.BasicTypeRegistry     : Adding type registration character -> org.hibernate.type.BasicTypeReference@4eeb14e0
2024-03-22T22:25:02.420+09:00 DEBUG 14940 --- [    Test worker] org.hibernate.type.BasicTypeRegistry     : Adding type registration char -> org.hibernate.type.BasicTypeReference@4eeb14e0
2024-03-22T22:25:02.420+09:00 DEBUG 14940 --- [    Test worker] org.hibernate.type.BasicTypeRegistry     : Adding type registration java.lang.Character -> org.hibernate.type.BasicTypeReference@4eeb14e0
2024-03-22T22:25:02.420+09:00 DEBUG 14940 --- [    Test worker] org.hibernate.type.BasicTypeRegistry     : Adding type registration character_nchar -> org.hibernate.type.BasicTypeReference@26ca12a2
2024-03-22T22:25:02.420+09:00 DEBUG 14940 --- [    Test worker] org.hibernate.type.BasicTypeRegistry     : Adding type registration string -> org.hibernate.type.BasicTypeReference@3d4ecc67
2024-03-22T22:25:02.420+09:00 DEBUG 14940 --- [    Test worker] org.hibernate.type.BasicTypeRegistry     : Adding type registration java.lang.String -> org.hibernate.type.BasicTypeReference@3d4ecc67
2024-03-22T22:25:02.420+09:00 DEBUG 14940 --- [    Test worker] org.hibernate.type.BasicTypeRegistry     : Adding type registration nstring -> org.hibernate.type.BasicTypeReference@60dcf9ec
2024-03-22T22:25:02.420+09:00 DEBUG 14940 --- [    Test worker] org.hibernate.type.BasicTypeRegistry     : Adding type registration characters -> org.hibernate.type.BasicTypeReference@7606bd03
2024-03-22T22:25:02.420+09:00 DEBUG 14940 --- [    Test worker] org.hibernate.type.BasicTypeRegistry     : Adding type registration char[] -> org.hibernate.type.BasicTypeReference@7606bd03
2024-03-22T22:25:02.420+09:00 DEBUG 14940 --- [    Test worker] org.hibernate.type.BasicTypeRegistry     : Adding type registration [C -> org.hibernate.type.BasicTypeReference@7606bd03
2024-03-22T22:25:02.420+09:00 DEBUG 14940 --- [    Test worker] org.hibernate.type.BasicTypeRegistry     : Adding type registration wrapper-characters -> org.hibernate.type.BasicTypeReference@afee63
2024-03-22T22:25:02.420+09:00 DEBUG 14940 --- [    Test worker] org.hibernate.type.BasicTypeRegistry     : Adding type registration text -> org.hibernate.type.BasicTypeReference@4b4927e5
2024-03-22T22:25:02.420+09:00 DEBUG 14940 --- [    Test worker] org.hibernate.type.BasicTypeRegistry     : Adding type registration ntext -> org.hibernate.type.BasicTypeReference@4c5da4f9
2024-03-22T22:25:02.421+09:00 DEBUG 14940 --- [    Test worker] org.hibernate.type.BasicTypeRegistry     : Adding type registration clob -> org.hibernate.type.BasicTypeReference@ff0e6d4
2024-03-22T22:25:02.421+09:00 DEBUG 14940 --- [    Test worker] org.hibernate.type.BasicTypeRegistry     : Adding type registration java.sql.Clob -> org.hibernate.type.BasicTypeReference@ff0e6d4
2024-03-22T22:25:02.421+09:00 DEBUG 14940 --- [    Test worker] org.hibernate.type.BasicTypeRegistry     : Adding type registration nclob -> org.hibernate.type.BasicTypeReference@70d3cdbf
2024-03-22T22:25:02.421+09:00 DEBUG 14940 --- [    Test worker] org.hibernate.type.BasicTypeRegistry     : Adding type registration java.sql.NClob -> org.hibernate.type.BasicTypeReference@70d3cdbf
2024-03-22T22:25:02.421+09:00 DEBUG 14940 --- [    Test worker] org.hibernate.type.BasicTypeRegistry     : Adding type registration materialized_clob -> org.hibernate.type.BasicTypeReference@72a7aa4f
2024-03-22T22:25:02.421+09:00 DEBUG 14940 --- [    Test worker] org.hibernate.type.BasicTypeRegistry     : Adding type registration materialized_clob_char_array -> org.hibernate.type.BasicTypeReference@537ca28e
2024-03-22T22:25:02.421+09:00 DEBUG 14940 --- [    Test worker] org.hibernate.type.BasicTypeRegistry     : Adding type registration materialized_clob_character_array -> org.hibernate.type.BasicTypeReference@5b322873
2024-03-22T22:25:02.421+09:00 DEBUG 14940 --- [    Test worker] org.hibernate.type.BasicTypeRegistry     : Adding type registration materialized_nclob -> org.hibernate.type.BasicTypeReference@35e2b89f
2024-03-22T22:25:02.421+09:00 DEBUG 14940 --- [    Test worker] org.hibernate.type.BasicTypeRegistry     : Adding type registration materialized_nclob_character_array -> org.hibernate.type.BasicTypeReference@7ad889be
2024-03-22T22:25:02.421+09:00 DEBUG 14940 --- [    Test worker] org.hibernate.type.BasicTypeRegistry     : Adding type registration materialized_nclob_char_array -> org.hibernate.type.BasicTypeReference@4c063cb9
2024-03-22T22:25:02.421+09:00 DEBUG 14940 --- [    Test worker] org.hibernate.type.BasicTypeRegistry     : Adding type registration Duration -> org.hibernate.type.BasicTypeReference@63de4fa
2024-03-22T22:25:02.421+09:00 DEBUG 14940 --- [    Test worker] org.hibernate.type.BasicTypeRegistry     : Adding type registration java.time.Duration -> org.hibernate.type.BasicTypeReference@63de4fa
2024-03-22T22:25:02.421+09:00 DEBUG 14940 --- [    Test worker] org.hibernate.type.BasicTypeRegistry     : Adding type registration LocalDateTime -> org.hibernate.type.BasicTypeReference@26bb92e2
2024-03-22T22:25:02.421+09:00 DEBUG 14940 --- [    Test worker] org.hibernate.type.BasicTypeRegistry     : Adding type registration java.time.LocalDateTime -> org.hibernate.type.BasicTypeReference@26bb92e2
2024-03-22T22:25:02.421+09:00 DEBUG 14940 --- [    Test worker] org.hibernate.type.BasicTypeRegistry     : Adding type registration LocalDate -> org.hibernate.type.BasicTypeReference@18907af2
2024-03-22T22:25:02.421+09:00 DEBUG 14940 --- [    Test worker] org.hibernate.type.BasicTypeRegistry     : Adding type registration java.time.LocalDate -> org.hibernate.type.BasicTypeReference@18907af2
2024-03-22T22:25:02.421+09:00 DEBUG 14940 --- [    Test worker] org.hibernate.type.BasicTypeRegistry     : Adding type registration LocalTime -> org.hibernate.type.BasicTypeReference@658e7ead
2024-03-22T22:25:02.421+09:00 DEBUG 14940 --- [    Test worker] org.hibernate.type.BasicTypeRegistry     : Adding type registration java.time.LocalTime -> org.hibernate.type.BasicTypeReference@658e7ead
2024-03-22T22:25:02.422+09:00 DEBUG 14940 --- [    Test worker] org.hibernate.type.BasicTypeRegistry     : Adding type registration OffsetDateTime -> org.hibernate.type.BasicTypeReference@cfd5cd2
2024-03-22T22:25:02.422+09:00 DEBUG 14940 --- [    Test worker] org.hibernate.type.BasicTypeRegistry     : Adding type registration java.time.OffsetDateTime -> org.hibernate.type.BasicTypeReference@cfd5cd2
2024-03-22T22:25:02.422+09:00 DEBUG 14940 --- [    Test worker] org.hibernate.type.BasicTypeRegistry     : Adding type registration OffsetDateTimeWithTimezone -> org.hibernate.type.BasicTypeReference@762bf32d
2024-03-22T22:25:02.422+09:00 DEBUG 14940 --- [    Test worker] org.hibernate.type.BasicTypeRegistry     : Adding type registration OffsetDateTimeWithoutTimezone -> org.hibernate.type.BasicTypeReference@6d7740f0
2024-03-22T22:25:02.422+09:00 DEBUG 14940 --- [    Test worker] org.hibernate.type.BasicTypeRegistry     : Adding type registration OffsetTime -> org.hibernate.type.BasicTypeReference@7b1a30e5
2024-03-22T22:25:02.422+09:00 DEBUG 14940 --- [    Test worker] org.hibernate.type.BasicTypeRegistry     : Adding type registration java.time.OffsetTime -> org.hibernate.type.BasicTypeReference@7b1a30e5
2024-03-22T22:25:02.422+09:00 DEBUG 14940 --- [    Test worker] org.hibernate.type.BasicTypeRegistry     : Adding type registration OffsetTimeUtc -> org.hibernate.type.BasicTypeReference@1de7f898
2024-03-22T22:25:02.422+09:00 DEBUG 14940 --- [    Test worker] org.hibernate.type.BasicTypeRegistry     : Adding type registration OffsetTimeWithTimezone -> org.hibernate.type.BasicTypeReference@34fcd292
2024-03-22T22:25:02.422+09:00 DEBUG 14940 --- [    Test worker] org.hibernate.type.BasicTypeRegistry     : Adding type registration OffsetTimeWithoutTimezone -> org.hibernate.type.BasicTypeReference@63db743d
2024-03-22T22:25:02.422+09:00 DEBUG 14940 --- [    Test worker] org.hibernate.type.BasicTypeRegistry     : Adding type registration ZonedDateTime -> org.hibernate.type.BasicTypeReference@496cedbb
2024-03-22T22:25:02.422+09:00 DEBUG 14940 --- [    Test worker] org.hibernate.type.BasicTypeRegistry     : Adding type registration java.time.ZonedDateTime -> org.hibernate.type.BasicTypeReference@496cedbb
2024-03-22T22:25:02.422+09:00 DEBUG 14940 --- [    Test worker] org.hibernate.type.BasicTypeRegistry     : Adding type registration ZonedDateTimeWithTimezone -> org.hibernate.type.BasicTypeReference@6b6def36
2024-03-22T22:25:02.422+09:00 DEBUG 14940 --- [    Test worker] org.hibernate.type.BasicTypeRegistry     : Adding type registration ZonedDateTimeWithoutTimezone -> org.hibernate.type.BasicTypeReference@3957d88b
2024-03-22T22:25:02.422+09:00 DEBUG 14940 --- [    Test worker] org.hibernate.type.BasicTypeRegistry     : Adding type registration date -> org.hibernate.type.BasicTypeReference@1152900
2024-03-22T22:25:02.422+09:00 DEBUG 14940 --- [    Test worker] org.hibernate.type.BasicTypeRegistry     : Adding type registration java.sql.Date -> org.hibernate.type.BasicTypeReference@1152900
2024-03-22T22:25:02.422+09:00 DEBUG 14940 --- [    Test worker] org.hibernate.type.BasicTypeRegistry     : Adding type registration time -> org.hibernate.type.BasicTypeReference@2fba0dac
2024-03-22T22:25:02.422+09:00 DEBUG 14940 --- [    Test worker] org.hibernate.type.BasicTypeRegistry     : Adding type registration java.sql.Time -> org.hibernate.type.BasicTypeReference@2fba0dac
2024-03-22T22:25:02.422+09:00 DEBUG 14940 --- [    Test worker] org.hibernate.type.BasicTypeRegistry     : Adding type registration timestamp -> org.hibernate.type.BasicTypeReference@2b2a4332
2024-03-22T22:25:02.422+09:00 DEBUG 14940 --- [    Test worker] org.hibernate.type.BasicTypeRegistry     : Adding type registration java.sql.Timestamp -> org.hibernate.type.BasicTypeReference@2b2a4332
2024-03-22T22:25:02.422+09:00 DEBUG 14940 --- [    Test worker] org.hibernate.type.BasicTypeRegistry     : Adding type registration java.util.Date -> org.hibernate.type.BasicTypeReference@2b2a4332
2024-03-22T22:25:02.422+09:00 DEBUG 14940 --- [    Test worker] org.hibernate.type.BasicTypeRegistry     : Adding type registration calendar -> org.hibernate.type.BasicTypeReference@2cbe455c
2024-03-22T22:25:02.422+09:00 DEBUG 14940 --- [    Test worker] org.hibernate.type.BasicTypeRegistry     : Adding type registration java.util.Calendar -> org.hibernate.type.BasicTypeReference@2cbe455c
2024-03-22T22:25:02.423+09:00 DEBUG 14940 --- [    Test worker] org.hibernate.type.BasicTypeRegistry     : Adding type registration java.util.GregorianCalendar -> org.hibernate.type.BasicTypeReference@2cbe455c
2024-03-22T22:25:02.423+09:00 DEBUG 14940 --- [    Test worker] org.hibernate.type.BasicTypeRegistry     : Adding type registration calendar_date -> org.hibernate.type.BasicTypeReference@4cb24e2
2024-03-22T22:25:02.423+09:00 DEBUG 14940 --- [    Test worker] org.hibernate.type.BasicTypeRegistry     : Adding type registration calendar_time -> org.hibernate.type.BasicTypeReference@7be38eba
2024-03-22T22:25:02.423+09:00 DEBUG 14940 --- [    Test worker] org.hibernate.type.BasicTypeRegistry     : Adding type registration instant -> org.hibernate.type.BasicTypeReference@2296127
2024-03-22T22:25:02.423+09:00 DEBUG 14940 --- [    Test worker] org.hibernate.type.BasicTypeRegistry     : Adding type registration java.time.Instant -> org.hibernate.type.BasicTypeReference@2296127
2024-03-22T22:25:02.423+09:00 DEBUG 14940 --- [    Test worker] org.hibernate.type.BasicTypeRegistry     : Adding type registration uuid -> org.hibernate.type.BasicTypeReference@5ce3409b
2024-03-22T22:25:02.423+09:00 DEBUG 14940 --- [    Test worker] org.hibernate.type.BasicTypeRegistry     : Adding type registration java.util.UUID -> org.hibernate.type.BasicTypeReference@5ce3409b
2024-03-22T22:25:02.423+09:00 DEBUG 14940 --- [    Test worker] org.hibernate.type.BasicTypeRegistry     : Adding type registration pg-uuid -> org.hibernate.type.BasicTypeReference@5ce3409b
2024-03-22T22:25:02.423+09:00 DEBUG 14940 --- [    Test worker] org.hibernate.type.BasicTypeRegistry     : Adding type registration uuid-binary -> org.hibernate.type.BasicTypeReference@1d283d1
2024-03-22T22:25:02.423+09:00 DEBUG 14940 --- [    Test worker] org.hibernate.type.BasicTypeRegistry     : Adding type registration uuid-char -> org.hibernate.type.BasicTypeReference@66234b0f
2024-03-22T22:25:02.423+09:00 DEBUG 14940 --- [    Test worker] org.hibernate.type.BasicTypeRegistry     : Adding type registration class -> org.hibernate.type.BasicTypeReference@2fca3eb5
2024-03-22T22:25:02.423+09:00 DEBUG 14940 --- [    Test worker] org.hibernate.type.BasicTypeRegistry     : Adding type registration java.lang.Class -> org.hibernate.type.BasicTypeReference@2fca3eb5
2024-03-22T22:25:02.423+09:00 DEBUG 14940 --- [    Test worker] org.hibernate.type.BasicTypeRegistry     : Adding type registration currency -> org.hibernate.type.BasicTypeReference@69eb544f
2024-03-22T22:25:02.423+09:00 DEBUG 14940 --- [    Test worker] org.hibernate.type.BasicTypeRegistry     : Adding type registration Currency -> org.hibernate.type.BasicTypeReference@69eb544f
2024-03-22T22:25:02.423+09:00 DEBUG 14940 --- [    Test worker] org.hibernate.type.BasicTypeRegistry     : Adding type registration java.util.Currency -> org.hibernate.type.BasicTypeReference@69eb544f
2024-03-22T22:25:02.423+09:00 DEBUG 14940 --- [    Test worker] org.hibernate.type.BasicTypeRegistry     : Adding type registration locale -> org.hibernate.type.BasicTypeReference@7cb29ea8
2024-03-22T22:25:02.423+09:00 DEBUG 14940 --- [    Test worker] org.hibernate.type.BasicTypeRegistry     : Adding type registration java.util.Locale -> org.hibernate.type.BasicTypeReference@7cb29ea8
2024-03-22T22:25:02.423+09:00 DEBUG 14940 --- [    Test worker] org.hibernate.type.BasicTypeRegistry     : Adding type registration serializable -> org.hibernate.type.BasicTypeReference@b5c902
2024-03-22T22:25:02.423+09:00 DEBUG 14940 --- [    Test worker] org.hibernate.type.BasicTypeRegistry     : Adding type registration java.io.Serializable -> org.hibernate.type.BasicTypeReference@b5c902
2024-03-22T22:25:02.423+09:00 DEBUG 14940 --- [    Test worker] org.hibernate.type.BasicTypeRegistry     : Adding type registration timezone -> org.hibernate.type.BasicTypeReference@7e747037
2024-03-22T22:25:02.423+09:00 DEBUG 14940 --- [    Test worker] org.hibernate.type.BasicTypeRegistry     : Adding type registration java.util.TimeZone -> org.hibernate.type.BasicTypeReference@7e747037
2024-03-22T22:25:02.423+09:00 DEBUG 14940 --- [    Test worker] org.hibernate.type.BasicTypeRegistry     : Adding type registration ZoneOffset -> org.hibernate.type.BasicTypeReference@4d0e1a9a
2024-03-22T22:25:02.423+09:00 DEBUG 14940 --- [    Test worker] org.hibernate.type.BasicTypeRegistry     : Adding type registration java.time.ZoneOffset -> org.hibernate.type.BasicTypeReference@4d0e1a9a
2024-03-22T22:25:02.424+09:00 DEBUG 14940 --- [    Test worker] org.hibernate.type.BasicTypeRegistry     : Adding type registration url -> org.hibernate.type.BasicTypeReference@25218a4d
2024-03-22T22:25:02.424+09:00 DEBUG 14940 --- [    Test worker] org.hibernate.type.BasicTypeRegistry     : Adding type registration java.net.URL -> org.hibernate.type.BasicTypeReference@25218a4d
2024-03-22T22:25:02.424+09:00 DEBUG 14940 --- [    Test worker] org.hibernate.type.BasicTypeRegistry     : Adding type registration vector -> org.hibernate.type.BasicTypeReference@bf2aa32
2024-03-22T22:25:02.424+09:00 DEBUG 14940 --- [    Test worker] org.hibernate.type.BasicTypeRegistry     : Adding type registration row_version -> org.hibernate.type.BasicTypeReference@56da96b3
2024-03-22T22:25:02.429+09:00 DEBUG 14940 --- [    Test worker] org.hibernate.type.BasicTypeRegistry     : Adding type registration object -> org.hibernate.type.JavaObjectType@4c56644f
2024-03-22T22:25:02.429+09:00 DEBUG 14940 --- [    Test worker] org.hibernate.type.BasicTypeRegistry     : Adding type registration java.lang.Object -> org.hibernate.type.JavaObjectType@4c56644f
2024-03-22T22:25:02.430+09:00 DEBUG 14940 --- [    Test worker] org.hibernate.type.BasicTypeRegistry     : Adding type registration null -> org.hibernate.type.NullType@61ab6521
2024-03-22T22:25:02.430+09:00 DEBUG 14940 --- [    Test worker] org.hibernate.type.BasicTypeRegistry     : Adding type registration imm_date -> org.hibernate.type.BasicTypeReference@328e4ec2
2024-03-22T22:25:02.430+09:00 DEBUG 14940 --- [    Test worker] org.hibernate.type.BasicTypeRegistry     : Adding type registration imm_time -> org.hibernate.type.BasicTypeReference@68fc9167
2024-03-22T22:25:02.430+09:00 DEBUG 14940 --- [    Test worker] org.hibernate.type.BasicTypeRegistry     : Adding type registration imm_timestamp -> org.hibernate.type.BasicTypeReference@52c46334
2024-03-22T22:25:02.430+09:00 DEBUG 14940 --- [    Test worker] org.hibernate.type.BasicTypeRegistry     : Adding type registration imm_calendar -> org.hibernate.type.BasicTypeReference@12fccff0
2024-03-22T22:25:02.430+09:00 DEBUG 14940 --- [    Test worker] org.hibernate.type.BasicTypeRegistry     : Adding type registration imm_calendar_date -> org.hibernate.type.BasicTypeReference@5d767218
2024-03-22T22:25:02.430+09:00 DEBUG 14940 --- [    Test worker] org.hibernate.type.BasicTypeRegistry     : Adding type registration imm_calendar_time -> org.hibernate.type.BasicTypeReference@510da778
2024-03-22T22:25:02.430+09:00 DEBUG 14940 --- [    Test worker] org.hibernate.type.BasicTypeRegistry     : Adding type registration imm_binary -> org.hibernate.type.BasicTypeReference@20a1b3ae
2024-03-22T22:25:02.430+09:00 DEBUG 14940 --- [    Test worker] org.hibernate.type.BasicTypeRegistry     : Adding type registration imm_serializable -> org.hibernate.type.BasicTypeReference@54567b05
2024-03-22T22:25:02.519+09:00  INFO 14940 --- [    Test worker] o.s.o.j.p.SpringPersistenceUnitInfo      : No LoadTimeWeaver setup: ignoring JPA class transformer
2024-03-22T22:25:02.534+09:00  INFO 14940 --- [    Test worker] com.zaxxer.hikari.HikariDataSource       : HikariPool-1 - Starting...
2024-03-22T22:25:02.720+09:00  INFO 14940 --- [    Test worker] com.zaxxer.hikari.pool.HikariPool        : HikariPool-1 - Added connection com.mysql.cj.jdbc.ConnectionImpl@39e7e040
2024-03-22T22:25:02.722+09:00  INFO 14940 --- [    Test worker] com.zaxxer.hikari.HikariDataSource       : HikariPool-1 - Start completed.
2024-03-22T22:25:02.778+09:00 DEBUG 14940 --- [    Test worker] o.h.t.d.sql.spi.DdlTypeRegistry          : addDescriptor(12, org.hibernate.type.descriptor.sql.internal.CapacityDependentDdlType@1a3c4b3e) replaced previous registration(org.hibernate.type.descriptor.sql.internal.CapacityDependentDdlType@4746fb8c)
2024-03-22T22:25:02.778+09:00 DEBUG 14940 --- [    Test worker] o.h.t.d.sql.spi.DdlTypeRegistry          : addDescriptor(-9, org.hibernate.type.descriptor.sql.internal.CapacityDependentDdlType@3be46d9c) replaced previous registration(org.hibernate.type.descriptor.sql.internal.CapacityDependentDdlType@41d877bb)
2024-03-22T22:25:02.778+09:00 DEBUG 14940 --- [    Test worker] o.h.t.d.sql.spi.DdlTypeRegistry          : addDescriptor(-3, org.hibernate.type.descriptor.sql.internal.CapacityDependentDdlType@39c5a105) replaced previous registration(org.hibernate.type.descriptor.sql.internal.CapacityDependentDdlType@492fa72a)
2024-03-22T22:25:02.779+09:00 DEBUG 14940 --- [    Test worker] o.h.t.d.sql.spi.DdlTypeRegistry          : addDescriptor(4003, org.hibernate.type.descriptor.sql.internal.DdlTypeImpl@513fab1e) replaced previous registration(org.hibernate.type.descriptor.sql.internal.DdlTypeImpl@53d87b2d)
2024-03-22T22:25:02.779+09:00 DEBUG 14940 --- [    Test worker] o.h.t.d.sql.spi.DdlTypeRegistry          : addDescriptor(4001, org.hibernate.type.descriptor.sql.internal.DdlTypeImpl@470135da) replaced previous registration(org.hibernate.type.descriptor.sql.internal.DdlTypeImpl@7323dce7)
2024-03-22T22:25:02.779+09:00 DEBUG 14940 --- [    Test worker] o.h.t.d.sql.spi.DdlTypeRegistry          : addDescriptor(4002, org.hibernate.type.descriptor.sql.internal.DdlTypeImpl@5f68eec6) replaced previous registration(org.hibernate.type.descriptor.sql.internal.DdlTypeImpl@4ff9f715)
2024-03-22T22:25:02.779+09:00 DEBUG 14940 --- [    Test worker] o.h.t.d.sql.spi.DdlTypeRegistry          : addDescriptor(2004, org.hibernate.type.descriptor.sql.internal.CapacityDependentDdlType@118a4d5) replaced previous registration(org.hibernate.type.descriptor.sql.internal.DdlTypeImpl@6cb194f5)
2024-03-22T22:25:02.779+09:00 DEBUG 14940 --- [    Test worker] o.h.t.d.sql.spi.DdlTypeRegistry          : addDescriptor(2005, org.hibernate.type.descriptor.sql.internal.CapacityDependentDdlType@74b7497b) replaced previous registration(org.hibernate.type.descriptor.sql.internal.DdlTypeImpl@74f649a7)
2024-03-22T22:25:02.779+09:00 DEBUG 14940 --- [    Test worker] o.h.t.d.sql.spi.DdlTypeRegistry          : addDescriptor(2011, org.hibernate.type.descriptor.sql.internal.CapacityDependentDdlType@308c65e0) replaced previous registration(org.hibernate.type.descriptor.sql.internal.DdlTypeImpl@50fa5938)
2024-03-22T22:25:02.780+09:00 DEBUG 14940 --- [    Test worker] o.h.t.d.jdbc.spi.JdbcTypeRegistry        : addDescriptor(NCharTypeDescriptor) replaced previous registration(CharTypeDescriptor)
2024-03-22T22:25:02.780+09:00 DEBUG 14940 --- [    Test worker] o.h.t.d.jdbc.spi.JdbcTypeRegistry        : addDescriptor(NVarcharTypeDescriptor) replaced previous registration(VarcharTypeDescriptor)
2024-03-22T22:25:02.780+09:00 DEBUG 14940 --- [    Test worker] o.h.t.d.jdbc.spi.JdbcTypeRegistry        : addDescriptor(LongNVarcharTypeDescriptor) replaced previous registration(LongVarcharTypeDescriptor)
2024-03-22T22:25:02.781+09:00 DEBUG 14940 --- [    Test worker] o.h.t.d.jdbc.spi.JdbcTypeRegistry        : addDescriptor(NClobTypeDescriptor(DEFAULT)) replaced previous registration(ClobTypeDescriptor(DEFAULT))
2024-03-22T22:25:02.781+09:00 DEBUG 14940 --- [    Test worker] o.h.t.d.jdbc.spi.JdbcTypeRegistry        : addDescriptor(2005, ClobTypeDescriptor(STREAM_BINDING)) replaced previous registration(ClobTypeDescriptor(DEFAULT))
2024-03-22T22:25:02.783+09:00 DEBUG 14940 --- [    Test worker] org.hibernate.type.BasicTypeRegistry     : Adding type registration null -> org.hibernate.type.NullType@25ea068e
2024-03-22T22:25:02.783+09:00 DEBUG 14940 --- [    Test worker] org.hibernate.type.BasicTypeRegistry     : Type registration key [null] overrode previous entry : `org.hibernate.type.NullType@61ab6521`
2024-03-22T22:25:02.785+09:00 DEBUG 14940 --- [    Test worker] org.hibernate.type.BasicTypeRegistry     : Adding type registration org.hibernate.type.DurationType -> basicType@1(java.time.Duration,2)
2024-03-22T22:25:02.785+09:00 DEBUG 14940 --- [    Test worker] org.hibernate.type.BasicTypeRegistry     : Adding type registration Duration -> basicType@1(java.time.Duration,2)
2024-03-22T22:25:02.785+09:00 DEBUG 14940 --- [    Test worker] org.hibernate.type.BasicTypeRegistry     : Adding type registration java.time.Duration -> basicType@1(java.time.Duration,2)
2024-03-22T22:25:02.787+09:00 DEBUG 14940 --- [    Test worker] org.hibernate.type.BasicTypeRegistry     : Adding type registration org.hibernate.type.OffsetDateTimeType -> basicType@2(java.time.OffsetDateTime,3003)
2024-03-22T22:25:02.787+09:00 DEBUG 14940 --- [    Test worker] org.hibernate.type.BasicTypeRegistry     : Adding type registration OffsetDateTime -> basicType@2(java.time.OffsetDateTime,3003)
2024-03-22T22:25:02.787+09:00 DEBUG 14940 --- [    Test worker] org.hibernate.type.BasicTypeRegistry     : Adding type registration java.time.OffsetDateTime -> basicType@2(java.time.OffsetDateTime,3003)
2024-03-22T22:25:02.787+09:00 DEBUG 14940 --- [    Test worker] org.hibernate.type.BasicTypeRegistry     : Adding type registration org.hibernate.type.ZonedDateTimeType -> basicType@3(java.time.ZonedDateTime,3003)
2024-03-22T22:25:02.787+09:00 DEBUG 14940 --- [    Test worker] org.hibernate.type.BasicTypeRegistry     : Adding type registration ZonedDateTime -> basicType@3(java.time.ZonedDateTime,3003)
2024-03-22T22:25:02.787+09:00 DEBUG 14940 --- [    Test worker] org.hibernate.type.BasicTypeRegistry     : Adding type registration java.time.ZonedDateTime -> basicType@3(java.time.ZonedDateTime,3003)
2024-03-22T22:25:02.788+09:00 DEBUG 14940 --- [    Test worker] org.hibernate.type.BasicTypeRegistry     : Adding type registration org.hibernate.type.OffsetTimeType -> basicType@4(java.time.OffsetTime,3007)
2024-03-22T22:25:02.788+09:00 DEBUG 14940 --- [    Test worker] org.hibernate.type.BasicTypeRegistry     : Adding type registration OffsetTime -> basicType@4(java.time.OffsetTime,3007)
2024-03-22T22:25:02.788+09:00 DEBUG 14940 --- [    Test worker] org.hibernate.type.BasicTypeRegistry     : Adding type registration java.time.OffsetTime -> basicType@4(java.time.OffsetTime,3007)
2024-03-22T22:25:02.788+09:00 DEBUG 14940 --- [    Test worker] o.h.type.spi.TypeConfiguration$Scope     : Scoping TypeConfiguration [org.hibernate.type.spi.TypeConfiguration@76eadc5a] to MetadataBuildingContext [org.hibernate.boot.internal.MetadataBuildingContextRootImpl@1e9d7366]
2024-03-22T22:25:03.326+09:00  INFO 14940 --- [    Test worker] o.h.e.t.j.p.i.JtaPlatformInitiator       : HHH000489: No JTA platform available (set 'hibernate.transaction.jta.platform' to enable JTA platform integration)
2024-03-22T22:25:03.327+09:00 DEBUG 14940 --- [    Test worker] o.h.type.spi.TypeConfiguration$Scope     : Scoping TypeConfiguration [org.hibernate.type.spi.TypeConfiguration@76eadc5a] to SessionFactoryImplementor [org.hibernate.internal.SessionFactoryImpl@5d24703e]
2024-03-22T22:25:03.386+09:00 TRACE 14940 --- [    Test worker] o.h.type.spi.TypeConfiguration$Scope     : Handling #sessionFactoryCreated from [org.hibernate.internal.SessionFactoryImpl@5d24703e] for TypeConfiguration
2024-03-22T22:25:03.386+09:00  INFO 14940 --- [    Test worker] j.LocalContainerEntityManagerFactoryBean : Initialized JPA EntityManagerFactory for persistence unit 'default'
2024-03-22T22:25:03.658+09:00  INFO 14940 --- [    Test worker] o.s.b.a.w.s.WelcomePageHandlerMapping    : Adding welcome page template: index
2024-03-22T22:25:04.521+09:00  INFO 14940 --- [    Test worker] c.e.portfolio.PortfolioApplicationTests  : Started PortfolioApplicationTests in 3.129 seconds (process running for 3.839)
]]></system-out>
  <system-err><![CDATA[WARNING: A Java agent has been loaded dynamically (C:\Users\82106\.gradle\caches\modules-2\files-2.1\net.bytebuddy\byte-buddy-agent\1.14.11\f9cb566608fbac6bc7bf54901a7aa11543a989ee\byte-buddy-agent-1.14.11.jar)
WARNING: If a serviceability tool is in use, please run with -XX:+EnableDynamicAgentLoading to hide this warning
WARNING: If a serviceability tool is not in use, please run with -Djdk.instrument.traceUsage for more information
WARNING: Dynamic loading of agents will be disallowed by default in a future release
]]></system-err>
</testsuite>
