<?xml version="1.0" encoding="UTF-8"?>
<testsuite name="com.example.portfolio.PortfolioApplicationTests" tests="1" skipped="0" failures="0" errors="0" timestamp="2024-03-22T03:35:09" hostname="DESKTOP-HLEQ68I" time="0.865">
  <properties/>
  <testcase name="contextLoads()" classname="com.example.portfolio.PortfolioApplicationTests" time="0.865"/>
  <system-out><![CDATA[12:35:00.533 [Test worker] INFO org.springframework.test.context.support.AnnotationConfigContextLoaderUtils -- Could not detect default configuration classes for test class [com.example.portfolio.PortfolioApplicationTests]: PortfolioApplicationTests does not declare any static, non-private, non-final, nested classes annotated with @Configuration.
12:35:00.701 [Test worker] INFO org.springframework.boot.test.context.SpringBootTestContextBootstrapper -- Found @SpringBootConfiguration com.example.portfolio.PortfolioApplication for test class com.example.portfolio.PortfolioApplicationTests

  .   ____          _            __ _ _
 /\\ / ___'_ __ _ _(_)_ __  __ _ \ \ \ \
( ( )\___ | '_ | '_| | '_ \/ _` | \ \ \ \
 \\/  ___)| |_)| | | | | || (_| |  ) ) ) )
  '  |____| .__|_| |_|_| |_\__, | / / / /
 =========|_|==============|___/=/_/_/_/
 :: Spring Boot ::                (v3.2.2)

2024-03-22T12:35:01.433+09:00  INFO 18304 --- [    Test worker] c.e.portfolio.PortfolioApplicationTests  : Starting PortfolioApplicationTests using Java 17.0.10 with PID 18304 (started by sola2 in C:\Users\sola2\OneDrive\바탕 화면\portfolio)
2024-03-22T12:35:01.435+09:00  INFO 18304 --- [    Test worker] c.e.portfolio.PortfolioApplicationTests  : The following 1 profile is active: "secret"
2024-03-22T12:35:02.805+09:00  INFO 18304 --- [    Test worker] .s.d.r.c.RepositoryConfigurationDelegate : Bootstrapping Spring Data JPA repositories in DEFAULT mode.
2024-03-22T12:35:02.848+09:00  INFO 18304 --- [    Test worker] .s.d.r.c.RepositoryConfigurationDelegate : Finished Spring Data repository scanning in 26 ms. Found 0 JPA repository interfaces.
2024-03-22T12:35:03.582+09:00  INFO 18304 --- [    Test worker] o.hibernate.jpa.internal.util.LogHelper  : HHH000204: Processing PersistenceUnitInfo [name: default]
2024-03-22T12:35:03.701+09:00  INFO 18304 --- [    Test worker] org.hibernate.Version                    : HHH000412: Hibernate ORM core version 6.4.1.Final
2024-03-22T12:35:03.769+09:00  INFO 18304 --- [    Test worker] o.h.c.internal.RegionFactoryInitiator    : HHH000026: Second-level cache disabled
2024-03-22T12:35:03.925+09:00 DEBUG 18304 --- [    Test worker] org.hibernate.type.BasicTypeRegistry     : Adding type registration boolean -> org.hibernate.type.BasicTypeReference@8f39224
2024-03-22T12:35:03.925+09:00 DEBUG 18304 --- [    Test worker] org.hibernate.type.BasicTypeRegistry     : Adding type registration boolean -> org.hibernate.type.BasicTypeReference@8f39224
2024-03-22T12:35:03.925+09:00 DEBUG 18304 --- [    Test worker] org.hibernate.type.BasicTypeRegistry     : Adding type registration java.lang.Boolean -> org.hibernate.type.BasicTypeReference@8f39224
2024-03-22T12:35:03.926+09:00 DEBUG 18304 --- [    Test worker] org.hibernate.type.BasicTypeRegistry     : Adding type registration numeric_boolean -> org.hibernate.type.BasicTypeReference@7f642bf
2024-03-22T12:35:03.926+09:00 DEBUG 18304 --- [    Test worker] org.hibernate.type.BasicTypeRegistry     : Adding type registration org.hibernate.type.NumericBooleanConverter -> org.hibernate.type.BasicTypeReference@7f642bf
2024-03-22T12:35:03.926+09:00 DEBUG 18304 --- [    Test worker] org.hibernate.type.BasicTypeRegistry     : Adding type registration true_false -> org.hibernate.type.BasicTypeReference@43e3a390
2024-03-22T12:35:03.927+09:00 DEBUG 18304 --- [    Test worker] org.hibernate.type.BasicTypeRegistry     : Adding type registration org.hibernate.type.TrueFalseConverter -> org.hibernate.type.BasicTypeReference@43e3a390
2024-03-22T12:35:03.927+09:00 DEBUG 18304 --- [    Test worker] org.hibernate.type.BasicTypeRegistry     : Adding type registration yes_no -> org.hibernate.type.BasicTypeReference@44aa91e2
2024-03-22T12:35:03.927+09:00 DEBUG 18304 --- [    Test worker] org.hibernate.type.BasicTypeRegistry     : Adding type registration org.hibernate.type.YesNoConverter -> org.hibernate.type.BasicTypeReference@44aa91e2
2024-03-22T12:35:03.928+09:00 DEBUG 18304 --- [    Test worker] org.hibernate.type.BasicTypeRegistry     : Adding type registration byte -> org.hibernate.type.BasicTypeReference@50dc49e1
2024-03-22T12:35:03.928+09:00 DEBUG 18304 --- [    Test worker] org.hibernate.type.BasicTypeRegistry     : Adding type registration byte -> org.hibernate.type.BasicTypeReference@50dc49e1
2024-03-22T12:35:03.928+09:00 DEBUG 18304 --- [    Test worker] org.hibernate.type.BasicTypeRegistry     : Adding type registration java.lang.Byte -> org.hibernate.type.BasicTypeReference@50dc49e1
2024-03-22T12:35:03.929+09:00 DEBUG 18304 --- [    Test worker] org.hibernate.type.BasicTypeRegistry     : Adding type registration binary -> org.hibernate.type.BasicTypeReference@650a1aff
2024-03-22T12:35:03.930+09:00 DEBUG 18304 --- [    Test worker] org.hibernate.type.BasicTypeRegistry     : Adding type registration byte[] -> org.hibernate.type.BasicTypeReference@650a1aff
2024-03-22T12:35:03.930+09:00 DEBUG 18304 --- [    Test worker] org.hibernate.type.BasicTypeRegistry     : Adding type registration [B -> org.hibernate.type.BasicTypeReference@650a1aff
2024-03-22T12:35:03.930+09:00 DEBUG 18304 --- [    Test worker] org.hibernate.type.BasicTypeRegistry     : Adding type registration binary_wrapper -> org.hibernate.type.BasicTypeReference@19bfbe28
2024-03-22T12:35:03.930+09:00 DEBUG 18304 --- [    Test worker] org.hibernate.type.BasicTypeRegistry     : Adding type registration wrapper-binary -> org.hibernate.type.BasicTypeReference@19bfbe28
2024-03-22T12:35:03.931+09:00 DEBUG 18304 --- [    Test worker] org.hibernate.type.BasicTypeRegistry     : Adding type registration image -> org.hibernate.type.BasicTypeReference@2c579202
2024-03-22T12:35:03.931+09:00 DEBUG 18304 --- [    Test worker] org.hibernate.type.BasicTypeRegistry     : Adding type registration blob -> org.hibernate.type.BasicTypeReference@49ced9c7
2024-03-22T12:35:03.931+09:00 DEBUG 18304 --- [    Test worker] org.hibernate.type.BasicTypeRegistry     : Adding type registration java.sql.Blob -> org.hibernate.type.BasicTypeReference@49ced9c7
2024-03-22T12:35:03.932+09:00 DEBUG 18304 --- [    Test worker] org.hibernate.type.BasicTypeRegistry     : Adding type registration materialized_blob -> org.hibernate.type.BasicTypeReference@11c7a0b4
2024-03-22T12:35:03.932+09:00 DEBUG 18304 --- [    Test worker] org.hibernate.type.BasicTypeRegistry     : Adding type registration materialized_blob_wrapper -> org.hibernate.type.BasicTypeReference@75ed125a
2024-03-22T12:35:03.932+09:00 DEBUG 18304 --- [    Test worker] org.hibernate.type.BasicTypeRegistry     : Adding type registration short -> org.hibernate.type.BasicTypeReference@653a5967
2024-03-22T12:35:03.932+09:00 DEBUG 18304 --- [    Test worker] org.hibernate.type.BasicTypeRegistry     : Adding type registration short -> org.hibernate.type.BasicTypeReference@653a5967
2024-03-22T12:35:03.933+09:00 DEBUG 18304 --- [    Test worker] org.hibernate.type.BasicTypeRegistry     : Adding type registration java.lang.Short -> org.hibernate.type.BasicTypeReference@653a5967
2024-03-22T12:35:03.933+09:00 DEBUG 18304 --- [    Test worker] org.hibernate.type.BasicTypeRegistry     : Adding type registration integer -> org.hibernate.type.BasicTypeReference@5a85b4e6
2024-03-22T12:35:03.933+09:00 DEBUG 18304 --- [    Test worker] org.hibernate.type.BasicTypeRegistry     : Adding type registration int -> org.hibernate.type.BasicTypeReference@5a85b4e6
2024-03-22T12:35:03.933+09:00 DEBUG 18304 --- [    Test worker] org.hibernate.type.BasicTypeRegistry     : Adding type registration java.lang.Integer -> org.hibernate.type.BasicTypeReference@5a85b4e6
2024-03-22T12:35:03.934+09:00 DEBUG 18304 --- [    Test worker] org.hibernate.type.BasicTypeRegistry     : Adding type registration long -> org.hibernate.type.BasicTypeReference@766b6d02
2024-03-22T12:35:03.934+09:00 DEBUG 18304 --- [    Test worker] org.hibernate.type.BasicTypeRegistry     : Adding type registration long -> org.hibernate.type.BasicTypeReference@766b6d02
2024-03-22T12:35:03.934+09:00 DEBUG 18304 --- [    Test worker] org.hibernate.type.BasicTypeRegistry     : Adding type registration java.lang.Long -> org.hibernate.type.BasicTypeReference@766b6d02
2024-03-22T12:35:03.934+09:00 DEBUG 18304 --- [    Test worker] org.hibernate.type.BasicTypeRegistry     : Adding type registration float -> org.hibernate.type.BasicTypeReference@6b09ce57
2024-03-22T12:35:03.934+09:00 DEBUG 18304 --- [    Test worker] org.hibernate.type.BasicTypeRegistry     : Adding type registration float -> org.hibernate.type.BasicTypeReference@6b09ce57
2024-03-22T12:35:03.935+09:00 DEBUG 18304 --- [    Test worker] org.hibernate.type.BasicTypeRegistry     : Adding type registration java.lang.Float -> org.hibernate.type.BasicTypeReference@6b09ce57
2024-03-22T12:35:03.935+09:00 DEBUG 18304 --- [    Test worker] org.hibernate.type.BasicTypeRegistry     : Adding type registration double -> org.hibernate.type.BasicTypeReference@5c4f4330
2024-03-22T12:35:03.935+09:00 DEBUG 18304 --- [    Test worker] org.hibernate.type.BasicTypeRegistry     : Adding type registration double -> org.hibernate.type.BasicTypeReference@5c4f4330
2024-03-22T12:35:03.935+09:00 DEBUG 18304 --- [    Test worker] org.hibernate.type.BasicTypeRegistry     : Adding type registration java.lang.Double -> org.hibernate.type.BasicTypeReference@5c4f4330
2024-03-22T12:35:03.936+09:00 DEBUG 18304 --- [    Test worker] org.hibernate.type.BasicTypeRegistry     : Adding type registration big_integer -> org.hibernate.type.BasicTypeReference@2b9aeedb
2024-03-22T12:35:03.936+09:00 DEBUG 18304 --- [    Test worker] org.hibernate.type.BasicTypeRegistry     : Adding type registration java.math.BigInteger -> org.hibernate.type.BasicTypeReference@2b9aeedb
2024-03-22T12:35:03.937+09:00 DEBUG 18304 --- [    Test worker] org.hibernate.type.BasicTypeRegistry     : Adding type registration big_decimal -> org.hibernate.type.BasicTypeReference@63485d7
2024-03-22T12:35:03.937+09:00 DEBUG 18304 --- [    Test worker] org.hibernate.type.BasicTypeRegistry     : Adding type registration java.math.BigDecimal -> org.hibernate.type.BasicTypeReference@63485d7
2024-03-22T12:35:03.937+09:00 DEBUG 18304 --- [    Test worker] org.hibernate.type.BasicTypeRegistry     : Adding type registration character -> org.hibernate.type.BasicTypeReference@23ea8830
2024-03-22T12:35:03.937+09:00 DEBUG 18304 --- [    Test worker] org.hibernate.type.BasicTypeRegistry     : Adding type registration char -> org.hibernate.type.BasicTypeReference@23ea8830
2024-03-22T12:35:03.938+09:00 DEBUG 18304 --- [    Test worker] org.hibernate.type.BasicTypeRegistry     : Adding type registration java.lang.Character -> org.hibernate.type.BasicTypeReference@23ea8830
2024-03-22T12:35:03.938+09:00 DEBUG 18304 --- [    Test worker] org.hibernate.type.BasicTypeRegistry     : Adding type registration character_nchar -> org.hibernate.type.BasicTypeReference@59a09be
2024-03-22T12:35:03.938+09:00 DEBUG 18304 --- [    Test worker] org.hibernate.type.BasicTypeRegistry     : Adding type registration string -> org.hibernate.type.BasicTypeReference@790ac3e0
2024-03-22T12:35:03.939+09:00 DEBUG 18304 --- [    Test worker] org.hibernate.type.BasicTypeRegistry     : Adding type registration java.lang.String -> org.hibernate.type.BasicTypeReference@790ac3e0
2024-03-22T12:35:03.939+09:00 DEBUG 18304 --- [    Test worker] org.hibernate.type.BasicTypeRegistry     : Adding type registration nstring -> org.hibernate.type.BasicTypeReference@5bb2fb2b
2024-03-22T12:35:03.939+09:00 DEBUG 18304 --- [    Test worker] org.hibernate.type.BasicTypeRegistry     : Adding type registration characters -> org.hibernate.type.BasicTypeReference@2cee5365
2024-03-22T12:35:03.940+09:00 DEBUG 18304 --- [    Test worker] org.hibernate.type.BasicTypeRegistry     : Adding type registration char[] -> org.hibernate.type.BasicTypeReference@2cee5365
2024-03-22T12:35:03.940+09:00 DEBUG 18304 --- [    Test worker] org.hibernate.type.BasicTypeRegistry     : Adding type registration [C -> org.hibernate.type.BasicTypeReference@2cee5365
2024-03-22T12:35:03.940+09:00 DEBUG 18304 --- [    Test worker] org.hibernate.type.BasicTypeRegistry     : Adding type registration wrapper-characters -> org.hibernate.type.BasicTypeReference@796c68bf
2024-03-22T12:35:03.940+09:00 DEBUG 18304 --- [    Test worker] org.hibernate.type.BasicTypeRegistry     : Adding type registration text -> org.hibernate.type.BasicTypeReference@56d6a1b1
2024-03-22T12:35:03.941+09:00 DEBUG 18304 --- [    Test worker] org.hibernate.type.BasicTypeRegistry     : Adding type registration ntext -> org.hibernate.type.BasicTypeReference@1a7163e3
2024-03-22T12:35:03.941+09:00 DEBUG 18304 --- [    Test worker] org.hibernate.type.BasicTypeRegistry     : Adding type registration clob -> org.hibernate.type.BasicTypeReference@44da7eb3
2024-03-22T12:35:03.941+09:00 DEBUG 18304 --- [    Test worker] org.hibernate.type.BasicTypeRegistry     : Adding type registration java.sql.Clob -> org.hibernate.type.BasicTypeReference@44da7eb3
2024-03-22T12:35:03.941+09:00 DEBUG 18304 --- [    Test worker] org.hibernate.type.BasicTypeRegistry     : Adding type registration nclob -> org.hibernate.type.BasicTypeReference@5e69cf07
2024-03-22T12:35:03.942+09:00 DEBUG 18304 --- [    Test worker] org.hibernate.type.BasicTypeRegistry     : Adding type registration java.sql.NClob -> org.hibernate.type.BasicTypeReference@5e69cf07
2024-03-22T12:35:03.942+09:00 DEBUG 18304 --- [    Test worker] org.hibernate.type.BasicTypeRegistry     : Adding type registration materialized_clob -> org.hibernate.type.BasicTypeReference@3d512652
2024-03-22T12:35:03.942+09:00 DEBUG 18304 --- [    Test worker] org.hibernate.type.BasicTypeRegistry     : Adding type registration materialized_clob_char_array -> org.hibernate.type.BasicTypeReference@2c2e3460
2024-03-22T12:35:03.942+09:00 DEBUG 18304 --- [    Test worker] org.hibernate.type.BasicTypeRegistry     : Adding type registration materialized_clob_character_array -> org.hibernate.type.BasicTypeReference@3b96f8b0
2024-03-22T12:35:03.943+09:00 DEBUG 18304 --- [    Test worker] org.hibernate.type.BasicTypeRegistry     : Adding type registration materialized_nclob -> org.hibernate.type.BasicTypeReference@2b170932
2024-03-22T12:35:03.943+09:00 DEBUG 18304 --- [    Test worker] org.hibernate.type.BasicTypeRegistry     : Adding type registration materialized_nclob_character_array -> org.hibernate.type.BasicTypeReference@1fc0d9b4
2024-03-22T12:35:03.943+09:00 DEBUG 18304 --- [    Test worker] org.hibernate.type.BasicTypeRegistry     : Adding type registration materialized_nclob_char_array -> org.hibernate.type.BasicTypeReference@42107318
2024-03-22T12:35:03.944+09:00 DEBUG 18304 --- [    Test worker] org.hibernate.type.BasicTypeRegistry     : Adding type registration Duration -> org.hibernate.type.BasicTypeReference@4e4f4092
2024-03-22T12:35:03.944+09:00 DEBUG 18304 --- [    Test worker] org.hibernate.type.BasicTypeRegistry     : Adding type registration java.time.Duration -> org.hibernate.type.BasicTypeReference@4e4f4092
2024-03-22T12:35:03.944+09:00 DEBUG 18304 --- [    Test worker] org.hibernate.type.BasicTypeRegistry     : Adding type registration LocalDateTime -> org.hibernate.type.BasicTypeReference@5d829ef0
2024-03-22T12:35:03.944+09:00 DEBUG 18304 --- [    Test worker] org.hibernate.type.BasicTypeRegistry     : Adding type registration java.time.LocalDateTime -> org.hibernate.type.BasicTypeReference@5d829ef0
2024-03-22T12:35:03.945+09:00 DEBUG 18304 --- [    Test worker] org.hibernate.type.BasicTypeRegistry     : Adding type registration LocalDate -> org.hibernate.type.BasicTypeReference@4416e18d
2024-03-22T12:35:03.945+09:00 DEBUG 18304 --- [    Test worker] org.hibernate.type.BasicTypeRegistry     : Adding type registration java.time.LocalDate -> org.hibernate.type.BasicTypeReference@4416e18d
2024-03-22T12:35:03.945+09:00 DEBUG 18304 --- [    Test worker] org.hibernate.type.BasicTypeRegistry     : Adding type registration LocalTime -> org.hibernate.type.BasicTypeReference@5dfc2a4
2024-03-22T12:35:03.945+09:00 DEBUG 18304 --- [    Test worker] org.hibernate.type.BasicTypeRegistry     : Adding type registration java.time.LocalTime -> org.hibernate.type.BasicTypeReference@5dfc2a4
2024-03-22T12:35:03.946+09:00 DEBUG 18304 --- [    Test worker] org.hibernate.type.BasicTypeRegistry     : Adding type registration OffsetDateTime -> org.hibernate.type.BasicTypeReference@3120495d
2024-03-22T12:35:03.946+09:00 DEBUG 18304 --- [    Test worker] org.hibernate.type.BasicTypeRegistry     : Adding type registration java.time.OffsetDateTime -> org.hibernate.type.BasicTypeReference@3120495d
2024-03-22T12:35:03.946+09:00 DEBUG 18304 --- [    Test worker] org.hibernate.type.BasicTypeRegistry     : Adding type registration OffsetDateTimeWithTimezone -> org.hibernate.type.BasicTypeReference@781c2497
2024-03-22T12:35:03.946+09:00 DEBUG 18304 --- [    Test worker] org.hibernate.type.BasicTypeRegistry     : Adding type registration OffsetDateTimeWithoutTimezone -> org.hibernate.type.BasicTypeReference@b75b890
2024-03-22T12:35:03.947+09:00 DEBUG 18304 --- [    Test worker] org.hibernate.type.BasicTypeRegistry     : Adding type registration OffsetTime -> org.hibernate.type.BasicTypeReference@70c491b8
2024-03-22T12:35:03.947+09:00 DEBUG 18304 --- [    Test worker] org.hibernate.type.BasicTypeRegistry     : Adding type registration java.time.OffsetTime -> org.hibernate.type.BasicTypeReference@70c491b8
2024-03-22T12:35:03.947+09:00 DEBUG 18304 --- [    Test worker] org.hibernate.type.BasicTypeRegistry     : Adding type registration OffsetTimeUtc -> org.hibernate.type.BasicTypeReference@439d545c
2024-03-22T12:35:03.947+09:00 DEBUG 18304 --- [    Test worker] org.hibernate.type.BasicTypeRegistry     : Adding type registration OffsetTimeWithTimezone -> org.hibernate.type.BasicTypeReference@5a3cf824
2024-03-22T12:35:03.948+09:00 DEBUG 18304 --- [    Test worker] org.hibernate.type.BasicTypeRegistry     : Adding type registration OffsetTimeWithoutTimezone -> org.hibernate.type.BasicTypeReference@7c2b6acb
2024-03-22T12:35:03.948+09:00 DEBUG 18304 --- [    Test worker] org.hibernate.type.BasicTypeRegistry     : Adding type registration ZonedDateTime -> org.hibernate.type.BasicTypeReference@28367da7
2024-03-22T12:35:03.948+09:00 DEBUG 18304 --- [    Test worker] org.hibernate.type.BasicTypeRegistry     : Adding type registration java.time.ZonedDateTime -> org.hibernate.type.BasicTypeReference@28367da7
2024-03-22T12:35:03.948+09:00 DEBUG 18304 --- [    Test worker] org.hibernate.type.BasicTypeRegistry     : Adding type registration ZonedDateTimeWithTimezone -> org.hibernate.type.BasicTypeReference@1a0f349
2024-03-22T12:35:03.948+09:00 DEBUG 18304 --- [    Test worker] org.hibernate.type.BasicTypeRegistry     : Adding type registration ZonedDateTimeWithoutTimezone -> org.hibernate.type.BasicTypeReference@3c60c681
2024-03-22T12:35:03.949+09:00 DEBUG 18304 --- [    Test worker] org.hibernate.type.BasicTypeRegistry     : Adding type registration date -> org.hibernate.type.BasicTypeReference@1b3a9ef4
2024-03-22T12:35:03.949+09:00 DEBUG 18304 --- [    Test worker] org.hibernate.type.BasicTypeRegistry     : Adding type registration java.sql.Date -> org.hibernate.type.BasicTypeReference@1b3a9ef4
2024-03-22T12:35:03.950+09:00 DEBUG 18304 --- [    Test worker] org.hibernate.type.BasicTypeRegistry     : Adding type registration time -> org.hibernate.type.BasicTypeReference@7a1371
2024-03-22T12:35:03.950+09:00 DEBUG 18304 --- [    Test worker] org.hibernate.type.BasicTypeRegistry     : Adding type registration java.sql.Time -> org.hibernate.type.BasicTypeReference@7a1371
2024-03-22T12:35:03.950+09:00 DEBUG 18304 --- [    Test worker] org.hibernate.type.BasicTypeRegistry     : Adding type registration timestamp -> org.hibernate.type.BasicTypeReference@6c6928c
2024-03-22T12:35:03.950+09:00 DEBUG 18304 --- [    Test worker] org.hibernate.type.BasicTypeRegistry     : Adding type registration java.sql.Timestamp -> org.hibernate.type.BasicTypeReference@6c6928c
2024-03-22T12:35:03.951+09:00 DEBUG 18304 --- [    Test worker] org.hibernate.type.BasicTypeRegistry     : Adding type registration java.util.Date -> org.hibernate.type.BasicTypeReference@6c6928c
2024-03-22T12:35:03.951+09:00 DEBUG 18304 --- [    Test worker] org.hibernate.type.BasicTypeRegistry     : Adding type registration calendar -> org.hibernate.type.BasicTypeReference@3c28181b
2024-03-22T12:35:03.951+09:00 DEBUG 18304 --- [    Test worker] org.hibernate.type.BasicTypeRegistry     : Adding type registration java.util.Calendar -> org.hibernate.type.BasicTypeReference@3c28181b
2024-03-22T12:35:03.951+09:00 DEBUG 18304 --- [    Test worker] org.hibernate.type.BasicTypeRegistry     : Adding type registration java.util.GregorianCalendar -> org.hibernate.type.BasicTypeReference@3c28181b
2024-03-22T12:35:03.951+09:00 DEBUG 18304 --- [    Test worker] org.hibernate.type.BasicTypeRegistry     : Adding type registration calendar_date -> org.hibernate.type.BasicTypeReference@73aaec54
2024-03-22T12:35:03.952+09:00 DEBUG 18304 --- [    Test worker] org.hibernate.type.BasicTypeRegistry     : Adding type registration calendar_time -> org.hibernate.type.BasicTypeReference@239b98cb
2024-03-22T12:35:03.952+09:00 DEBUG 18304 --- [    Test worker] org.hibernate.type.BasicTypeRegistry     : Adding type registration instant -> org.hibernate.type.BasicTypeReference@117b2cc6
2024-03-22T12:35:03.952+09:00 DEBUG 18304 --- [    Test worker] org.hibernate.type.BasicTypeRegistry     : Adding type registration java.time.Instant -> org.hibernate.type.BasicTypeReference@117b2cc6
2024-03-22T12:35:03.952+09:00 DEBUG 18304 --- [    Test worker] org.hibernate.type.BasicTypeRegistry     : Adding type registration uuid -> org.hibernate.type.BasicTypeReference@6def0632
2024-03-22T12:35:03.952+09:00 DEBUG 18304 --- [    Test worker] org.hibernate.type.BasicTypeRegistry     : Adding type registration java.util.UUID -> org.hibernate.type.BasicTypeReference@6def0632
2024-03-22T12:35:03.953+09:00 DEBUG 18304 --- [    Test worker] org.hibernate.type.BasicTypeRegistry     : Adding type registration pg-uuid -> org.hibernate.type.BasicTypeReference@6def0632
2024-03-22T12:35:03.953+09:00 DEBUG 18304 --- [    Test worker] org.hibernate.type.BasicTypeRegistry     : Adding type registration uuid-binary -> org.hibernate.type.BasicTypeReference@49038f97
2024-03-22T12:35:03.953+09:00 DEBUG 18304 --- [    Test worker] org.hibernate.type.BasicTypeRegistry     : Adding type registration uuid-char -> org.hibernate.type.BasicTypeReference@36211bbc
2024-03-22T12:35:03.953+09:00 DEBUG 18304 --- [    Test worker] org.hibernate.type.BasicTypeRegistry     : Adding type registration class -> org.hibernate.type.BasicTypeReference@7ef41ca2
2024-03-22T12:35:03.953+09:00 DEBUG 18304 --- [    Test worker] org.hibernate.type.BasicTypeRegistry     : Adding type registration java.lang.Class -> org.hibernate.type.BasicTypeReference@7ef41ca2
2024-03-22T12:35:03.954+09:00 DEBUG 18304 --- [    Test worker] org.hibernate.type.BasicTypeRegistry     : Adding type registration currency -> org.hibernate.type.BasicTypeReference@6b3f4bd8
2024-03-22T12:35:03.954+09:00 DEBUG 18304 --- [    Test worker] org.hibernate.type.BasicTypeRegistry     : Adding type registration Currency -> org.hibernate.type.BasicTypeReference@6b3f4bd8
2024-03-22T12:35:03.954+09:00 DEBUG 18304 --- [    Test worker] org.hibernate.type.BasicTypeRegistry     : Adding type registration java.util.Currency -> org.hibernate.type.BasicTypeReference@6b3f4bd8
2024-03-22T12:35:03.954+09:00 DEBUG 18304 --- [    Test worker] org.hibernate.type.BasicTypeRegistry     : Adding type registration locale -> org.hibernate.type.BasicTypeReference@3e151e1f
2024-03-22T12:35:03.954+09:00 DEBUG 18304 --- [    Test worker] org.hibernate.type.BasicTypeRegistry     : Adding type registration java.util.Locale -> org.hibernate.type.BasicTypeReference@3e151e1f
2024-03-22T12:35:03.955+09:00 DEBUG 18304 --- [    Test worker] org.hibernate.type.BasicTypeRegistry     : Adding type registration serializable -> org.hibernate.type.BasicTypeReference@d70e9a
2024-03-22T12:35:03.955+09:00 DEBUG 18304 --- [    Test worker] org.hibernate.type.BasicTypeRegistry     : Adding type registration java.io.Serializable -> org.hibernate.type.BasicTypeReference@d70e9a
2024-03-22T12:35:03.955+09:00 DEBUG 18304 --- [    Test worker] org.hibernate.type.BasicTypeRegistry     : Adding type registration timezone -> org.hibernate.type.BasicTypeReference@5e98032e
2024-03-22T12:35:03.955+09:00 DEBUG 18304 --- [    Test worker] org.hibernate.type.BasicTypeRegistry     : Adding type registration java.util.TimeZone -> org.hibernate.type.BasicTypeReference@5e98032e
2024-03-22T12:35:03.955+09:00 DEBUG 18304 --- [    Test worker] org.hibernate.type.BasicTypeRegistry     : Adding type registration ZoneOffset -> org.hibernate.type.BasicTypeReference@4fe8f2ae
2024-03-22T12:35:03.956+09:00 DEBUG 18304 --- [    Test worker] org.hibernate.type.BasicTypeRegistry     : Adding type registration java.time.ZoneOffset -> org.hibernate.type.BasicTypeReference@4fe8f2ae
2024-03-22T12:35:03.956+09:00 DEBUG 18304 --- [    Test worker] org.hibernate.type.BasicTypeRegistry     : Adding type registration url -> org.hibernate.type.BasicTypeReference@591be8aa
2024-03-22T12:35:03.956+09:00 DEBUG 18304 --- [    Test worker] org.hibernate.type.BasicTypeRegistry     : Adding type registration java.net.URL -> org.hibernate.type.BasicTypeReference@591be8aa
2024-03-22T12:35:03.956+09:00 DEBUG 18304 --- [    Test worker] org.hibernate.type.BasicTypeRegistry     : Adding type registration vector -> org.hibernate.type.BasicTypeReference@61808ecd
2024-03-22T12:35:03.956+09:00 DEBUG 18304 --- [    Test worker] org.hibernate.type.BasicTypeRegistry     : Adding type registration row_version -> org.hibernate.type.BasicTypeReference@7f1f60a0
2024-03-22T12:35:03.968+09:00 DEBUG 18304 --- [    Test worker] org.hibernate.type.BasicTypeRegistry     : Adding type registration object -> org.hibernate.type.JavaObjectType@70f4f89e
2024-03-22T12:35:03.968+09:00 DEBUG 18304 --- [    Test worker] org.hibernate.type.BasicTypeRegistry     : Adding type registration java.lang.Object -> org.hibernate.type.JavaObjectType@70f4f89e
2024-03-22T12:35:03.972+09:00 DEBUG 18304 --- [    Test worker] org.hibernate.type.BasicTypeRegistry     : Adding type registration null -> org.hibernate.type.NullType@64c8fcfb
2024-03-22T12:35:03.973+09:00 DEBUG 18304 --- [    Test worker] org.hibernate.type.BasicTypeRegistry     : Adding type registration imm_date -> org.hibernate.type.BasicTypeReference@21be14c2
2024-03-22T12:35:03.973+09:00 DEBUG 18304 --- [    Test worker] org.hibernate.type.BasicTypeRegistry     : Adding type registration imm_time -> org.hibernate.type.BasicTypeReference@19105a87
2024-03-22T12:35:03.974+09:00 DEBUG 18304 --- [    Test worker] org.hibernate.type.BasicTypeRegistry     : Adding type registration imm_timestamp -> org.hibernate.type.BasicTypeReference@83b0d0f
2024-03-22T12:35:03.974+09:00 DEBUG 18304 --- [    Test worker] org.hibernate.type.BasicTypeRegistry     : Adding type registration imm_calendar -> org.hibernate.type.BasicTypeReference@2bb717d7
2024-03-22T12:35:03.974+09:00 DEBUG 18304 --- [    Test worker] org.hibernate.type.BasicTypeRegistry     : Adding type registration imm_calendar_date -> org.hibernate.type.BasicTypeReference@7afe0e67
2024-03-22T12:35:03.974+09:00 DEBUG 18304 --- [    Test worker] org.hibernate.type.BasicTypeRegistry     : Adding type registration imm_calendar_time -> org.hibernate.type.BasicTypeReference@6121a7dd
2024-03-22T12:35:03.975+09:00 DEBUG 18304 --- [    Test worker] org.hibernate.type.BasicTypeRegistry     : Adding type registration imm_binary -> org.hibernate.type.BasicTypeReference@31228d83
2024-03-22T12:35:03.975+09:00 DEBUG 18304 --- [    Test worker] org.hibernate.type.BasicTypeRegistry     : Adding type registration imm_serializable -> org.hibernate.type.BasicTypeReference@22b82ddf
2024-03-22T12:35:04.279+09:00  INFO 18304 --- [    Test worker] o.s.o.j.p.SpringPersistenceUnitInfo      : No LoadTimeWeaver setup: ignoring JPA class transformer
2024-03-22T12:35:04.330+09:00  INFO 18304 --- [    Test worker] com.zaxxer.hikari.HikariDataSource       : HikariPool-1 - Starting...
2024-03-22T12:35:04.452+09:00  INFO 18304 --- [    Test worker] com.zaxxer.hikari.pool.HikariPool        : HikariPool-1 - Added connection conn0: url=jdbc:h2:tcp://localhost/~/test user=SA
2024-03-22T12:35:04.455+09:00  INFO 18304 --- [    Test worker] com.zaxxer.hikari.HikariDataSource       : HikariPool-1 - Start completed.
2024-03-22T12:35:04.500+09:00  WARN 18304 --- [    Test worker] org.hibernate.orm.deprecation            : HHH90000025: H2Dialect does not need to be specified explicitly using 'hibernate.dialect' (remove the property setting and it will be selected by default)
2024-03-22T12:35:04.549+09:00 DEBUG 18304 --- [    Test worker] o.h.t.d.jdbc.spi.JdbcTypeRegistry        : addDescriptor(NCharTypeDescriptor) replaced previous registration(CharTypeDescriptor)
2024-03-22T12:35:04.549+09:00 DEBUG 18304 --- [    Test worker] o.h.t.d.jdbc.spi.JdbcTypeRegistry        : addDescriptor(NVarcharTypeDescriptor) replaced previous registration(VarcharTypeDescriptor)
2024-03-22T12:35:04.550+09:00 DEBUG 18304 --- [    Test worker] o.h.t.d.jdbc.spi.JdbcTypeRegistry        : addDescriptor(LongNVarcharTypeDescriptor) replaced previous registration(LongVarcharTypeDescriptor)
2024-03-22T12:35:04.554+09:00 DEBUG 18304 --- [    Test worker] o.h.t.d.jdbc.spi.JdbcTypeRegistry        : addDescriptor(NClobTypeDescriptor(DEFAULT)) replaced previous registration(ClobTypeDescriptor(DEFAULT))
2024-03-22T12:35:04.554+09:00 DEBUG 18304 --- [    Test worker] o.h.t.d.jdbc.spi.JdbcTypeRegistry        : addDescriptor(2005, ClobTypeDescriptor(STREAM_BINDING)) replaced previous registration(ClobTypeDescriptor(DEFAULT))
2024-03-22T12:35:04.557+09:00 DEBUG 18304 --- [    Test worker] o.h.t.d.jdbc.spi.JdbcTypeRegistry        : addDescriptor(TimestampUtcDescriptor) replaced previous registration(TimestampUtcDescriptor)
2024-03-22T12:35:04.566+09:00 DEBUG 18304 --- [    Test worker] org.hibernate.type.BasicTypeRegistry     : Adding type registration org.hibernate.type.DurationType -> basicType@1(java.time.Duration,2)
2024-03-22T12:35:04.567+09:00 DEBUG 18304 --- [    Test worker] org.hibernate.type.BasicTypeRegistry     : Adding type registration Duration -> basicType@1(java.time.Duration,2)
2024-03-22T12:35:04.567+09:00 DEBUG 18304 --- [    Test worker] org.hibernate.type.BasicTypeRegistry     : Adding type registration java.time.Duration -> basicType@1(java.time.Duration,2)
2024-03-22T12:35:04.574+09:00 DEBUG 18304 --- [    Test worker] o.h.type.spi.TypeConfiguration$Scope     : Scoping TypeConfiguration [org.hibernate.type.spi.TypeConfiguration@39514976] to MetadataBuildingContext [org.hibernate.boot.internal.MetadataBuildingContextRootImpl@7bdb4f17]
2024-03-22T12:35:06.066+09:00  INFO 18304 --- [    Test worker] o.h.e.t.j.p.i.JtaPlatformInitiator       : HHH000489: No JTA platform available (set 'hibernate.transaction.jta.platform' to enable JTA platform integration)
2024-03-22T12:35:06.066+09:00 DEBUG 18304 --- [    Test worker] o.h.type.spi.TypeConfiguration$Scope     : Scoping TypeConfiguration [org.hibernate.type.spi.TypeConfiguration@39514976] to SessionFactoryImplementor [org.hibernate.internal.SessionFactoryImpl@7f958d4a]
2024-03-22T12:35:06.088+09:00 DEBUG 18304 --- [    Test worker] org.hibernate.SQL                        : 
    drop table if exists category cascade 
2024-03-22T12:35:06.094+09:00 DEBUG 18304 --- [    Test worker] org.hibernate.SQL                        : 
    drop table if exists comment cascade 
2024-03-22T12:35:06.095+09:00 DEBUG 18304 --- [    Test worker] org.hibernate.SQL                        : 
    drop table if exists likes cascade 
2024-03-22T12:35:06.096+09:00 DEBUG 18304 --- [    Test worker] org.hibernate.SQL                        : 
    drop table if exists project cascade 
2024-03-22T12:35:06.097+09:00 DEBUG 18304 --- [    Test worker] org.hibernate.SQL                        : 
    drop table if exists project_category cascade 
2024-03-22T12:35:06.099+09:00 DEBUG 18304 --- [    Test worker] org.hibernate.SQL                        : 
    drop table if exists project_img cascade 
2024-03-22T12:35:06.100+09:00 DEBUG 18304 --- [    Test worker] org.hibernate.SQL                        : 
    drop table if exists team_project_member cascade 
2024-03-22T12:35:06.100+09:00 DEBUG 18304 --- [    Test worker] org.hibernate.SQL                        : 
    drop table if exists users cascade 
2024-03-22T12:35:06.108+09:00 DEBUG 18304 --- [    Test worker] org.hibernate.SQL                        : 
    create table category (
        id bigint generated by default as identity,
        name varchar(255),
        primary key (id)
    )
2024-03-22T12:35:06.110+09:00 DEBUG 18304 --- [    Test worker] org.hibernate.SQL                        : 
    create table comment (
        id bigint generated by default as identity,
        project_id bigint,
        user_id bigint,
        context varchar(255),
        primary key (id)
    )
2024-03-22T12:35:06.111+09:00 DEBUG 18304 --- [    Test worker] org.hibernate.SQL                        : 
    create table likes (
        id bigint generated by default as identity,
        project_id bigint,
        user_id bigint,
        primary key (id)
    )
2024-03-22T12:35:06.113+09:00 DEBUG 18304 --- [    Test worker] org.hibernate.SQL                        : 
    create table project (
        is_team_project boolean,
        id bigint generated by default as identity,
        user_id bigint,
        description varchar(255),
        github_link varchar(255),
        title varchar(255),
        primary key (id)
    )
2024-03-22T12:35:06.116+09:00 DEBUG 18304 --- [    Test worker] org.hibernate.SQL                        : 
    create table project_category (
        category_id bigint,
        id bigint generated by default as identity,
        project_id bigint,
        primary key (id)
    )
2024-03-22T12:35:06.118+09:00 DEBUG 18304 --- [    Test worker] org.hibernate.SQL                        : 
    create table project_img (
        id bigint generated by default as identity,
        project_id bigint,
        primary key (id)
    )
2024-03-22T12:35:06.120+09:00 DEBUG 18304 --- [    Test worker] org.hibernate.SQL                        : 
    create table team_project_member (
        id bigint generated by default as identity,
        project_id bigint,
        user_id bigint,
        primary key (id)
    )
2024-03-22T12:35:06.122+09:00 DEBUG 18304 --- [    Test worker] org.hibernate.SQL                        : 
    create table users (
        id bigint generated by default as identity,
        email varchar(255),
        nickname varchar(255),
        password varchar(255),
        primary key (id)
    )
2024-03-22T12:35:06.124+09:00 DEBUG 18304 --- [    Test worker] org.hibernate.SQL                        : 
    alter table if exists comment 
       add constraint FKb5kenf6fjka6ck0snroeb5tmh 
       foreign key (project_id) 
       references project
2024-03-22T12:35:06.126+09:00 DEBUG 18304 --- [    Test worker] org.hibernate.SQL                        : 
    alter table if exists comment 
       add constraint FKqm52p1v3o13hy268he0wcngr5 
       foreign key (user_id) 
       references users
2024-03-22T12:35:06.129+09:00 DEBUG 18304 --- [    Test worker] org.hibernate.SQL                        : 
    alter table if exists likes 
       add constraint FK6gupou17or1xfkb1mkasgwqys 
       foreign key (project_id) 
       references project
2024-03-22T12:35:06.131+09:00 DEBUG 18304 --- [    Test worker] org.hibernate.SQL                        : 
    alter table if exists likes 
       add constraint FKnvx9seeqqyy71bij291pwiwrg 
       foreign key (user_id) 
       references users
2024-03-22T12:35:06.133+09:00 DEBUG 18304 --- [    Test worker] org.hibernate.SQL                        : 
    alter table if exists project 
       add constraint FKf1va93taog6qokr6sqmtgr93h 
       foreign key (user_id) 
       references users
2024-03-22T12:35:06.135+09:00 DEBUG 18304 --- [    Test worker] org.hibernate.SQL                        : 
    alter table if exists project_category 
       add constraint FK4xeospsimy53l4tijfyn2n8kp 
       foreign key (category_id) 
       references category
2024-03-22T12:35:06.137+09:00 DEBUG 18304 --- [    Test worker] org.hibernate.SQL                        : 
    alter table if exists project_category 
       add constraint FKbnvmdi87q78pcs6n81apdokn9 
       foreign key (project_id) 
       references project
2024-03-22T12:35:06.139+09:00 DEBUG 18304 --- [    Test worker] org.hibernate.SQL                        : 
    alter table if exists project_img 
       add constraint FKnkjfm1vj03cv2u0m600isdg46 
       foreign key (project_id) 
       references project
2024-03-22T12:35:06.141+09:00 DEBUG 18304 --- [    Test worker] org.hibernate.SQL                        : 
    alter table if exists team_project_member 
       add constraint FK2kjns0mjhc4o50xr6spjiva3w 
       foreign key (project_id) 
       references project
2024-03-22T12:35:06.143+09:00 DEBUG 18304 --- [    Test worker] org.hibernate.SQL                        : 
    alter table if exists team_project_member 
       add constraint FKsi4bedlgutq43mgq5qstdxf7g 
       foreign key (user_id) 
       references users
2024-03-22T12:35:06.150+09:00 TRACE 18304 --- [    Test worker] o.h.type.spi.TypeConfiguration$Scope     : Handling #sessionFactoryCreated from [org.hibernate.internal.SessionFactoryImpl@7f958d4a] for TypeConfiguration
2024-03-22T12:35:06.150+09:00  INFO 18304 --- [    Test worker] j.LocalContainerEntityManagerFactoryBean : Initialized JPA EntityManagerFactory for persistence unit 'default'
2024-03-22T12:35:06.733+09:00  WARN 18304 --- [    Test worker] JpaBaseConfiguration$JpaWebConfiguration : spring.jpa.open-in-view is enabled by default. Therefore, database queries may be performed during view rendering. Explicitly configure spring.jpa.open-in-view to disable this warning
2024-03-22T12:35:09.031+09:00  WARN 18304 --- [    Test worker] ion$DefaultTemplateResolverConfiguration : Cannot find template location: classpath:/templates/ (please add some templates, check your Thymeleaf configuration, or set spring.thymeleaf.check-template-location=false)
2024-03-22T12:35:09.356+09:00  INFO 18304 --- [    Test worker] c.e.portfolio.PortfolioApplicationTests  : Started PortfolioApplicationTests in 8.379 seconds (process running for 10.381)
]]></system-out>
  <system-err><![CDATA[]]></system-err>
</testsuite>
