<?xml version="1.0" encoding="UTF-8"?>
<testsuite name="com.example.portfolio.PortfolioApplicationTests" tests="1" skipped="0" failures="0" errors="0" timestamp="2024-03-27T01:40:10" hostname="DESKTOP-HLEQ68I" time="1.08">
  <properties/>
  <testcase name="contextLoads()" classname="com.example.portfolio.PortfolioApplicationTests" time="1.08"/>
  <system-out><![CDATA[10:39:56.108 [Test worker] INFO org.springframework.test.context.support.AnnotationConfigContextLoaderUtils -- Could not detect default configuration classes for test class [com.example.portfolio.PortfolioApplicationTests]: PortfolioApplicationTests does not declare any static, non-private, non-final, nested classes annotated with @Configuration.
10:39:56.319 [Test worker] INFO org.springframework.boot.test.context.SpringBootTestContextBootstrapper -- Found @SpringBootConfiguration com.example.portfolio.PortfolioApplication for test class com.example.portfolio.PortfolioApplicationTests

  .   ____          _            __ _ _
 /\\ / ___'_ __ _ _(_)_ __  __ _ \ \ \ \
( ( )\___ | '_ | '_| | '_ \/ _` | \ \ \ \
 \\/  ___)| |_)| | | | | || (_| |  ) ) ) )
  '  |____| .__|_| |_|_| |_\__, | / / / /
 =========|_|==============|___/=/_/_/_/
 :: Spring Boot ::                (v3.2.2)

2024-03-27T10:39:57.575+09:00  INFO 17956 --- [    Test worker] c.e.portfolio.PortfolioApplicationTests  : Starting PortfolioApplicationTests using Java 17.0.10 with PID 17956 (started by sola2 in C:\Users\sola2\OneDrive\바탕 화면\portfolio)
2024-03-27T10:39:57.578+09:00  INFO 17956 --- [    Test worker] c.e.portfolio.PortfolioApplicationTests  : The following 1 profile is active: "secret"
2024-03-27T10:39:59.760+09:00  INFO 17956 --- [    Test worker] .s.d.r.c.RepositoryConfigurationDelegate : Bootstrapping Spring Data JPA repositories in DEFAULT mode.
2024-03-27T10:39:59.830+09:00  INFO 17956 --- [    Test worker] .s.d.r.c.RepositoryConfigurationDelegate : Finished Spring Data repository scanning in 50 ms. Found 0 JPA repository interfaces.
2024-03-27T10:40:01.294+09:00  INFO 17956 --- [    Test worker] o.hibernate.jpa.internal.util.LogHelper  : HHH000204: Processing PersistenceUnitInfo [name: default]
2024-03-27T10:40:01.468+09:00  INFO 17956 --- [    Test worker] org.hibernate.Version                    : HHH000412: Hibernate ORM core version 6.4.1.Final
2024-03-27T10:40:01.570+09:00  INFO 17956 --- [    Test worker] o.h.c.internal.RegionFactoryInitiator    : HHH000026: Second-level cache disabled
2024-03-27T10:40:01.775+09:00 DEBUG 17956 --- [    Test worker] org.hibernate.type.BasicTypeRegistry     : Adding type registration boolean -> org.hibernate.type.BasicTypeReference@69f9b561
2024-03-27T10:40:01.776+09:00 DEBUG 17956 --- [    Test worker] org.hibernate.type.BasicTypeRegistry     : Adding type registration boolean -> org.hibernate.type.BasicTypeReference@69f9b561
2024-03-27T10:40:01.776+09:00 DEBUG 17956 --- [    Test worker] org.hibernate.type.BasicTypeRegistry     : Adding type registration java.lang.Boolean -> org.hibernate.type.BasicTypeReference@69f9b561
2024-03-27T10:40:01.777+09:00 DEBUG 17956 --- [    Test worker] org.hibernate.type.BasicTypeRegistry     : Adding type registration numeric_boolean -> org.hibernate.type.BasicTypeReference@7e8f23ad
2024-03-27T10:40:01.777+09:00 DEBUG 17956 --- [    Test worker] org.hibernate.type.BasicTypeRegistry     : Adding type registration org.hibernate.type.NumericBooleanConverter -> org.hibernate.type.BasicTypeReference@7e8f23ad
2024-03-27T10:40:01.778+09:00 DEBUG 17956 --- [    Test worker] org.hibernate.type.BasicTypeRegistry     : Adding type registration true_false -> org.hibernate.type.BasicTypeReference@7433ca19
2024-03-27T10:40:01.778+09:00 DEBUG 17956 --- [    Test worker] org.hibernate.type.BasicTypeRegistry     : Adding type registration org.hibernate.type.TrueFalseConverter -> org.hibernate.type.BasicTypeReference@7433ca19
2024-03-27T10:40:01.778+09:00 DEBUG 17956 --- [    Test worker] org.hibernate.type.BasicTypeRegistry     : Adding type registration yes_no -> org.hibernate.type.BasicTypeReference@5d221b20
2024-03-27T10:40:01.778+09:00 DEBUG 17956 --- [    Test worker] org.hibernate.type.BasicTypeRegistry     : Adding type registration org.hibernate.type.YesNoConverter -> org.hibernate.type.BasicTypeReference@5d221b20
2024-03-27T10:40:01.779+09:00 DEBUG 17956 --- [    Test worker] org.hibernate.type.BasicTypeRegistry     : Adding type registration byte -> org.hibernate.type.BasicTypeReference@79d4ff58
2024-03-27T10:40:01.779+09:00 DEBUG 17956 --- [    Test worker] org.hibernate.type.BasicTypeRegistry     : Adding type registration byte -> org.hibernate.type.BasicTypeReference@79d4ff58
2024-03-27T10:40:01.779+09:00 DEBUG 17956 --- [    Test worker] org.hibernate.type.BasicTypeRegistry     : Adding type registration java.lang.Byte -> org.hibernate.type.BasicTypeReference@79d4ff58
2024-03-27T10:40:01.781+09:00 DEBUG 17956 --- [    Test worker] org.hibernate.type.BasicTypeRegistry     : Adding type registration binary -> org.hibernate.type.BasicTypeReference@7ec13984
2024-03-27T10:40:01.781+09:00 DEBUG 17956 --- [    Test worker] org.hibernate.type.BasicTypeRegistry     : Adding type registration byte[] -> org.hibernate.type.BasicTypeReference@7ec13984
2024-03-27T10:40:01.782+09:00 DEBUG 17956 --- [    Test worker] org.hibernate.type.BasicTypeRegistry     : Adding type registration [B -> org.hibernate.type.BasicTypeReference@7ec13984
2024-03-27T10:40:01.782+09:00 DEBUG 17956 --- [    Test worker] org.hibernate.type.BasicTypeRegistry     : Adding type registration binary_wrapper -> org.hibernate.type.BasicTypeReference@78eafad
2024-03-27T10:40:01.783+09:00 DEBUG 17956 --- [    Test worker] org.hibernate.type.BasicTypeRegistry     : Adding type registration wrapper-binary -> org.hibernate.type.BasicTypeReference@78eafad
2024-03-27T10:40:01.783+09:00 DEBUG 17956 --- [    Test worker] org.hibernate.type.BasicTypeRegistry     : Adding type registration image -> org.hibernate.type.BasicTypeReference@70f4abc1
2024-03-27T10:40:01.783+09:00 DEBUG 17956 --- [    Test worker] org.hibernate.type.BasicTypeRegistry     : Adding type registration blob -> org.hibernate.type.BasicTypeReference@26d028f7
2024-03-27T10:40:01.784+09:00 DEBUG 17956 --- [    Test worker] org.hibernate.type.BasicTypeRegistry     : Adding type registration java.sql.Blob -> org.hibernate.type.BasicTypeReference@26d028f7
2024-03-27T10:40:01.784+09:00 DEBUG 17956 --- [    Test worker] org.hibernate.type.BasicTypeRegistry     : Adding type registration materialized_blob -> org.hibernate.type.BasicTypeReference@a2df0d5
2024-03-27T10:40:01.785+09:00 DEBUG 17956 --- [    Test worker] org.hibernate.type.BasicTypeRegistry     : Adding type registration materialized_blob_wrapper -> org.hibernate.type.BasicTypeReference@782cc5fa
2024-03-27T10:40:01.786+09:00 DEBUG 17956 --- [    Test worker] org.hibernate.type.BasicTypeRegistry     : Adding type registration short -> org.hibernate.type.BasicTypeReference@2dd3d39d
2024-03-27T10:40:01.786+09:00 DEBUG 17956 --- [    Test worker] org.hibernate.type.BasicTypeRegistry     : Adding type registration short -> org.hibernate.type.BasicTypeReference@2dd3d39d
2024-03-27T10:40:01.786+09:00 DEBUG 17956 --- [    Test worker] org.hibernate.type.BasicTypeRegistry     : Adding type registration java.lang.Short -> org.hibernate.type.BasicTypeReference@2dd3d39d
2024-03-27T10:40:01.787+09:00 DEBUG 17956 --- [    Test worker] org.hibernate.type.BasicTypeRegistry     : Adding type registration integer -> org.hibernate.type.BasicTypeReference@ae3c140
2024-03-27T10:40:01.787+09:00 DEBUG 17956 --- [    Test worker] org.hibernate.type.BasicTypeRegistry     : Adding type registration int -> org.hibernate.type.BasicTypeReference@ae3c140
2024-03-27T10:40:01.787+09:00 DEBUG 17956 --- [    Test worker] org.hibernate.type.BasicTypeRegistry     : Adding type registration java.lang.Integer -> org.hibernate.type.BasicTypeReference@ae3c140
2024-03-27T10:40:01.788+09:00 DEBUG 17956 --- [    Test worker] org.hibernate.type.BasicTypeRegistry     : Adding type registration long -> org.hibernate.type.BasicTypeReference@6f2d3391
2024-03-27T10:40:01.788+09:00 DEBUG 17956 --- [    Test worker] org.hibernate.type.BasicTypeRegistry     : Adding type registration long -> org.hibernate.type.BasicTypeReference@6f2d3391
2024-03-27T10:40:01.789+09:00 DEBUG 17956 --- [    Test worker] org.hibernate.type.BasicTypeRegistry     : Adding type registration java.lang.Long -> org.hibernate.type.BasicTypeReference@6f2d3391
2024-03-27T10:40:01.789+09:00 DEBUG 17956 --- [    Test worker] org.hibernate.type.BasicTypeRegistry     : Adding type registration float -> org.hibernate.type.BasicTypeReference@71b0289b
2024-03-27T10:40:01.789+09:00 DEBUG 17956 --- [    Test worker] org.hibernate.type.BasicTypeRegistry     : Adding type registration float -> org.hibernate.type.BasicTypeReference@71b0289b
2024-03-27T10:40:01.789+09:00 DEBUG 17956 --- [    Test worker] org.hibernate.type.BasicTypeRegistry     : Adding type registration java.lang.Float -> org.hibernate.type.BasicTypeReference@71b0289b
2024-03-27T10:40:01.790+09:00 DEBUG 17956 --- [    Test worker] org.hibernate.type.BasicTypeRegistry     : Adding type registration double -> org.hibernate.type.BasicTypeReference@42cc420b
2024-03-27T10:40:01.790+09:00 DEBUG 17956 --- [    Test worker] org.hibernate.type.BasicTypeRegistry     : Adding type registration double -> org.hibernate.type.BasicTypeReference@42cc420b
2024-03-27T10:40:01.790+09:00 DEBUG 17956 --- [    Test worker] org.hibernate.type.BasicTypeRegistry     : Adding type registration java.lang.Double -> org.hibernate.type.BasicTypeReference@42cc420b
2024-03-27T10:40:01.791+09:00 DEBUG 17956 --- [    Test worker] org.hibernate.type.BasicTypeRegistry     : Adding type registration big_integer -> org.hibernate.type.BasicTypeReference@563172d3
2024-03-27T10:40:01.791+09:00 DEBUG 17956 --- [    Test worker] org.hibernate.type.BasicTypeRegistry     : Adding type registration java.math.BigInteger -> org.hibernate.type.BasicTypeReference@563172d3
2024-03-27T10:40:01.791+09:00 DEBUG 17956 --- [    Test worker] org.hibernate.type.BasicTypeRegistry     : Adding type registration big_decimal -> org.hibernate.type.BasicTypeReference@5086623f
2024-03-27T10:40:01.792+09:00 DEBUG 17956 --- [    Test worker] org.hibernate.type.BasicTypeRegistry     : Adding type registration java.math.BigDecimal -> org.hibernate.type.BasicTypeReference@5086623f
2024-03-27T10:40:01.792+09:00 DEBUG 17956 --- [    Test worker] org.hibernate.type.BasicTypeRegistry     : Adding type registration character -> org.hibernate.type.BasicTypeReference@20027c44
2024-03-27T10:40:01.793+09:00 DEBUG 17956 --- [    Test worker] org.hibernate.type.BasicTypeRegistry     : Adding type registration char -> org.hibernate.type.BasicTypeReference@20027c44
2024-03-27T10:40:01.793+09:00 DEBUG 17956 --- [    Test worker] org.hibernate.type.BasicTypeRegistry     : Adding type registration java.lang.Character -> org.hibernate.type.BasicTypeReference@20027c44
2024-03-27T10:40:01.793+09:00 DEBUG 17956 --- [    Test worker] org.hibernate.type.BasicTypeRegistry     : Adding type registration character_nchar -> org.hibernate.type.BasicTypeReference@7eae55
2024-03-27T10:40:01.794+09:00 DEBUG 17956 --- [    Test worker] org.hibernate.type.BasicTypeRegistry     : Adding type registration string -> org.hibernate.type.BasicTypeReference@5d84e363
2024-03-27T10:40:01.794+09:00 DEBUG 17956 --- [    Test worker] org.hibernate.type.BasicTypeRegistry     : Adding type registration java.lang.String -> org.hibernate.type.BasicTypeReference@5d84e363
2024-03-27T10:40:01.794+09:00 DEBUG 17956 --- [    Test worker] org.hibernate.type.BasicTypeRegistry     : Adding type registration nstring -> org.hibernate.type.BasicTypeReference@3ef0e576
2024-03-27T10:40:01.794+09:00 DEBUG 17956 --- [    Test worker] org.hibernate.type.BasicTypeRegistry     : Adding type registration characters -> org.hibernate.type.BasicTypeReference@da34eb0
2024-03-27T10:40:01.795+09:00 DEBUG 17956 --- [    Test worker] org.hibernate.type.BasicTypeRegistry     : Adding type registration char[] -> org.hibernate.type.BasicTypeReference@da34eb0
2024-03-27T10:40:01.795+09:00 DEBUG 17956 --- [    Test worker] org.hibernate.type.BasicTypeRegistry     : Adding type registration [C -> org.hibernate.type.BasicTypeReference@da34eb0
2024-03-27T10:40:01.796+09:00 DEBUG 17956 --- [    Test worker] org.hibernate.type.BasicTypeRegistry     : Adding type registration wrapper-characters -> org.hibernate.type.BasicTypeReference@785a4557
2024-03-27T10:40:01.796+09:00 DEBUG 17956 --- [    Test worker] org.hibernate.type.BasicTypeRegistry     : Adding type registration text -> org.hibernate.type.BasicTypeReference@2bf3ec4
2024-03-27T10:40:01.796+09:00 DEBUG 17956 --- [    Test worker] org.hibernate.type.BasicTypeRegistry     : Adding type registration ntext -> org.hibernate.type.BasicTypeReference@3b5da0b0
2024-03-27T10:40:01.797+09:00 DEBUG 17956 --- [    Test worker] org.hibernate.type.BasicTypeRegistry     : Adding type registration clob -> org.hibernate.type.BasicTypeReference@2c9cafa5
2024-03-27T10:40:01.797+09:00 DEBUG 17956 --- [    Test worker] org.hibernate.type.BasicTypeRegistry     : Adding type registration java.sql.Clob -> org.hibernate.type.BasicTypeReference@2c9cafa5
2024-03-27T10:40:01.797+09:00 DEBUG 17956 --- [    Test worker] org.hibernate.type.BasicTypeRegistry     : Adding type registration nclob -> org.hibernate.type.BasicTypeReference@6c6379c
2024-03-27T10:40:01.798+09:00 DEBUG 17956 --- [    Test worker] org.hibernate.type.BasicTypeRegistry     : Adding type registration java.sql.NClob -> org.hibernate.type.BasicTypeReference@6c6379c
2024-03-27T10:40:01.799+09:00 DEBUG 17956 --- [    Test worker] org.hibernate.type.BasicTypeRegistry     : Adding type registration materialized_clob -> org.hibernate.type.BasicTypeReference@7df4709e
2024-03-27T10:40:01.799+09:00 DEBUG 17956 --- [    Test worker] org.hibernate.type.BasicTypeRegistry     : Adding type registration materialized_clob_char_array -> org.hibernate.type.BasicTypeReference@2bfa17b0
2024-03-27T10:40:01.800+09:00 DEBUG 17956 --- [    Test worker] org.hibernate.type.BasicTypeRegistry     : Adding type registration materialized_clob_character_array -> org.hibernate.type.BasicTypeReference@625264ed
2024-03-27T10:40:01.801+09:00 DEBUG 17956 --- [    Test worker] org.hibernate.type.BasicTypeRegistry     : Adding type registration materialized_nclob -> org.hibernate.type.BasicTypeReference@559fd5ec
2024-03-27T10:40:01.802+09:00 DEBUG 17956 --- [    Test worker] org.hibernate.type.BasicTypeRegistry     : Adding type registration materialized_nclob_character_array -> org.hibernate.type.BasicTypeReference@bb12f41
2024-03-27T10:40:01.802+09:00 DEBUG 17956 --- [    Test worker] org.hibernate.type.BasicTypeRegistry     : Adding type registration materialized_nclob_char_array -> org.hibernate.type.BasicTypeReference@708dfe10
2024-03-27T10:40:01.802+09:00 DEBUG 17956 --- [    Test worker] org.hibernate.type.BasicTypeRegistry     : Adding type registration Duration -> org.hibernate.type.BasicTypeReference@18989e0
2024-03-27T10:40:01.803+09:00 DEBUG 17956 --- [    Test worker] org.hibernate.type.BasicTypeRegistry     : Adding type registration java.time.Duration -> org.hibernate.type.BasicTypeReference@18989e0
2024-03-27T10:40:01.803+09:00 DEBUG 17956 --- [    Test worker] org.hibernate.type.BasicTypeRegistry     : Adding type registration LocalDateTime -> org.hibernate.type.BasicTypeReference@2a120c88
2024-03-27T10:40:01.803+09:00 DEBUG 17956 --- [    Test worker] org.hibernate.type.BasicTypeRegistry     : Adding type registration java.time.LocalDateTime -> org.hibernate.type.BasicTypeReference@2a120c88
2024-03-27T10:40:01.803+09:00 DEBUG 17956 --- [    Test worker] org.hibernate.type.BasicTypeRegistry     : Adding type registration LocalDate -> org.hibernate.type.BasicTypeReference@285bf5ac
2024-03-27T10:40:01.804+09:00 DEBUG 17956 --- [    Test worker] org.hibernate.type.BasicTypeRegistry     : Adding type registration java.time.LocalDate -> org.hibernate.type.BasicTypeReference@285bf5ac
2024-03-27T10:40:01.804+09:00 DEBUG 17956 --- [    Test worker] org.hibernate.type.BasicTypeRegistry     : Adding type registration LocalTime -> org.hibernate.type.BasicTypeReference@3739f3c9
2024-03-27T10:40:01.804+09:00 DEBUG 17956 --- [    Test worker] org.hibernate.type.BasicTypeRegistry     : Adding type registration java.time.LocalTime -> org.hibernate.type.BasicTypeReference@3739f3c9
2024-03-27T10:40:01.804+09:00 DEBUG 17956 --- [    Test worker] org.hibernate.type.BasicTypeRegistry     : Adding type registration OffsetDateTime -> org.hibernate.type.BasicTypeReference@7ab2ba47
2024-03-27T10:40:01.805+09:00 DEBUG 17956 --- [    Test worker] org.hibernate.type.BasicTypeRegistry     : Adding type registration java.time.OffsetDateTime -> org.hibernate.type.BasicTypeReference@7ab2ba47
2024-03-27T10:40:01.805+09:00 DEBUG 17956 --- [    Test worker] org.hibernate.type.BasicTypeRegistry     : Adding type registration OffsetDateTimeWithTimezone -> org.hibernate.type.BasicTypeReference@40fe8fd5
2024-03-27T10:40:01.805+09:00 DEBUG 17956 --- [    Test worker] org.hibernate.type.BasicTypeRegistry     : Adding type registration OffsetDateTimeWithoutTimezone -> org.hibernate.type.BasicTypeReference@37ffe4f3
2024-03-27T10:40:01.805+09:00 DEBUG 17956 --- [    Test worker] org.hibernate.type.BasicTypeRegistry     : Adding type registration OffsetTime -> org.hibernate.type.BasicTypeReference@4fa0ee7e
2024-03-27T10:40:01.805+09:00 DEBUG 17956 --- [    Test worker] org.hibernate.type.BasicTypeRegistry     : Adding type registration java.time.OffsetTime -> org.hibernate.type.BasicTypeReference@4fa0ee7e
2024-03-27T10:40:01.806+09:00 DEBUG 17956 --- [    Test worker] org.hibernate.type.BasicTypeRegistry     : Adding type registration OffsetTimeUtc -> org.hibernate.type.BasicTypeReference@202f054f
2024-03-27T10:40:01.806+09:00 DEBUG 17956 --- [    Test worker] org.hibernate.type.BasicTypeRegistry     : Adding type registration OffsetTimeWithTimezone -> org.hibernate.type.BasicTypeReference@141bb6b8
2024-03-27T10:40:01.806+09:00 DEBUG 17956 --- [    Test worker] org.hibernate.type.BasicTypeRegistry     : Adding type registration OffsetTimeWithoutTimezone -> org.hibernate.type.BasicTypeReference@5c8b10b4
2024-03-27T10:40:01.807+09:00 DEBUG 17956 --- [    Test worker] org.hibernate.type.BasicTypeRegistry     : Adding type registration ZonedDateTime -> org.hibernate.type.BasicTypeReference@1410d645
2024-03-27T10:40:01.808+09:00 DEBUG 17956 --- [    Test worker] org.hibernate.type.BasicTypeRegistry     : Adding type registration java.time.ZonedDateTime -> org.hibernate.type.BasicTypeReference@1410d645
2024-03-27T10:40:01.808+09:00 DEBUG 17956 --- [    Test worker] org.hibernate.type.BasicTypeRegistry     : Adding type registration ZonedDateTimeWithTimezone -> org.hibernate.type.BasicTypeReference@4ccdacf5
2024-03-27T10:40:01.808+09:00 DEBUG 17956 --- [    Test worker] org.hibernate.type.BasicTypeRegistry     : Adding type registration ZonedDateTimeWithoutTimezone -> org.hibernate.type.BasicTypeReference@5aa6da2
2024-03-27T10:40:01.809+09:00 DEBUG 17956 --- [    Test worker] org.hibernate.type.BasicTypeRegistry     : Adding type registration date -> org.hibernate.type.BasicTypeReference@1a0d313
2024-03-27T10:40:01.809+09:00 DEBUG 17956 --- [    Test worker] org.hibernate.type.BasicTypeRegistry     : Adding type registration java.sql.Date -> org.hibernate.type.BasicTypeReference@1a0d313
2024-03-27T10:40:01.810+09:00 DEBUG 17956 --- [    Test worker] org.hibernate.type.BasicTypeRegistry     : Adding type registration time -> org.hibernate.type.BasicTypeReference@13908f9c
2024-03-27T10:40:01.810+09:00 DEBUG 17956 --- [    Test worker] org.hibernate.type.BasicTypeRegistry     : Adding type registration java.sql.Time -> org.hibernate.type.BasicTypeReference@13908f9c
2024-03-27T10:40:01.810+09:00 DEBUG 17956 --- [    Test worker] org.hibernate.type.BasicTypeRegistry     : Adding type registration timestamp -> org.hibernate.type.BasicTypeReference@329b331f
2024-03-27T10:40:01.811+09:00 DEBUG 17956 --- [    Test worker] org.hibernate.type.BasicTypeRegistry     : Adding type registration java.sql.Timestamp -> org.hibernate.type.BasicTypeReference@329b331f
2024-03-27T10:40:01.811+09:00 DEBUG 17956 --- [    Test worker] org.hibernate.type.BasicTypeRegistry     : Adding type registration java.util.Date -> org.hibernate.type.BasicTypeReference@329b331f
2024-03-27T10:40:01.812+09:00 DEBUG 17956 --- [    Test worker] org.hibernate.type.BasicTypeRegistry     : Adding type registration calendar -> org.hibernate.type.BasicTypeReference@640a8f93
2024-03-27T10:40:01.812+09:00 DEBUG 17956 --- [    Test worker] org.hibernate.type.BasicTypeRegistry     : Adding type registration java.util.Calendar -> org.hibernate.type.BasicTypeReference@640a8f93
2024-03-27T10:40:01.812+09:00 DEBUG 17956 --- [    Test worker] org.hibernate.type.BasicTypeRegistry     : Adding type registration java.util.GregorianCalendar -> org.hibernate.type.BasicTypeReference@640a8f93
2024-03-27T10:40:01.813+09:00 DEBUG 17956 --- [    Test worker] org.hibernate.type.BasicTypeRegistry     : Adding type registration calendar_date -> org.hibernate.type.BasicTypeReference@6335f04a
2024-03-27T10:40:01.814+09:00 DEBUG 17956 --- [    Test worker] org.hibernate.type.BasicTypeRegistry     : Adding type registration calendar_time -> org.hibernate.type.BasicTypeReference@74ce7fdf
2024-03-27T10:40:01.815+09:00 DEBUG 17956 --- [    Test worker] org.hibernate.type.BasicTypeRegistry     : Adding type registration instant -> org.hibernate.type.BasicTypeReference@1f26b992
2024-03-27T10:40:01.816+09:00 DEBUG 17956 --- [    Test worker] org.hibernate.type.BasicTypeRegistry     : Adding type registration java.time.Instant -> org.hibernate.type.BasicTypeReference@1f26b992
2024-03-27T10:40:01.817+09:00 DEBUG 17956 --- [    Test worker] org.hibernate.type.BasicTypeRegistry     : Adding type registration uuid -> org.hibernate.type.BasicTypeReference@2f60cbf2
2024-03-27T10:40:01.818+09:00 DEBUG 17956 --- [    Test worker] org.hibernate.type.BasicTypeRegistry     : Adding type registration java.util.UUID -> org.hibernate.type.BasicTypeReference@2f60cbf2
2024-03-27T10:40:01.820+09:00 DEBUG 17956 --- [    Test worker] org.hibernate.type.BasicTypeRegistry     : Adding type registration pg-uuid -> org.hibernate.type.BasicTypeReference@2f60cbf2
2024-03-27T10:40:01.821+09:00 DEBUG 17956 --- [    Test worker] org.hibernate.type.BasicTypeRegistry     : Adding type registration uuid-binary -> org.hibernate.type.BasicTypeReference@631bc9f4
2024-03-27T10:40:01.822+09:00 DEBUG 17956 --- [    Test worker] org.hibernate.type.BasicTypeRegistry     : Adding type registration uuid-char -> org.hibernate.type.BasicTypeReference@642c72cf
2024-03-27T10:40:01.824+09:00 DEBUG 17956 --- [    Test worker] org.hibernate.type.BasicTypeRegistry     : Adding type registration class -> org.hibernate.type.BasicTypeReference@4e6cbdf1
2024-03-27T10:40:01.824+09:00 DEBUG 17956 --- [    Test worker] org.hibernate.type.BasicTypeRegistry     : Adding type registration java.lang.Class -> org.hibernate.type.BasicTypeReference@4e6cbdf1
2024-03-27T10:40:01.825+09:00 DEBUG 17956 --- [    Test worker] org.hibernate.type.BasicTypeRegistry     : Adding type registration currency -> org.hibernate.type.BasicTypeReference@67fac095
2024-03-27T10:40:01.826+09:00 DEBUG 17956 --- [    Test worker] org.hibernate.type.BasicTypeRegistry     : Adding type registration Currency -> org.hibernate.type.BasicTypeReference@67fac095
2024-03-27T10:40:01.827+09:00 DEBUG 17956 --- [    Test worker] org.hibernate.type.BasicTypeRegistry     : Adding type registration java.util.Currency -> org.hibernate.type.BasicTypeReference@67fac095
2024-03-27T10:40:01.827+09:00 DEBUG 17956 --- [    Test worker] org.hibernate.type.BasicTypeRegistry     : Adding type registration locale -> org.hibernate.type.BasicTypeReference@5a13f1f7
2024-03-27T10:40:01.827+09:00 DEBUG 17956 --- [    Test worker] org.hibernate.type.BasicTypeRegistry     : Adding type registration java.util.Locale -> org.hibernate.type.BasicTypeReference@5a13f1f7
2024-03-27T10:40:01.828+09:00 DEBUG 17956 --- [    Test worker] org.hibernate.type.BasicTypeRegistry     : Adding type registration serializable -> org.hibernate.type.BasicTypeReference@5dae5a70
2024-03-27T10:40:01.828+09:00 DEBUG 17956 --- [    Test worker] org.hibernate.type.BasicTypeRegistry     : Adding type registration java.io.Serializable -> org.hibernate.type.BasicTypeReference@5dae5a70
2024-03-27T10:40:01.829+09:00 DEBUG 17956 --- [    Test worker] org.hibernate.type.BasicTypeRegistry     : Adding type registration timezone -> org.hibernate.type.BasicTypeReference@7686f701
2024-03-27T10:40:01.829+09:00 DEBUG 17956 --- [    Test worker] org.hibernate.type.BasicTypeRegistry     : Adding type registration java.util.TimeZone -> org.hibernate.type.BasicTypeReference@7686f701
2024-03-27T10:40:01.830+09:00 DEBUG 17956 --- [    Test worker] org.hibernate.type.BasicTypeRegistry     : Adding type registration ZoneOffset -> org.hibernate.type.BasicTypeReference@47c96f2c
2024-03-27T10:40:01.830+09:00 DEBUG 17956 --- [    Test worker] org.hibernate.type.BasicTypeRegistry     : Adding type registration java.time.ZoneOffset -> org.hibernate.type.BasicTypeReference@47c96f2c
2024-03-27T10:40:01.831+09:00 DEBUG 17956 --- [    Test worker] org.hibernate.type.BasicTypeRegistry     : Adding type registration url -> org.hibernate.type.BasicTypeReference@210a26b
2024-03-27T10:40:01.831+09:00 DEBUG 17956 --- [    Test worker] org.hibernate.type.BasicTypeRegistry     : Adding type registration java.net.URL -> org.hibernate.type.BasicTypeReference@210a26b
2024-03-27T10:40:01.832+09:00 DEBUG 17956 --- [    Test worker] org.hibernate.type.BasicTypeRegistry     : Adding type registration vector -> org.hibernate.type.BasicTypeReference@2dc21583
2024-03-27T10:40:01.832+09:00 DEBUG 17956 --- [    Test worker] org.hibernate.type.BasicTypeRegistry     : Adding type registration row_version -> org.hibernate.type.BasicTypeReference@6cbdd1c5
2024-03-27T10:40:01.846+09:00 DEBUG 17956 --- [    Test worker] org.hibernate.type.BasicTypeRegistry     : Adding type registration object -> org.hibernate.type.JavaObjectType@8851ec
2024-03-27T10:40:01.846+09:00 DEBUG 17956 --- [    Test worker] org.hibernate.type.BasicTypeRegistry     : Adding type registration java.lang.Object -> org.hibernate.type.JavaObjectType@8851ec
2024-03-27T10:40:01.850+09:00 DEBUG 17956 --- [    Test worker] org.hibernate.type.BasicTypeRegistry     : Adding type registration null -> org.hibernate.type.NullType@7dd3981e
2024-03-27T10:40:01.851+09:00 DEBUG 17956 --- [    Test worker] org.hibernate.type.BasicTypeRegistry     : Adding type registration imm_date -> org.hibernate.type.BasicTypeReference@59313495
2024-03-27T10:40:01.852+09:00 DEBUG 17956 --- [    Test worker] org.hibernate.type.BasicTypeRegistry     : Adding type registration imm_time -> org.hibernate.type.BasicTypeReference@4a04ca74
2024-03-27T10:40:01.852+09:00 DEBUG 17956 --- [    Test worker] org.hibernate.type.BasicTypeRegistry     : Adding type registration imm_timestamp -> org.hibernate.type.BasicTypeReference@455cbf18
2024-03-27T10:40:01.852+09:00 DEBUG 17956 --- [    Test worker] org.hibernate.type.BasicTypeRegistry     : Adding type registration imm_calendar -> org.hibernate.type.BasicTypeReference@24aedcc5
2024-03-27T10:40:01.853+09:00 DEBUG 17956 --- [    Test worker] org.hibernate.type.BasicTypeRegistry     : Adding type registration imm_calendar_date -> org.hibernate.type.BasicTypeReference@74ebd159
2024-03-27T10:40:01.853+09:00 DEBUG 17956 --- [    Test worker] org.hibernate.type.BasicTypeRegistry     : Adding type registration imm_calendar_time -> org.hibernate.type.BasicTypeReference@1850f2da
2024-03-27T10:40:01.853+09:00 DEBUG 17956 --- [    Test worker] org.hibernate.type.BasicTypeRegistry     : Adding type registration imm_binary -> org.hibernate.type.BasicTypeReference@38d42ab7
2024-03-27T10:40:01.854+09:00 DEBUG 17956 --- [    Test worker] org.hibernate.type.BasicTypeRegistry     : Adding type registration imm_serializable -> org.hibernate.type.BasicTypeReference@6ace919c
2024-03-27T10:40:02.199+09:00  INFO 17956 --- [    Test worker] o.s.o.j.p.SpringPersistenceUnitInfo      : No LoadTimeWeaver setup: ignoring JPA class transformer
2024-03-27T10:40:02.269+09:00  INFO 17956 --- [    Test worker] com.zaxxer.hikari.HikariDataSource       : HikariPool-1 - Starting...
2024-03-27T10:40:02.878+09:00  INFO 17956 --- [    Test worker] com.zaxxer.hikari.pool.HikariPool        : HikariPool-1 - Added connection com.mysql.cj.jdbc.ConnectionImpl@5d93ff21
2024-03-27T10:40:02.885+09:00  INFO 17956 --- [    Test worker] com.zaxxer.hikari.HikariDataSource       : HikariPool-1 - Start completed.
2024-03-27T10:40:03.122+09:00 DEBUG 17956 --- [    Test worker] o.h.t.d.sql.spi.DdlTypeRegistry          : addDescriptor(12, org.hibernate.type.descriptor.sql.internal.CapacityDependentDdlType@2e4339c1) replaced previous registration(org.hibernate.type.descriptor.sql.internal.CapacityDependentDdlType@62dc1203)
2024-03-27T10:40:03.122+09:00 DEBUG 17956 --- [    Test worker] o.h.t.d.sql.spi.DdlTypeRegistry          : addDescriptor(-9, org.hibernate.type.descriptor.sql.internal.CapacityDependentDdlType@35d0749) replaced previous registration(org.hibernate.type.descriptor.sql.internal.CapacityDependentDdlType@621a387f)
2024-03-27T10:40:03.123+09:00 DEBUG 17956 --- [    Test worker] o.h.t.d.sql.spi.DdlTypeRegistry          : addDescriptor(-3, org.hibernate.type.descriptor.sql.internal.CapacityDependentDdlType@552088cc) replaced previous registration(org.hibernate.type.descriptor.sql.internal.CapacityDependentDdlType@57eed461)
2024-03-27T10:40:03.124+09:00 DEBUG 17956 --- [    Test worker] o.h.t.d.sql.spi.DdlTypeRegistry          : addDescriptor(4003, org.hibernate.type.descriptor.sql.internal.DdlTypeImpl@3c62f69a) replaced previous registration(org.hibernate.type.descriptor.sql.internal.DdlTypeImpl@f08f8a9)
2024-03-27T10:40:03.124+09:00 DEBUG 17956 --- [    Test worker] o.h.t.d.sql.spi.DdlTypeRegistry          : addDescriptor(4001, org.hibernate.type.descriptor.sql.internal.DdlTypeImpl@5ebf776c) replaced previous registration(org.hibernate.type.descriptor.sql.internal.DdlTypeImpl@7fd3fd06)
2024-03-27T10:40:03.125+09:00 DEBUG 17956 --- [    Test worker] o.h.t.d.sql.spi.DdlTypeRegistry          : addDescriptor(4002, org.hibernate.type.descriptor.sql.internal.DdlTypeImpl@54ae1240) replaced previous registration(org.hibernate.type.descriptor.sql.internal.DdlTypeImpl@1c2b65cc)
2024-03-27T10:40:03.126+09:00 DEBUG 17956 --- [    Test worker] o.h.t.d.sql.spi.DdlTypeRegistry          : addDescriptor(2004, org.hibernate.type.descriptor.sql.internal.CapacityDependentDdlType@390a7532) replaced previous registration(org.hibernate.type.descriptor.sql.internal.DdlTypeImpl@595184d8)
2024-03-27T10:40:03.126+09:00 DEBUG 17956 --- [    Test worker] o.h.t.d.sql.spi.DdlTypeRegistry          : addDescriptor(2005, org.hibernate.type.descriptor.sql.internal.CapacityDependentDdlType@7d49a1a0) replaced previous registration(org.hibernate.type.descriptor.sql.internal.DdlTypeImpl@3a0baec0)
2024-03-27T10:40:03.126+09:00 DEBUG 17956 --- [    Test worker] o.h.t.d.sql.spi.DdlTypeRegistry          : addDescriptor(2011, org.hibernate.type.descriptor.sql.internal.CapacityDependentDdlType@50c2ef56) replaced previous registration(org.hibernate.type.descriptor.sql.internal.DdlTypeImpl@560d6d2)
2024-03-27T10:40:03.131+09:00 DEBUG 17956 --- [    Test worker] o.h.t.d.jdbc.spi.JdbcTypeRegistry        : addDescriptor(NCharTypeDescriptor) replaced previous registration(CharTypeDescriptor)
2024-03-27T10:40:03.131+09:00 DEBUG 17956 --- [    Test worker] o.h.t.d.jdbc.spi.JdbcTypeRegistry        : addDescriptor(NVarcharTypeDescriptor) replaced previous registration(VarcharTypeDescriptor)
2024-03-27T10:40:03.133+09:00 DEBUG 17956 --- [    Test worker] o.h.t.d.jdbc.spi.JdbcTypeRegistry        : addDescriptor(LongNVarcharTypeDescriptor) replaced previous registration(LongVarcharTypeDescriptor)
2024-03-27T10:40:03.138+09:00 DEBUG 17956 --- [    Test worker] o.h.t.d.jdbc.spi.JdbcTypeRegistry        : addDescriptor(NClobTypeDescriptor(DEFAULT)) replaced previous registration(ClobTypeDescriptor(DEFAULT))
2024-03-27T10:40:03.139+09:00 DEBUG 17956 --- [    Test worker] o.h.t.d.jdbc.spi.JdbcTypeRegistry        : addDescriptor(2005, ClobTypeDescriptor(STREAM_BINDING)) replaced previous registration(ClobTypeDescriptor(DEFAULT))
2024-03-27T10:40:03.149+09:00 DEBUG 17956 --- [    Test worker] org.hibernate.type.BasicTypeRegistry     : Adding type registration null -> org.hibernate.type.NullType@795eddda
2024-03-27T10:40:03.150+09:00 DEBUG 17956 --- [    Test worker] org.hibernate.type.BasicTypeRegistry     : Type registration key [null] overrode previous entry : `org.hibernate.type.NullType@7dd3981e`
2024-03-27T10:40:03.162+09:00 DEBUG 17956 --- [    Test worker] org.hibernate.type.BasicTypeRegistry     : Adding type registration org.hibernate.type.DurationType -> basicType@1(java.time.Duration,2)
2024-03-27T10:40:03.163+09:00 DEBUG 17956 --- [    Test worker] org.hibernate.type.BasicTypeRegistry     : Adding type registration Duration -> basicType@1(java.time.Duration,2)
2024-03-27T10:40:03.163+09:00 DEBUG 17956 --- [    Test worker] org.hibernate.type.BasicTypeRegistry     : Adding type registration java.time.Duration -> basicType@1(java.time.Duration,2)
2024-03-27T10:40:03.173+09:00 DEBUG 17956 --- [    Test worker] org.hibernate.type.BasicTypeRegistry     : Adding type registration org.hibernate.type.OffsetDateTimeType -> basicType@2(java.time.OffsetDateTime,3003)
2024-03-27T10:40:03.173+09:00 DEBUG 17956 --- [    Test worker] org.hibernate.type.BasicTypeRegistry     : Adding type registration OffsetDateTime -> basicType@2(java.time.OffsetDateTime,3003)
2024-03-27T10:40:03.173+09:00 DEBUG 17956 --- [    Test worker] org.hibernate.type.BasicTypeRegistry     : Adding type registration java.time.OffsetDateTime -> basicType@2(java.time.OffsetDateTime,3003)
2024-03-27T10:40:03.174+09:00 DEBUG 17956 --- [    Test worker] org.hibernate.type.BasicTypeRegistry     : Adding type registration org.hibernate.type.ZonedDateTimeType -> basicType@3(java.time.ZonedDateTime,3003)
2024-03-27T10:40:03.174+09:00 DEBUG 17956 --- [    Test worker] org.hibernate.type.BasicTypeRegistry     : Adding type registration ZonedDateTime -> basicType@3(java.time.ZonedDateTime,3003)
2024-03-27T10:40:03.175+09:00 DEBUG 17956 --- [    Test worker] org.hibernate.type.BasicTypeRegistry     : Adding type registration java.time.ZonedDateTime -> basicType@3(java.time.ZonedDateTime,3003)
2024-03-27T10:40:03.177+09:00 DEBUG 17956 --- [    Test worker] org.hibernate.type.BasicTypeRegistry     : Adding type registration org.hibernate.type.OffsetTimeType -> basicType@4(java.time.OffsetTime,3007)
2024-03-27T10:40:03.177+09:00 DEBUG 17956 --- [    Test worker] org.hibernate.type.BasicTypeRegistry     : Adding type registration OffsetTime -> basicType@4(java.time.OffsetTime,3007)
2024-03-27T10:40:03.177+09:00 DEBUG 17956 --- [    Test worker] org.hibernate.type.BasicTypeRegistry     : Adding type registration java.time.OffsetTime -> basicType@4(java.time.OffsetTime,3007)
2024-03-27T10:40:03.181+09:00 DEBUG 17956 --- [    Test worker] o.h.type.spi.TypeConfiguration$Scope     : Scoping TypeConfiguration [org.hibernate.type.spi.TypeConfiguration@2e66f1bd] to MetadataBuildingContext [org.hibernate.boot.internal.MetadataBuildingContextRootImpl@47ae6c18]
2024-03-27T10:40:05.387+09:00  INFO 17956 --- [    Test worker] o.h.e.t.j.p.i.JtaPlatformInitiator       : HHH000489: No JTA platform available (set 'hibernate.transaction.jta.platform' to enable JTA platform integration)
2024-03-27T10:40:05.389+09:00 DEBUG 17956 --- [    Test worker] o.h.type.spi.TypeConfiguration$Scope     : Scoping TypeConfiguration [org.hibernate.type.spi.TypeConfiguration@2e66f1bd] to SessionFactoryImplementor [org.hibernate.internal.SessionFactoryImpl@160d68b8]
2024-03-27T10:40:05.596+09:00 TRACE 17956 --- [    Test worker] o.h.type.spi.TypeConfiguration$Scope     : Handling #sessionFactoryCreated from [org.hibernate.internal.SessionFactoryImpl@160d68b8] for TypeConfiguration
2024-03-27T10:40:05.597+09:00  INFO 17956 --- [    Test worker] j.LocalContainerEntityManagerFactoryBean : Initialized JPA EntityManagerFactory for persistence unit 'default'
2024-03-27T10:40:06.587+09:00  INFO 17956 --- [    Test worker] o.s.b.a.w.s.WelcomePageHandlerMapping    : Adding welcome page template: index
2024-03-27T10:40:10.195+09:00  INFO 17956 --- [    Test worker] c.e.portfolio.PortfolioApplicationTests  : Started PortfolioApplicationTests in 13.376 seconds (process running for 16.078)
]]></system-out>
  <system-err><![CDATA[]]></system-err>
</testsuite>
