<?xml version="1.0" encoding="UTF-8"?>
<testsuite name="com.example.portfolio.PortfolioApplicationTests" tests="1" skipped="0" failures="0" errors="0" timestamp="2024-04-04T04:48:49" hostname="DESKTOP-HLEQ68I" time="1.133">
  <properties/>
  <testcase name="contextLoads()" classname="com.example.portfolio.PortfolioApplicationTests" time="1.133"/>
  <system-out><![CDATA[Standard Commons Logging discovery in action with spring-jcl: please remove commons-logging.jar from classpath in order to avoid potential conflicts
13:48:33.195 [Test worker] INFO org.springframework.test.context.support.AnnotationConfigContextLoaderUtils -- Could not detect default configuration classes for test class [com.example.portfolio.PortfolioApplicationTests]: PortfolioApplicationTests does not declare any static, non-private, non-final, nested classes annotated with @Configuration.
13:48:33.447 [Test worker] INFO org.springframework.boot.test.context.SpringBootTestContextBootstrapper -- Found @SpringBootConfiguration com.example.portfolio.PortfolioApplication for test class com.example.portfolio.PortfolioApplicationTests

  .   ____          _            __ _ _
 /\\ / ___'_ __ _ _(_)_ __  __ _ \ \ \ \
( ( )\___ | '_ | '_| | '_ \/ _` | \ \ \ \
 \\/  ___)| |_)| | | | | || (_| |  ) ) ) )
  '  |____| .__|_| |_|_| |_\__, | / / / /
 =========|_|==============|___/=/_/_/_/
 :: Spring Boot ::                (v3.2.2)

2024-04-04T13:48:34.657+09:00  INFO 18896 --- [    Test worker] c.e.portfolio.PortfolioApplicationTests  : Starting PortfolioApplicationTests using Java 17.0.10 with PID 18896 (started by sola2 in C:\Users\sola2\OneDrive\바탕 화면\portfolio2\portfolio_back)
2024-04-04T13:48:34.660+09:00  INFO 18896 --- [    Test worker] c.e.portfolio.PortfolioApplicationTests  : The following 1 profile is active: "secret"
2024-04-04T13:48:37.114+09:00  INFO 18896 --- [    Test worker] .s.d.r.c.RepositoryConfigurationDelegate : Multiple Spring Data modules found, entering strict repository configuration mode
2024-04-04T13:48:37.118+09:00  INFO 18896 --- [    Test worker] .s.d.r.c.RepositoryConfigurationDelegate : Bootstrapping Spring Data JPA repositories in DEFAULT mode.
2024-04-04T13:48:37.182+09:00  INFO 18896 --- [    Test worker] .s.d.r.c.RepositoryConfigurationDelegate : Finished Spring Data repository scanning in 47 ms. Found 0 JPA repository interfaces.
2024-04-04T13:48:37.221+09:00  INFO 18896 --- [    Test worker] .s.d.r.c.RepositoryConfigurationDelegate : Multiple Spring Data modules found, entering strict repository configuration mode
2024-04-04T13:48:37.225+09:00  INFO 18896 --- [    Test worker] .s.d.r.c.RepositoryConfigurationDelegate : Bootstrapping Spring Data Redis repositories in DEFAULT mode.
2024-04-04T13:48:37.276+09:00  INFO 18896 --- [    Test worker] .s.d.r.c.RepositoryConfigurationDelegate : Finished Spring Data repository scanning in 33 ms. Found 0 Redis repository interfaces.
2024-04-04T13:48:38.760+09:00  INFO 18896 --- [    Test worker] o.hibernate.jpa.internal.util.LogHelper  : HHH000204: Processing PersistenceUnitInfo [name: default]
2024-04-04T13:48:38.920+09:00  INFO 18896 --- [    Test worker] org.hibernate.Version                    : HHH000412: Hibernate ORM core version 6.4.1.Final
2024-04-04T13:48:39.017+09:00  INFO 18896 --- [    Test worker] o.h.c.internal.RegionFactoryInitiator    : HHH000026: Second-level cache disabled
2024-04-04T13:48:39.217+09:00 DEBUG 18896 --- [    Test worker] org.hibernate.type.BasicTypeRegistry     : Adding type registration boolean -> org.hibernate.type.BasicTypeReference@14590fe2
2024-04-04T13:48:39.217+09:00 DEBUG 18896 --- [    Test worker] org.hibernate.type.BasicTypeRegistry     : Adding type registration boolean -> org.hibernate.type.BasicTypeReference@14590fe2
2024-04-04T13:48:39.217+09:00 DEBUG 18896 --- [    Test worker] org.hibernate.type.BasicTypeRegistry     : Adding type registration java.lang.Boolean -> org.hibernate.type.BasicTypeReference@14590fe2
2024-04-04T13:48:39.218+09:00 DEBUG 18896 --- [    Test worker] org.hibernate.type.BasicTypeRegistry     : Adding type registration numeric_boolean -> org.hibernate.type.BasicTypeReference@5922cff3
2024-04-04T13:48:39.218+09:00 DEBUG 18896 --- [    Test worker] org.hibernate.type.BasicTypeRegistry     : Adding type registration org.hibernate.type.NumericBooleanConverter -> org.hibernate.type.BasicTypeReference@5922cff3
2024-04-04T13:48:39.218+09:00 DEBUG 18896 --- [    Test worker] org.hibernate.type.BasicTypeRegistry     : Adding type registration true_false -> org.hibernate.type.BasicTypeReference@2299d903
2024-04-04T13:48:39.218+09:00 DEBUG 18896 --- [    Test worker] org.hibernate.type.BasicTypeRegistry     : Adding type registration org.hibernate.type.TrueFalseConverter -> org.hibernate.type.BasicTypeReference@2299d903
2024-04-04T13:48:39.219+09:00 DEBUG 18896 --- [    Test worker] org.hibernate.type.BasicTypeRegistry     : Adding type registration yes_no -> org.hibernate.type.BasicTypeReference@70c56434
2024-04-04T13:48:39.219+09:00 DEBUG 18896 --- [    Test worker] org.hibernate.type.BasicTypeRegistry     : Adding type registration org.hibernate.type.YesNoConverter -> org.hibernate.type.BasicTypeReference@70c56434
2024-04-04T13:48:39.219+09:00 DEBUG 18896 --- [    Test worker] org.hibernate.type.BasicTypeRegistry     : Adding type registration byte -> org.hibernate.type.BasicTypeReference@2c3f43d1
2024-04-04T13:48:39.220+09:00 DEBUG 18896 --- [    Test worker] org.hibernate.type.BasicTypeRegistry     : Adding type registration byte -> org.hibernate.type.BasicTypeReference@2c3f43d1
2024-04-04T13:48:39.220+09:00 DEBUG 18896 --- [    Test worker] org.hibernate.type.BasicTypeRegistry     : Adding type registration java.lang.Byte -> org.hibernate.type.BasicTypeReference@2c3f43d1
2024-04-04T13:48:39.221+09:00 DEBUG 18896 --- [    Test worker] org.hibernate.type.BasicTypeRegistry     : Adding type registration binary -> org.hibernate.type.BasicTypeReference@632d4cf2
2024-04-04T13:48:39.222+09:00 DEBUG 18896 --- [    Test worker] org.hibernate.type.BasicTypeRegistry     : Adding type registration byte[] -> org.hibernate.type.BasicTypeReference@632d4cf2
2024-04-04T13:48:39.223+09:00 DEBUG 18896 --- [    Test worker] org.hibernate.type.BasicTypeRegistry     : Adding type registration [B -> org.hibernate.type.BasicTypeReference@632d4cf2
2024-04-04T13:48:39.223+09:00 DEBUG 18896 --- [    Test worker] org.hibernate.type.BasicTypeRegistry     : Adding type registration binary_wrapper -> org.hibernate.type.BasicTypeReference@2d801d8
2024-04-04T13:48:39.224+09:00 DEBUG 18896 --- [    Test worker] org.hibernate.type.BasicTypeRegistry     : Adding type registration wrapper-binary -> org.hibernate.type.BasicTypeReference@2d801d8
2024-04-04T13:48:39.224+09:00 DEBUG 18896 --- [    Test worker] org.hibernate.type.BasicTypeRegistry     : Adding type registration image -> org.hibernate.type.BasicTypeReference@b9b97ad
2024-04-04T13:48:39.224+09:00 DEBUG 18896 --- [    Test worker] org.hibernate.type.BasicTypeRegistry     : Adding type registration blob -> org.hibernate.type.BasicTypeReference@2807cf3
2024-04-04T13:48:39.225+09:00 DEBUG 18896 --- [    Test worker] org.hibernate.type.BasicTypeRegistry     : Adding type registration java.sql.Blob -> org.hibernate.type.BasicTypeReference@2807cf3
2024-04-04T13:48:39.225+09:00 DEBUG 18896 --- [    Test worker] org.hibernate.type.BasicTypeRegistry     : Adding type registration materialized_blob -> org.hibernate.type.BasicTypeReference@298e002d
2024-04-04T13:48:39.226+09:00 DEBUG 18896 --- [    Test worker] org.hibernate.type.BasicTypeRegistry     : Adding type registration materialized_blob_wrapper -> org.hibernate.type.BasicTypeReference@6b9a1205
2024-04-04T13:48:39.226+09:00 DEBUG 18896 --- [    Test worker] org.hibernate.type.BasicTypeRegistry     : Adding type registration short -> org.hibernate.type.BasicTypeReference@3c6bd624
2024-04-04T13:48:39.227+09:00 DEBUG 18896 --- [    Test worker] org.hibernate.type.BasicTypeRegistry     : Adding type registration short -> org.hibernate.type.BasicTypeReference@3c6bd624
2024-04-04T13:48:39.227+09:00 DEBUG 18896 --- [    Test worker] org.hibernate.type.BasicTypeRegistry     : Adding type registration java.lang.Short -> org.hibernate.type.BasicTypeReference@3c6bd624
2024-04-04T13:48:39.228+09:00 DEBUG 18896 --- [    Test worker] org.hibernate.type.BasicTypeRegistry     : Adding type registration integer -> org.hibernate.type.BasicTypeReference@3d8d52be
2024-04-04T13:48:39.228+09:00 DEBUG 18896 --- [    Test worker] org.hibernate.type.BasicTypeRegistry     : Adding type registration int -> org.hibernate.type.BasicTypeReference@3d8d52be
2024-04-04T13:48:39.228+09:00 DEBUG 18896 --- [    Test worker] org.hibernate.type.BasicTypeRegistry     : Adding type registration java.lang.Integer -> org.hibernate.type.BasicTypeReference@3d8d52be
2024-04-04T13:48:39.229+09:00 DEBUG 18896 --- [    Test worker] org.hibernate.type.BasicTypeRegistry     : Adding type registration long -> org.hibernate.type.BasicTypeReference@645ba24a
2024-04-04T13:48:39.229+09:00 DEBUG 18896 --- [    Test worker] org.hibernate.type.BasicTypeRegistry     : Adding type registration long -> org.hibernate.type.BasicTypeReference@645ba24a
2024-04-04T13:48:39.230+09:00 DEBUG 18896 --- [    Test worker] org.hibernate.type.BasicTypeRegistry     : Adding type registration java.lang.Long -> org.hibernate.type.BasicTypeReference@645ba24a
2024-04-04T13:48:39.230+09:00 DEBUG 18896 --- [    Test worker] org.hibernate.type.BasicTypeRegistry     : Adding type registration float -> org.hibernate.type.BasicTypeReference@5f6a8efe
2024-04-04T13:48:39.230+09:00 DEBUG 18896 --- [    Test worker] org.hibernate.type.BasicTypeRegistry     : Adding type registration float -> org.hibernate.type.BasicTypeReference@5f6a8efe
2024-04-04T13:48:39.231+09:00 DEBUG 18896 --- [    Test worker] org.hibernate.type.BasicTypeRegistry     : Adding type registration java.lang.Float -> org.hibernate.type.BasicTypeReference@5f6a8efe
2024-04-04T13:48:39.231+09:00 DEBUG 18896 --- [    Test worker] org.hibernate.type.BasicTypeRegistry     : Adding type registration double -> org.hibernate.type.BasicTypeReference@3dd2b9c1
2024-04-04T13:48:39.231+09:00 DEBUG 18896 --- [    Test worker] org.hibernate.type.BasicTypeRegistry     : Adding type registration double -> org.hibernate.type.BasicTypeReference@3dd2b9c1
2024-04-04T13:48:39.232+09:00 DEBUG 18896 --- [    Test worker] org.hibernate.type.BasicTypeRegistry     : Adding type registration java.lang.Double -> org.hibernate.type.BasicTypeReference@3dd2b9c1
2024-04-04T13:48:39.232+09:00 DEBUG 18896 --- [    Test worker] org.hibernate.type.BasicTypeRegistry     : Adding type registration big_integer -> org.hibernate.type.BasicTypeReference@6a1d1467
2024-04-04T13:48:39.232+09:00 DEBUG 18896 --- [    Test worker] org.hibernate.type.BasicTypeRegistry     : Adding type registration java.math.BigInteger -> org.hibernate.type.BasicTypeReference@6a1d1467
2024-04-04T13:48:39.233+09:00 DEBUG 18896 --- [    Test worker] org.hibernate.type.BasicTypeRegistry     : Adding type registration big_decimal -> org.hibernate.type.BasicTypeReference@536da29c
2024-04-04T13:48:39.233+09:00 DEBUG 18896 --- [    Test worker] org.hibernate.type.BasicTypeRegistry     : Adding type registration java.math.BigDecimal -> org.hibernate.type.BasicTypeReference@536da29c
2024-04-04T13:48:39.234+09:00 DEBUG 18896 --- [    Test worker] org.hibernate.type.BasicTypeRegistry     : Adding type registration character -> org.hibernate.type.BasicTypeReference@58fbcb71
2024-04-04T13:48:39.234+09:00 DEBUG 18896 --- [    Test worker] org.hibernate.type.BasicTypeRegistry     : Adding type registration char -> org.hibernate.type.BasicTypeReference@58fbcb71
2024-04-04T13:48:39.234+09:00 DEBUG 18896 --- [    Test worker] org.hibernate.type.BasicTypeRegistry     : Adding type registration java.lang.Character -> org.hibernate.type.BasicTypeReference@58fbcb71
2024-04-04T13:48:39.235+09:00 DEBUG 18896 --- [    Test worker] org.hibernate.type.BasicTypeRegistry     : Adding type registration character_nchar -> org.hibernate.type.BasicTypeReference@70cf7d1e
2024-04-04T13:48:39.235+09:00 DEBUG 18896 --- [    Test worker] org.hibernate.type.BasicTypeRegistry     : Adding type registration string -> org.hibernate.type.BasicTypeReference@72f3f14c
2024-04-04T13:48:39.235+09:00 DEBUG 18896 --- [    Test worker] org.hibernate.type.BasicTypeRegistry     : Adding type registration java.lang.String -> org.hibernate.type.BasicTypeReference@72f3f14c
2024-04-04T13:48:39.236+09:00 DEBUG 18896 --- [    Test worker] org.hibernate.type.BasicTypeRegistry     : Adding type registration nstring -> org.hibernate.type.BasicTypeReference@4cb4c4cc
2024-04-04T13:48:39.236+09:00 DEBUG 18896 --- [    Test worker] org.hibernate.type.BasicTypeRegistry     : Adding type registration characters -> org.hibernate.type.BasicTypeReference@4a122e68
2024-04-04T13:48:39.236+09:00 DEBUG 18896 --- [    Test worker] org.hibernate.type.BasicTypeRegistry     : Adding type registration char[] -> org.hibernate.type.BasicTypeReference@4a122e68
2024-04-04T13:48:39.237+09:00 DEBUG 18896 --- [    Test worker] org.hibernate.type.BasicTypeRegistry     : Adding type registration [C -> org.hibernate.type.BasicTypeReference@4a122e68
2024-04-04T13:48:39.237+09:00 DEBUG 18896 --- [    Test worker] org.hibernate.type.BasicTypeRegistry     : Adding type registration wrapper-characters -> org.hibernate.type.BasicTypeReference@41be8db9
2024-04-04T13:48:39.238+09:00 DEBUG 18896 --- [    Test worker] org.hibernate.type.BasicTypeRegistry     : Adding type registration text -> org.hibernate.type.BasicTypeReference@2c2a7d53
2024-04-04T13:48:39.238+09:00 DEBUG 18896 --- [    Test worker] org.hibernate.type.BasicTypeRegistry     : Adding type registration ntext -> org.hibernate.type.BasicTypeReference@46524ebe
2024-04-04T13:48:39.238+09:00 DEBUG 18896 --- [    Test worker] org.hibernate.type.BasicTypeRegistry     : Adding type registration clob -> org.hibernate.type.BasicTypeReference@1de85972
2024-04-04T13:48:39.238+09:00 DEBUG 18896 --- [    Test worker] org.hibernate.type.BasicTypeRegistry     : Adding type registration java.sql.Clob -> org.hibernate.type.BasicTypeReference@1de85972
2024-04-04T13:48:39.239+09:00 DEBUG 18896 --- [    Test worker] org.hibernate.type.BasicTypeRegistry     : Adding type registration nclob -> org.hibernate.type.BasicTypeReference@280ecc33
2024-04-04T13:48:39.239+09:00 DEBUG 18896 --- [    Test worker] org.hibernate.type.BasicTypeRegistry     : Adding type registration java.sql.NClob -> org.hibernate.type.BasicTypeReference@280ecc33
2024-04-04T13:48:39.240+09:00 DEBUG 18896 --- [    Test worker] org.hibernate.type.BasicTypeRegistry     : Adding type registration materialized_clob -> org.hibernate.type.BasicTypeReference@57b1ec84
2024-04-04T13:48:39.240+09:00 DEBUG 18896 --- [    Test worker] org.hibernate.type.BasicTypeRegistry     : Adding type registration materialized_clob_char_array -> org.hibernate.type.BasicTypeReference@3c27f72
2024-04-04T13:48:39.240+09:00 DEBUG 18896 --- [    Test worker] org.hibernate.type.BasicTypeRegistry     : Adding type registration materialized_clob_character_array -> org.hibernate.type.BasicTypeReference@5cbe95b1
2024-04-04T13:48:39.241+09:00 DEBUG 18896 --- [    Test worker] org.hibernate.type.BasicTypeRegistry     : Adding type registration materialized_nclob -> org.hibernate.type.BasicTypeReference@28fa541
2024-04-04T13:48:39.241+09:00 DEBUG 18896 --- [    Test worker] org.hibernate.type.BasicTypeRegistry     : Adding type registration materialized_nclob_character_array -> org.hibernate.type.BasicTypeReference@5a82bc58
2024-04-04T13:48:39.241+09:00 DEBUG 18896 --- [    Test worker] org.hibernate.type.BasicTypeRegistry     : Adding type registration materialized_nclob_char_array -> org.hibernate.type.BasicTypeReference@4aab7195
2024-04-04T13:48:39.242+09:00 DEBUG 18896 --- [    Test worker] org.hibernate.type.BasicTypeRegistry     : Adding type registration Duration -> org.hibernate.type.BasicTypeReference@6210666c
2024-04-04T13:48:39.242+09:00 DEBUG 18896 --- [    Test worker] org.hibernate.type.BasicTypeRegistry     : Adding type registration java.time.Duration -> org.hibernate.type.BasicTypeReference@6210666c
2024-04-04T13:48:39.242+09:00 DEBUG 18896 --- [    Test worker] org.hibernate.type.BasicTypeRegistry     : Adding type registration LocalDateTime -> org.hibernate.type.BasicTypeReference@1dca62c2
2024-04-04T13:48:39.243+09:00 DEBUG 18896 --- [    Test worker] org.hibernate.type.BasicTypeRegistry     : Adding type registration java.time.LocalDateTime -> org.hibernate.type.BasicTypeReference@1dca62c2
2024-04-04T13:48:39.243+09:00 DEBUG 18896 --- [    Test worker] org.hibernate.type.BasicTypeRegistry     : Adding type registration LocalDate -> org.hibernate.type.BasicTypeReference@52657d5f
2024-04-04T13:48:39.243+09:00 DEBUG 18896 --- [    Test worker] org.hibernate.type.BasicTypeRegistry     : Adding type registration java.time.LocalDate -> org.hibernate.type.BasicTypeReference@52657d5f
2024-04-04T13:48:39.244+09:00 DEBUG 18896 --- [    Test worker] org.hibernate.type.BasicTypeRegistry     : Adding type registration LocalTime -> org.hibernate.type.BasicTypeReference@43d3995f
2024-04-04T13:48:39.244+09:00 DEBUG 18896 --- [    Test worker] org.hibernate.type.BasicTypeRegistry     : Adding type registration java.time.LocalTime -> org.hibernate.type.BasicTypeReference@43d3995f
2024-04-04T13:48:39.244+09:00 DEBUG 18896 --- [    Test worker] org.hibernate.type.BasicTypeRegistry     : Adding type registration OffsetDateTime -> org.hibernate.type.BasicTypeReference@2211b44f
2024-04-04T13:48:39.245+09:00 DEBUG 18896 --- [    Test worker] org.hibernate.type.BasicTypeRegistry     : Adding type registration java.time.OffsetDateTime -> org.hibernate.type.BasicTypeReference@2211b44f
2024-04-04T13:48:39.245+09:00 DEBUG 18896 --- [    Test worker] org.hibernate.type.BasicTypeRegistry     : Adding type registration OffsetDateTimeWithTimezone -> org.hibernate.type.BasicTypeReference@6c830ebd
2024-04-04T13:48:39.245+09:00 DEBUG 18896 --- [    Test worker] org.hibernate.type.BasicTypeRegistry     : Adding type registration OffsetDateTimeWithoutTimezone -> org.hibernate.type.BasicTypeReference@15f519f7
2024-04-04T13:48:39.246+09:00 DEBUG 18896 --- [    Test worker] org.hibernate.type.BasicTypeRegistry     : Adding type registration OffsetTime -> org.hibernate.type.BasicTypeReference@4a336377
2024-04-04T13:48:39.246+09:00 DEBUG 18896 --- [    Test worker] org.hibernate.type.BasicTypeRegistry     : Adding type registration java.time.OffsetTime -> org.hibernate.type.BasicTypeReference@4a336377
2024-04-04T13:48:39.247+09:00 DEBUG 18896 --- [    Test worker] org.hibernate.type.BasicTypeRegistry     : Adding type registration OffsetTimeUtc -> org.hibernate.type.BasicTypeReference@65af05b2
2024-04-04T13:48:39.247+09:00 DEBUG 18896 --- [    Test worker] org.hibernate.type.BasicTypeRegistry     : Adding type registration OffsetTimeWithTimezone -> org.hibernate.type.BasicTypeReference@11ad095c
2024-04-04T13:48:39.247+09:00 DEBUG 18896 --- [    Test worker] org.hibernate.type.BasicTypeRegistry     : Adding type registration OffsetTimeWithoutTimezone -> org.hibernate.type.BasicTypeReference@2c2a903f
2024-04-04T13:48:39.248+09:00 DEBUG 18896 --- [    Test worker] org.hibernate.type.BasicTypeRegistry     : Adding type registration ZonedDateTime -> org.hibernate.type.BasicTypeReference@7d537616
2024-04-04T13:48:39.248+09:00 DEBUG 18896 --- [    Test worker] org.hibernate.type.BasicTypeRegistry     : Adding type registration java.time.ZonedDateTime -> org.hibernate.type.BasicTypeReference@7d537616
2024-04-04T13:48:39.248+09:00 DEBUG 18896 --- [    Test worker] org.hibernate.type.BasicTypeRegistry     : Adding type registration ZonedDateTimeWithTimezone -> org.hibernate.type.BasicTypeReference@604c7e9b
2024-04-04T13:48:39.248+09:00 DEBUG 18896 --- [    Test worker] org.hibernate.type.BasicTypeRegistry     : Adding type registration ZonedDateTimeWithoutTimezone -> org.hibernate.type.BasicTypeReference@19d27c27
2024-04-04T13:48:39.249+09:00 DEBUG 18896 --- [    Test worker] org.hibernate.type.BasicTypeRegistry     : Adding type registration date -> org.hibernate.type.BasicTypeReference@6181bc4a
2024-04-04T13:48:39.249+09:00 DEBUG 18896 --- [    Test worker] org.hibernate.type.BasicTypeRegistry     : Adding type registration java.sql.Date -> org.hibernate.type.BasicTypeReference@6181bc4a
2024-04-04T13:48:39.249+09:00 DEBUG 18896 --- [    Test worker] org.hibernate.type.BasicTypeRegistry     : Adding type registration time -> org.hibernate.type.BasicTypeReference@70485aa
2024-04-04T13:48:39.249+09:00 DEBUG 18896 --- [    Test worker] org.hibernate.type.BasicTypeRegistry     : Adding type registration java.sql.Time -> org.hibernate.type.BasicTypeReference@70485aa
2024-04-04T13:48:39.250+09:00 DEBUG 18896 --- [    Test worker] org.hibernate.type.BasicTypeRegistry     : Adding type registration timestamp -> org.hibernate.type.BasicTypeReference@4bf8b77
2024-04-04T13:48:39.250+09:00 DEBUG 18896 --- [    Test worker] org.hibernate.type.BasicTypeRegistry     : Adding type registration java.sql.Timestamp -> org.hibernate.type.BasicTypeReference@4bf8b77
2024-04-04T13:48:39.250+09:00 DEBUG 18896 --- [    Test worker] org.hibernate.type.BasicTypeRegistry     : Adding type registration java.util.Date -> org.hibernate.type.BasicTypeReference@4bf8b77
2024-04-04T13:48:39.251+09:00 DEBUG 18896 --- [    Test worker] org.hibernate.type.BasicTypeRegistry     : Adding type registration calendar -> org.hibernate.type.BasicTypeReference@e06ec83
2024-04-04T13:48:39.251+09:00 DEBUG 18896 --- [    Test worker] org.hibernate.type.BasicTypeRegistry     : Adding type registration java.util.Calendar -> org.hibernate.type.BasicTypeReference@e06ec83
2024-04-04T13:48:39.252+09:00 DEBUG 18896 --- [    Test worker] org.hibernate.type.BasicTypeRegistry     : Adding type registration java.util.GregorianCalendar -> org.hibernate.type.BasicTypeReference@e06ec83
2024-04-04T13:48:39.252+09:00 DEBUG 18896 --- [    Test worker] org.hibernate.type.BasicTypeRegistry     : Adding type registration calendar_date -> org.hibernate.type.BasicTypeReference@628962e5
2024-04-04T13:48:39.252+09:00 DEBUG 18896 --- [    Test worker] org.hibernate.type.BasicTypeRegistry     : Adding type registration calendar_time -> org.hibernate.type.BasicTypeReference@410382cb
2024-04-04T13:48:39.252+09:00 DEBUG 18896 --- [    Test worker] org.hibernate.type.BasicTypeRegistry     : Adding type registration instant -> org.hibernate.type.BasicTypeReference@399f5daf
2024-04-04T13:48:39.253+09:00 DEBUG 18896 --- [    Test worker] org.hibernate.type.BasicTypeRegistry     : Adding type registration java.time.Instant -> org.hibernate.type.BasicTypeReference@399f5daf
2024-04-04T13:48:39.253+09:00 DEBUG 18896 --- [    Test worker] org.hibernate.type.BasicTypeRegistry     : Adding type registration uuid -> org.hibernate.type.BasicTypeReference@c4cceb
2024-04-04T13:48:39.254+09:00 DEBUG 18896 --- [    Test worker] org.hibernate.type.BasicTypeRegistry     : Adding type registration java.util.UUID -> org.hibernate.type.BasicTypeReference@c4cceb
2024-04-04T13:48:39.254+09:00 DEBUG 18896 --- [    Test worker] org.hibernate.type.BasicTypeRegistry     : Adding type registration pg-uuid -> org.hibernate.type.BasicTypeReference@c4cceb
2024-04-04T13:48:39.254+09:00 DEBUG 18896 --- [    Test worker] org.hibernate.type.BasicTypeRegistry     : Adding type registration uuid-binary -> org.hibernate.type.BasicTypeReference@29f3185c
2024-04-04T13:48:39.255+09:00 DEBUG 18896 --- [    Test worker] org.hibernate.type.BasicTypeRegistry     : Adding type registration uuid-char -> org.hibernate.type.BasicTypeReference@74bbc273
2024-04-04T13:48:39.255+09:00 DEBUG 18896 --- [    Test worker] org.hibernate.type.BasicTypeRegistry     : Adding type registration class -> org.hibernate.type.BasicTypeReference@370a8b6e
2024-04-04T13:48:39.256+09:00 DEBUG 18896 --- [    Test worker] org.hibernate.type.BasicTypeRegistry     : Adding type registration java.lang.Class -> org.hibernate.type.BasicTypeReference@370a8b6e
2024-04-04T13:48:39.256+09:00 DEBUG 18896 --- [    Test worker] org.hibernate.type.BasicTypeRegistry     : Adding type registration currency -> org.hibernate.type.BasicTypeReference@118fbaf0
2024-04-04T13:48:39.257+09:00 DEBUG 18896 --- [    Test worker] org.hibernate.type.BasicTypeRegistry     : Adding type registration Currency -> org.hibernate.type.BasicTypeReference@118fbaf0
2024-04-04T13:48:39.258+09:00 DEBUG 18896 --- [    Test worker] org.hibernate.type.BasicTypeRegistry     : Adding type registration java.util.Currency -> org.hibernate.type.BasicTypeReference@118fbaf0
2024-04-04T13:48:39.259+09:00 DEBUG 18896 --- [    Test worker] org.hibernate.type.BasicTypeRegistry     : Adding type registration locale -> org.hibernate.type.BasicTypeReference@208f7165
2024-04-04T13:48:39.259+09:00 DEBUG 18896 --- [    Test worker] org.hibernate.type.BasicTypeRegistry     : Adding type registration java.util.Locale -> org.hibernate.type.BasicTypeReference@208f7165
2024-04-04T13:48:39.260+09:00 DEBUG 18896 --- [    Test worker] org.hibernate.type.BasicTypeRegistry     : Adding type registration serializable -> org.hibernate.type.BasicTypeReference@a0d875d
2024-04-04T13:48:39.260+09:00 DEBUG 18896 --- [    Test worker] org.hibernate.type.BasicTypeRegistry     : Adding type registration java.io.Serializable -> org.hibernate.type.BasicTypeReference@a0d875d
2024-04-04T13:48:39.260+09:00 DEBUG 18896 --- [    Test worker] org.hibernate.type.BasicTypeRegistry     : Adding type registration timezone -> org.hibernate.type.BasicTypeReference@693f2c89
2024-04-04T13:48:39.260+09:00 DEBUG 18896 --- [    Test worker] org.hibernate.type.BasicTypeRegistry     : Adding type registration java.util.TimeZone -> org.hibernate.type.BasicTypeReference@693f2c89
2024-04-04T13:48:39.261+09:00 DEBUG 18896 --- [    Test worker] org.hibernate.type.BasicTypeRegistry     : Adding type registration ZoneOffset -> org.hibernate.type.BasicTypeReference@50b4364
2024-04-04T13:48:39.261+09:00 DEBUG 18896 --- [    Test worker] org.hibernate.type.BasicTypeRegistry     : Adding type registration java.time.ZoneOffset -> org.hibernate.type.BasicTypeReference@50b4364
2024-04-04T13:48:39.262+09:00 DEBUG 18896 --- [    Test worker] org.hibernate.type.BasicTypeRegistry     : Adding type registration url -> org.hibernate.type.BasicTypeReference@5e541ef9
2024-04-04T13:48:39.262+09:00 DEBUG 18896 --- [    Test worker] org.hibernate.type.BasicTypeRegistry     : Adding type registration java.net.URL -> org.hibernate.type.BasicTypeReference@5e541ef9
2024-04-04T13:48:39.262+09:00 DEBUG 18896 --- [    Test worker] org.hibernate.type.BasicTypeRegistry     : Adding type registration vector -> org.hibernate.type.BasicTypeReference@38054d01
2024-04-04T13:48:39.262+09:00 DEBUG 18896 --- [    Test worker] org.hibernate.type.BasicTypeRegistry     : Adding type registration row_version -> org.hibernate.type.BasicTypeReference@28ce75ec
2024-04-04T13:48:39.271+09:00 DEBUG 18896 --- [    Test worker] org.hibernate.type.BasicTypeRegistry     : Adding type registration object -> org.hibernate.type.JavaObjectType@72a3462f
2024-04-04T13:48:39.271+09:00 DEBUG 18896 --- [    Test worker] org.hibernate.type.BasicTypeRegistry     : Adding type registration java.lang.Object -> org.hibernate.type.JavaObjectType@72a3462f
2024-04-04T13:48:39.275+09:00 DEBUG 18896 --- [    Test worker] org.hibernate.type.BasicTypeRegistry     : Adding type registration null -> org.hibernate.type.NullType@48d44b46
2024-04-04T13:48:39.277+09:00 DEBUG 18896 --- [    Test worker] org.hibernate.type.BasicTypeRegistry     : Adding type registration imm_date -> org.hibernate.type.BasicTypeReference@aa0dbca
2024-04-04T13:48:39.277+09:00 DEBUG 18896 --- [    Test worker] org.hibernate.type.BasicTypeRegistry     : Adding type registration imm_time -> org.hibernate.type.BasicTypeReference@794cb26b
2024-04-04T13:48:39.277+09:00 DEBUG 18896 --- [    Test worker] org.hibernate.type.BasicTypeRegistry     : Adding type registration imm_timestamp -> org.hibernate.type.BasicTypeReference@5b7ee56c
2024-04-04T13:48:39.278+09:00 DEBUG 18896 --- [    Test worker] org.hibernate.type.BasicTypeRegistry     : Adding type registration imm_calendar -> org.hibernate.type.BasicTypeReference@311a0b3e
2024-04-04T13:48:39.278+09:00 DEBUG 18896 --- [    Test worker] org.hibernate.type.BasicTypeRegistry     : Adding type registration imm_calendar_date -> org.hibernate.type.BasicTypeReference@3de8f85c
2024-04-04T13:48:39.278+09:00 DEBUG 18896 --- [    Test worker] org.hibernate.type.BasicTypeRegistry     : Adding type registration imm_calendar_time -> org.hibernate.type.BasicTypeReference@21abda60
2024-04-04T13:48:39.278+09:00 DEBUG 18896 --- [    Test worker] org.hibernate.type.BasicTypeRegistry     : Adding type registration imm_binary -> org.hibernate.type.BasicTypeReference@dd20ebc
2024-04-04T13:48:39.279+09:00 DEBUG 18896 --- [    Test worker] org.hibernate.type.BasicTypeRegistry     : Adding type registration imm_serializable -> org.hibernate.type.BasicTypeReference@6c70b7c3
2024-04-04T13:48:39.759+09:00  INFO 18896 --- [    Test worker] o.s.o.j.p.SpringPersistenceUnitInfo      : No LoadTimeWeaver setup: ignoring JPA class transformer
2024-04-04T13:48:39.837+09:00  INFO 18896 --- [    Test worker] com.zaxxer.hikari.HikariDataSource       : HikariPool-1 - Starting...
2024-04-04T13:48:40.599+09:00  INFO 18896 --- [    Test worker] com.zaxxer.hikari.pool.HikariPool        : HikariPool-1 - Added connection com.mysql.cj.jdbc.ConnectionImpl@5ebe903a
2024-04-04T13:48:40.604+09:00  INFO 18896 --- [    Test worker] com.zaxxer.hikari.HikariDataSource       : HikariPool-1 - Start completed.
2024-04-04T13:48:40.864+09:00 DEBUG 18896 --- [    Test worker] o.h.t.d.sql.spi.DdlTypeRegistry          : addDescriptor(12, org.hibernate.type.descriptor.sql.internal.CapacityDependentDdlType@6b278b17) replaced previous registration(org.hibernate.type.descriptor.sql.internal.CapacityDependentDdlType@2ae5580)
2024-04-04T13:48:40.865+09:00 DEBUG 18896 --- [    Test worker] o.h.t.d.sql.spi.DdlTypeRegistry          : addDescriptor(-9, org.hibernate.type.descriptor.sql.internal.CapacityDependentDdlType@4203529f) replaced previous registration(org.hibernate.type.descriptor.sql.internal.CapacityDependentDdlType@7d82ca56)
2024-04-04T13:48:40.866+09:00 DEBUG 18896 --- [    Test worker] o.h.t.d.sql.spi.DdlTypeRegistry          : addDescriptor(-3, org.hibernate.type.descriptor.sql.internal.CapacityDependentDdlType@2aaa89c2) replaced previous registration(org.hibernate.type.descriptor.sql.internal.CapacityDependentDdlType@5a58db42)
2024-04-04T13:48:40.867+09:00 DEBUG 18896 --- [    Test worker] o.h.t.d.sql.spi.DdlTypeRegistry          : addDescriptor(4003, org.hibernate.type.descriptor.sql.internal.DdlTypeImpl@217fd3c) replaced previous registration(org.hibernate.type.descriptor.sql.internal.DdlTypeImpl@69ac5752)
2024-04-04T13:48:40.867+09:00 DEBUG 18896 --- [    Test worker] o.h.t.d.sql.spi.DdlTypeRegistry          : addDescriptor(4001, org.hibernate.type.descriptor.sql.internal.DdlTypeImpl@1736273c) replaced previous registration(org.hibernate.type.descriptor.sql.internal.DdlTypeImpl@ba86c53)
2024-04-04T13:48:40.868+09:00 DEBUG 18896 --- [    Test worker] o.h.t.d.sql.spi.DdlTypeRegistry          : addDescriptor(4002, org.hibernate.type.descriptor.sql.internal.DdlTypeImpl@36eb8e07) replaced previous registration(org.hibernate.type.descriptor.sql.internal.DdlTypeImpl@3df6494f)
2024-04-04T13:48:40.868+09:00 DEBUG 18896 --- [    Test worker] o.h.t.d.sql.spi.DdlTypeRegistry          : addDescriptor(2004, org.hibernate.type.descriptor.sql.internal.CapacityDependentDdlType@1b5f960a) replaced previous registration(org.hibernate.type.descriptor.sql.internal.DdlTypeImpl@53ddabc6)
2024-04-04T13:48:40.868+09:00 DEBUG 18896 --- [    Test worker] o.h.t.d.sql.spi.DdlTypeRegistry          : addDescriptor(2005, org.hibernate.type.descriptor.sql.internal.CapacityDependentDdlType@39ac8c0c) replaced previous registration(org.hibernate.type.descriptor.sql.internal.DdlTypeImpl@361f1647)
2024-04-04T13:48:40.869+09:00 DEBUG 18896 --- [    Test worker] o.h.t.d.sql.spi.DdlTypeRegistry          : addDescriptor(2011, org.hibernate.type.descriptor.sql.internal.CapacityDependentDdlType@51172948) replaced previous registration(org.hibernate.type.descriptor.sql.internal.DdlTypeImpl@6f2a3b37)
2024-04-04T13:48:40.874+09:00 DEBUG 18896 --- [    Test worker] o.h.t.d.jdbc.spi.JdbcTypeRegistry        : addDescriptor(NCharTypeDescriptor) replaced previous registration(CharTypeDescriptor)
2024-04-04T13:48:40.875+09:00 DEBUG 18896 --- [    Test worker] o.h.t.d.jdbc.spi.JdbcTypeRegistry        : addDescriptor(NVarcharTypeDescriptor) replaced previous registration(VarcharTypeDescriptor)
2024-04-04T13:48:40.877+09:00 DEBUG 18896 --- [    Test worker] o.h.t.d.jdbc.spi.JdbcTypeRegistry        : addDescriptor(LongNVarcharTypeDescriptor) replaced previous registration(LongVarcharTypeDescriptor)
2024-04-04T13:48:40.883+09:00 DEBUG 18896 --- [    Test worker] o.h.t.d.jdbc.spi.JdbcTypeRegistry        : addDescriptor(NClobTypeDescriptor(DEFAULT)) replaced previous registration(ClobTypeDescriptor(DEFAULT))
2024-04-04T13:48:40.884+09:00 DEBUG 18896 --- [    Test worker] o.h.t.d.jdbc.spi.JdbcTypeRegistry        : addDescriptor(2005, ClobTypeDescriptor(STREAM_BINDING)) replaced previous registration(ClobTypeDescriptor(DEFAULT))
2024-04-04T13:48:40.894+09:00 DEBUG 18896 --- [    Test worker] org.hibernate.type.BasicTypeRegistry     : Adding type registration null -> org.hibernate.type.NullType@35c00c
2024-04-04T13:48:40.894+09:00 DEBUG 18896 --- [    Test worker] org.hibernate.type.BasicTypeRegistry     : Type registration key [null] overrode previous entry : `org.hibernate.type.NullType@48d44b46`
2024-04-04T13:48:40.906+09:00 DEBUG 18896 --- [    Test worker] org.hibernate.type.BasicTypeRegistry     : Adding type registration org.hibernate.type.DurationType -> basicType@1(java.time.Duration,2)
2024-04-04T13:48:40.906+09:00 DEBUG 18896 --- [    Test worker] org.hibernate.type.BasicTypeRegistry     : Adding type registration Duration -> basicType@1(java.time.Duration,2)
2024-04-04T13:48:40.907+09:00 DEBUG 18896 --- [    Test worker] org.hibernate.type.BasicTypeRegistry     : Adding type registration java.time.Duration -> basicType@1(java.time.Duration,2)
2024-04-04T13:48:40.916+09:00 DEBUG 18896 --- [    Test worker] org.hibernate.type.BasicTypeRegistry     : Adding type registration org.hibernate.type.OffsetDateTimeType -> basicType@2(java.time.OffsetDateTime,3003)
2024-04-04T13:48:40.916+09:00 DEBUG 18896 --- [    Test worker] org.hibernate.type.BasicTypeRegistry     : Adding type registration OffsetDateTime -> basicType@2(java.time.OffsetDateTime,3003)
2024-04-04T13:48:40.916+09:00 DEBUG 18896 --- [    Test worker] org.hibernate.type.BasicTypeRegistry     : Adding type registration java.time.OffsetDateTime -> basicType@2(java.time.OffsetDateTime,3003)
2024-04-04T13:48:40.917+09:00 DEBUG 18896 --- [    Test worker] org.hibernate.type.BasicTypeRegistry     : Adding type registration org.hibernate.type.ZonedDateTimeType -> basicType@3(java.time.ZonedDateTime,3003)
2024-04-04T13:48:40.917+09:00 DEBUG 18896 --- [    Test worker] org.hibernate.type.BasicTypeRegistry     : Adding type registration ZonedDateTime -> basicType@3(java.time.ZonedDateTime,3003)
2024-04-04T13:48:40.917+09:00 DEBUG 18896 --- [    Test worker] org.hibernate.type.BasicTypeRegistry     : Adding type registration java.time.ZonedDateTime -> basicType@3(java.time.ZonedDateTime,3003)
2024-04-04T13:48:40.920+09:00 DEBUG 18896 --- [    Test worker] org.hibernate.type.BasicTypeRegistry     : Adding type registration org.hibernate.type.OffsetTimeType -> basicType@4(java.time.OffsetTime,3007)
2024-04-04T13:48:40.920+09:00 DEBUG 18896 --- [    Test worker] org.hibernate.type.BasicTypeRegistry     : Adding type registration OffsetTime -> basicType@4(java.time.OffsetTime,3007)
2024-04-04T13:48:40.920+09:00 DEBUG 18896 --- [    Test worker] org.hibernate.type.BasicTypeRegistry     : Adding type registration java.time.OffsetTime -> basicType@4(java.time.OffsetTime,3007)
2024-04-04T13:48:40.925+09:00 DEBUG 18896 --- [    Test worker] o.h.type.spi.TypeConfiguration$Scope     : Scoping TypeConfiguration [org.hibernate.type.spi.TypeConfiguration@6e355249] to MetadataBuildingContext [org.hibernate.boot.internal.MetadataBuildingContextRootImpl@652a1a17]
2024-04-04T13:48:43.020+09:00  INFO 18896 --- [    Test worker] o.h.e.t.j.p.i.JtaPlatformInitiator       : HHH000489: No JTA platform available (set 'hibernate.transaction.jta.platform' to enable JTA platform integration)
2024-04-04T13:48:43.021+09:00 DEBUG 18896 --- [    Test worker] o.h.type.spi.TypeConfiguration$Scope     : Scoping TypeConfiguration [org.hibernate.type.spi.TypeConfiguration@6e355249] to SessionFactoryImplementor [org.hibernate.internal.SessionFactoryImpl@7da40bf4]
2024-04-04T13:48:43.210+09:00 TRACE 18896 --- [    Test worker] o.h.type.spi.TypeConfiguration$Scope     : Handling #sessionFactoryCreated from [org.hibernate.internal.SessionFactoryImpl@7da40bf4] for TypeConfiguration
2024-04-04T13:48:43.211+09:00  INFO 18896 --- [    Test worker] j.LocalContainerEntityManagerFactoryBean : Initialized JPA EntityManagerFactory for persistence unit 'default'
2024-04-04T13:48:46.188+09:00  INFO 18896 --- [    Test worker] o.s.b.a.w.s.WelcomePageHandlerMapping    : Adding welcome page template: index
2024-04-04T13:48:49.867+09:00  INFO 18896 --- [    Test worker] c.e.portfolio.PortfolioApplicationTests  : Started PortfolioApplicationTests in 16.046 seconds (process running for 18.606)
]]></system-out>
  <system-err><![CDATA[]]></system-err>
</testsuite>
